Calling target program-options parser
[19:08:01.227] [bmv2] [D] [thread 8746] Set default default entry for table 'MyIngress.ipv4_lpm': MyIngress.drop - 
[19:08:01.227] [bmv2] [D] [thread 8746] Set default default entry for table 'tbl_drop': MyIngress.drop - 
[19:08:01.228] [bmv2] [D] [thread 8746] Set default default entry for table 'tbl_drop_0': MyIngress.drop - 
Adding interface s1-eth1 as port 1
[19:08:01.230] [bmv2] [D] [thread 8746] Adding interface s1-eth1 as port 1
Adding interface s1-eth2 as port 2
[19:08:01.270] [bmv2] [D] [thread 8746] Adding interface s1-eth2 as port 2
Adding interface s1-eth3 as port 3
[19:08:01.322] [bmv2] [D] [thread 8746] Adding interface s1-eth3 as port 3
Adding interface s1-eth4 as port 4
[19:08:01.361] [bmv2] [D] [thread 8746] Adding interface s1-eth4 as port 4
Server listening on 0.0.0.0:50051
[19:08:01.404] [bmv2] [I] [thread 8746] Starting Thrift server on port 9090
[19:08:01.405] [bmv2] [I] [thread 8746] Thrift server was started
[19:08:01.407] [bmv2] [D] [thread 8756] [0.0] [cxt 0] Processing packet received on port 1
[19:08:01.407] [bmv2] [D] [thread 8756] [0.0] [cxt 0] Parser 'parser': start
[19:08:01.407] [bmv2] [D] [thread 8756] [0.0] [cxt 0] Parser 'parser' entering state 'start'
[19:08:01.408] [bmv2] [D] [thread 8756] [0.0] [cxt 0] Extracting header 'ethernet'
[19:08:01.408] [bmv2] [D] [thread 8756] [0.0] [cxt 0] Parser state 'start': key is 86dd
[19:08:01.409] [bmv2] [T] [thread 8756] [0.0] [cxt 0] Bytes parsed: 14
[19:08:01.409] [bmv2] [D] [thread 8756] [0.0] [cxt 0] Parser 'parser' entering state 'parse_ipv6'
[19:08:01.409] [bmv2] [D] [thread 8756] [0.0] [cxt 0] Extracting header 'ipv6'
[19:08:01.409] [bmv2] [D] [thread 8756] [0.0] [cxt 0] Parser state 'parse_ipv6' has no switch, going to default next state
[19:08:01.410] [bmv2] [T] [thread 8756] [0.0] [cxt 0] Bytes parsed: 54
[19:08:01.410] [bmv2] [D] [thread 8756] [0.0] [cxt 0] Parser 'parser': end
[19:08:01.410] [bmv2] [D] [thread 8756] [0.0] [cxt 0] Pipeline 'ingress': start
[19:08:01.411] [bmv2] [T] [thread 8756] [0.0] [cxt 0] basic.p4(133) Condition "hdr.ipv4.isValid()" (node_2) is false
[19:08:01.411] [bmv2] [T] [thread 8756] [0.0] [cxt 0] basic.p4(138) Condition "hdr.ipv6.isValid()" (node_6) is true
[19:08:01.412] [bmv2] [T] [thread 8756] [0.0] [cxt 0] basic.p4(140) Condition "hdr.ipv6.hop_lim == 0" (node_7) is false
[19:08:01.412] [bmv2] [D] [thread 8756] [0.0] [cxt 0] Pipeline 'ingress': end
[19:08:01.412] [bmv2] [D] [thread 8756] [0.0] [cxt 0] Egress port is 0
[19:08:01.413] [bmv2] [D] [thread 8757] [0.0] [cxt 0] Pipeline 'egress': start
[19:08:01.414] [bmv2] [D] [thread 8757] [0.0] [cxt 0] Pipeline 'egress': end
[19:08:01.414] [bmv2] [D] [thread 8757] [0.0] [cxt 0] Deparser 'deparser': start
[19:08:01.414] [bmv2] [T] [thread 8757] [0.0] [cxt 0] Skipping checksum 'cksum' update because condition not met
[19:08:01.415] [bmv2] [D] [thread 8757] [0.0] [cxt 0] Deparsing header 'ethernet'
[19:08:01.415] [bmv2] [D] [thread 8757] [0.0] [cxt 0] Deparser 'deparser': end
[19:08:01.416] [bmv2] [D] [thread 8761] [0.0] [cxt 0] Transmitting packet of size 50 out of port 0
[19:08:01.434] [bmv2] [D] [thread 8756] [1.0] [cxt 0] Processing packet received on port 3
[19:08:01.434] [bmv2] [D] [thread 8756] [1.0] [cxt 0] Parser 'parser': start
[19:08:01.434] [bmv2] [D] [thread 8756] [1.0] [cxt 0] Parser 'parser' entering state 'start'
[19:08:01.435] [bmv2] [D] [thread 8756] [1.0] [cxt 0] Extracting header 'ethernet'
[19:08:01.435] [bmv2] [D] [thread 8756] [1.0] [cxt 0] Parser state 'start': key is 86dd
[19:08:01.435] [bmv2] [T] [thread 8756] [1.0] [cxt 0] Bytes parsed: 14
[19:08:01.435] [bmv2] [D] [thread 8756] [1.0] [cxt 0] Parser 'parser' entering state 'parse_ipv6'
[19:08:01.435] [bmv2] [D] [thread 8756] [1.0] [cxt 0] Extracting header 'ipv6'
[19:08:01.436] [bmv2] [D] [thread 8756] [1.0] [cxt 0] Parser state 'parse_ipv6' has no switch, going to default next state
[19:08:01.436] [bmv2] [T] [thread 8756] [1.0] [cxt 0] Bytes parsed: 54
[19:08:01.436] [bmv2] [D] [thread 8756] [1.0] [cxt 0] Parser 'parser': end
[19:08:01.436] [bmv2] [D] [thread 8756] [1.0] [cxt 0] Pipeline 'ingress': start
[19:08:01.436] [bmv2] [T] [thread 8756] [1.0] [cxt 0] basic.p4(133) Condition "hdr.ipv4.isValid()" (node_2) is false
[19:08:01.437] [bmv2] [T] [thread 8756] [1.0] [cxt 0] basic.p4(138) Condition "hdr.ipv6.isValid()" (node_6) is true
[19:08:01.437] [bmv2] [T] [thread 8756] [1.0] [cxt 0] basic.p4(140) Condition "hdr.ipv6.hop_lim == 0" (node_7) is false
[19:08:01.437] [bmv2] [D] [thread 8756] [1.0] [cxt 0] Pipeline 'ingress': end
[19:08:01.437] [bmv2] [D] [thread 8756] [1.0] [cxt 0] Egress port is 0
[19:08:01.438] [bmv2] [D] [thread 8757] [1.0] [cxt 0] Pipeline 'egress': start
[19:08:01.438] [bmv2] [D] [thread 8757] [1.0] [cxt 0] Pipeline 'egress': end
[19:08:01.438] [bmv2] [D] [thread 8757] [1.0] [cxt 0] Deparser 'deparser': start
[19:08:01.438] [bmv2] [T] [thread 8757] [1.0] [cxt 0] Skipping checksum 'cksum' update because condition not met
[19:08:01.438] [bmv2] [D] [thread 8757] [1.0] [cxt 0] Deparsing header 'ethernet'
[19:08:01.439] [bmv2] [D] [thread 8757] [1.0] [cxt 0] Deparser 'deparser': end
[19:08:01.439] [bmv2] [D] [thread 8761] [1.0] [cxt 0] Transmitting packet of size 46 out of port 0
[19:08:01.532] [bmv2] [D] [thread 8756] [2.0] [cxt 0] Processing packet received on port 2
[19:08:01.533] [bmv2] [D] [thread 8756] [2.0] [cxt 0] Parser 'parser': start
[19:08:01.534] [bmv2] [D] [thread 8756] [2.0] [cxt 0] Parser 'parser' entering state 'start'
[19:08:01.535] [bmv2] [D] [thread 8756] [2.0] [cxt 0] Extracting header 'ethernet'
[19:08:01.535] [bmv2] [D] [thread 8756] [2.0] [cxt 0] Parser state 'start': key is 86dd
[19:08:01.535] [bmv2] [T] [thread 8756] [2.0] [cxt 0] Bytes parsed: 14
[19:08:01.536] [bmv2] [D] [thread 8756] [2.0] [cxt 0] Parser 'parser' entering state 'parse_ipv6'
[19:08:01.536] [bmv2] [D] [thread 8756] [2.0] [cxt 0] Extracting header 'ipv6'
[19:08:01.536] [bmv2] [D] [thread 8756] [2.0] [cxt 0] Parser state 'parse_ipv6' has no switch, going to default next state
[19:08:01.537] [bmv2] [T] [thread 8756] [2.0] [cxt 0] Bytes parsed: 54
[19:08:01.537] [bmv2] [D] [thread 8756] [2.0] [cxt 0] Parser 'parser': end
[19:08:01.538] [bmv2] [D] [thread 8756] [2.0] [cxt 0] Pipeline 'ingress': start
[19:08:01.538] [bmv2] [T] [thread 8756] [2.0] [cxt 0] basic.p4(133) Condition "hdr.ipv4.isValid()" (node_2) is false
[19:08:01.538] [bmv2] [T] [thread 8756] [2.0] [cxt 0] basic.p4(138) Condition "hdr.ipv6.isValid()" (node_6) is true
[19:08:01.538] [bmv2] [T] [thread 8756] [2.0] [cxt 0] basic.p4(140) Condition "hdr.ipv6.hop_lim == 0" (node_7) is false
[19:08:01.539] [bmv2] [D] [thread 8756] [2.0] [cxt 0] Pipeline 'ingress': end
[19:08:01.539] [bmv2] [D] [thread 8756] [2.0] [cxt 0] Egress port is 0
[19:08:01.539] [bmv2] [D] [thread 8757] [2.0] [cxt 0] Pipeline 'egress': start
[19:08:01.539] [bmv2] [D] [thread 8757] [2.0] [cxt 0] Pipeline 'egress': end
[19:08:01.540] [bmv2] [D] [thread 8757] [2.0] [cxt 0] Deparser 'deparser': start
[19:08:01.540] [bmv2] [T] [thread 8757] [2.0] [cxt 0] Skipping checksum 'cksum' update because condition not met
[19:08:01.540] [bmv2] [D] [thread 8757] [2.0] [cxt 0] Deparsing header 'ethernet'
[19:08:01.540] [bmv2] [D] [thread 8757] [2.0] [cxt 0] Deparser 'deparser': end
[19:08:01.539] [bmv2] [D] [thread 8756] [3.0] [cxt 0] Processing packet received on port 3
[19:08:01.541] [bmv2] [D] [thread 8756] [3.0] [cxt 0] Parser 'parser': start
[19:08:01.540] [bmv2] [D] [thread 8761] [2.0] [cxt 0] Transmitting packet of size 50 out of port 0
[19:08:01.541] [bmv2] [D] [thread 8756] [3.0] [cxt 0] Parser 'parser' entering state 'start'
[19:08:01.542] [bmv2] [D] [thread 8756] [3.0] [cxt 0] Extracting header 'ethernet'
[19:08:01.542] [bmv2] [D] [thread 8756] [3.0] [cxt 0] Parser state 'start': key is 86dd
[19:08:01.543] [bmv2] [T] [thread 8756] [3.0] [cxt 0] Bytes parsed: 14
[19:08:01.543] [bmv2] [D] [thread 8756] [3.0] [cxt 0] Parser 'parser' entering state 'parse_ipv6'
[19:08:01.543] [bmv2] [D] [thread 8756] [3.0] [cxt 0] Extracting header 'ipv6'
[19:08:01.543] [bmv2] [D] [thread 8756] [3.0] [cxt 0] Parser state 'parse_ipv6' has no switch, going to default next state
[19:08:01.543] [bmv2] [T] [thread 8756] [3.0] [cxt 0] Bytes parsed: 54
[19:08:01.544] [bmv2] [D] [thread 8756] [3.0] [cxt 0] Parser 'parser': end
[19:08:01.544] [bmv2] [D] [thread 8756] [3.0] [cxt 0] Pipeline 'ingress': start
[19:08:01.544] [bmv2] [T] [thread 8756] [3.0] [cxt 0] basic.p4(133) Condition "hdr.ipv4.isValid()" (node_2) is false
[19:08:01.544] [bmv2] [T] [thread 8756] [3.0] [cxt 0] basic.p4(138) Condition "hdr.ipv6.isValid()" (node_6) is true
[19:08:01.544] [bmv2] [T] [thread 8756] [3.0] [cxt 0] basic.p4(140) Condition "hdr.ipv6.hop_lim == 0" (node_7) is false
[19:08:01.544] [bmv2] [D] [thread 8756] [3.0] [cxt 0] Pipeline 'ingress': end
[19:08:01.544] [bmv2] [D] [thread 8756] [3.0] [cxt 0] Egress port is 0
[19:08:01.545] [bmv2] [D] [thread 8757] [3.0] [cxt 0] Pipeline 'egress': start
[19:08:01.545] [bmv2] [D] [thread 8757] [3.0] [cxt 0] Pipeline 'egress': end
[19:08:01.545] [bmv2] [D] [thread 8757] [3.0] [cxt 0] Deparser 'deparser': start
[19:08:01.545] [bmv2] [T] [thread 8757] [3.0] [cxt 0] Skipping checksum 'cksum' update because condition not met
[19:08:01.545] [bmv2] [D] [thread 8757] [3.0] [cxt 0] Deparsing header 'ethernet'
[19:08:01.545] [bmv2] [D] [thread 8757] [3.0] [cxt 0] Deparser 'deparser': end
[19:08:01.546] [bmv2] [D] [thread 8761] [3.0] [cxt 0] Transmitting packet of size 50 out of port 0
[19:08:01.659] [bmv2] [D] [thread 8756] [4.0] [cxt 0] Processing packet received on port 4
[19:08:01.659] [bmv2] [D] [thread 8756] [4.0] [cxt 0] Parser 'parser': start
[19:08:01.660] [bmv2] [D] [thread 8756] [4.0] [cxt 0] Parser 'parser' entering state 'start'
[19:08:01.660] [bmv2] [D] [thread 8756] [4.0] [cxt 0] Extracting header 'ethernet'
[19:08:01.660] [bmv2] [D] [thread 8756] [4.0] [cxt 0] Parser state 'start': key is 86dd
[19:08:01.661] [bmv2] [T] [thread 8756] [4.0] [cxt 0] Bytes parsed: 14
[19:08:01.661] [bmv2] [D] [thread 8756] [4.0] [cxt 0] Parser 'parser' entering state 'parse_ipv6'
[19:08:01.661] [bmv2] [D] [thread 8756] [4.0] [cxt 0] Extracting header 'ipv6'
[19:08:01.661] [bmv2] [D] [thread 8756] [4.0] [cxt 0] Parser state 'parse_ipv6' has no switch, going to default next state
[19:08:01.662] [bmv2] [T] [thread 8756] [4.0] [cxt 0] Bytes parsed: 54
[19:08:01.662] [bmv2] [D] [thread 8756] [4.0] [cxt 0] Parser 'parser': end
[19:08:01.662] [bmv2] [D] [thread 8756] [4.0] [cxt 0] Pipeline 'ingress': start
[19:08:01.662] [bmv2] [T] [thread 8756] [4.0] [cxt 0] basic.p4(133) Condition "hdr.ipv4.isValid()" (node_2) is false
[19:08:01.662] [bmv2] [T] [thread 8756] [4.0] [cxt 0] basic.p4(138) Condition "hdr.ipv6.isValid()" (node_6) is true
[19:08:01.663] [bmv2] [T] [thread 8756] [4.0] [cxt 0] basic.p4(140) Condition "hdr.ipv6.hop_lim == 0" (node_7) is false
[19:08:01.663] [bmv2] [D] [thread 8756] [4.0] [cxt 0] Pipeline 'ingress': end
[19:08:01.663] [bmv2] [D] [thread 8756] [4.0] [cxt 0] Egress port is 0
[19:08:01.663] [bmv2] [D] [thread 8757] [4.0] [cxt 0] Pipeline 'egress': start
[19:08:01.663] [bmv2] [D] [thread 8757] [4.0] [cxt 0] Pipeline 'egress': end
[19:08:01.663] [bmv2] [D] [thread 8757] [4.0] [cxt 0] Deparser 'deparser': start
[19:08:01.663] [bmv2] [T] [thread 8757] [4.0] [cxt 0] Skipping checksum 'cksum' update because condition not met
[19:08:01.664] [bmv2] [D] [thread 8757] [4.0] [cxt 0] Deparsing header 'ethernet'
[19:08:01.664] [bmv2] [D] [thread 8757] [4.0] [cxt 0] Deparser 'deparser': end
[19:08:01.664] [bmv2] [D] [thread 8761] [4.0] [cxt 0] Transmitting packet of size 50 out of port 0
[19:08:01.695] [bmv2] [D] [thread 8756] [5.0] [cxt 0] Processing packet received on port 1
[19:08:01.696] [bmv2] [D] [thread 8756] [5.0] [cxt 0] Parser 'parser': start
[19:08:01.696] [bmv2] [D] [thread 8756] [5.0] [cxt 0] Parser 'parser' entering state 'start'
[19:08:01.696] [bmv2] [D] [thread 8756] [5.0] [cxt 0] Extracting header 'ethernet'
[19:08:01.696] [bmv2] [D] [thread 8756] [5.0] [cxt 0] Parser state 'start': key is 86dd
[19:08:01.697] [bmv2] [T] [thread 8756] [5.0] [cxt 0] Bytes parsed: 14
[19:08:01.697] [bmv2] [D] [thread 8756] [5.0] [cxt 0] Parser 'parser' entering state 'parse_ipv6'
[19:08:01.697] [bmv2] [D] [thread 8756] [5.0] [cxt 0] Extracting header 'ipv6'
[19:08:01.697] [bmv2] [D] [thread 8756] [5.0] [cxt 0] Parser state 'parse_ipv6' has no switch, going to default next state
[19:08:01.698] [bmv2] [T] [thread 8756] [5.0] [cxt 0] Bytes parsed: 54
[19:08:01.698] [bmv2] [D] [thread 8756] [5.0] [cxt 0] Parser 'parser': end
[19:08:01.698] [bmv2] [D] [thread 8756] [5.0] [cxt 0] Pipeline 'ingress': start
[19:08:01.699] [bmv2] [T] [thread 8756] [5.0] [cxt 0] basic.p4(133) Condition "hdr.ipv4.isValid()" (node_2) is false
[19:08:01.699] [bmv2] [T] [thread 8756] [5.0] [cxt 0] basic.p4(138) Condition "hdr.ipv6.isValid()" (node_6) is true
[19:08:01.700] [bmv2] [T] [thread 8756] [5.0] [cxt 0] basic.p4(140) Condition "hdr.ipv6.hop_lim == 0" (node_7) is false
[19:08:01.700] [bmv2] [D] [thread 8756] [5.0] [cxt 0] Pipeline 'ingress': end
[19:08:01.701] [bmv2] [D] [thread 8756] [5.0] [cxt 0] Egress port is 0
[19:08:01.701] [bmv2] [D] [thread 8757] [5.0] [cxt 0] Pipeline 'egress': start
[19:08:01.702] [bmv2] [D] [thread 8757] [5.0] [cxt 0] Pipeline 'egress': end
[19:08:01.702] [bmv2] [D] [thread 8757] [5.0] [cxt 0] Deparser 'deparser': start
[19:08:01.703] [bmv2] [T] [thread 8757] [5.0] [cxt 0] Skipping checksum 'cksum' update because condition not met
[19:08:01.703] [bmv2] [D] [thread 8757] [5.0] [cxt 0] Deparsing header 'ethernet'
[19:08:01.703] [bmv2] [D] [thread 8757] [5.0] [cxt 0] Deparser 'deparser': end
[19:08:01.701] [bmv2] [D] [thread 8756] [6.0] [cxt 0] Processing packet received on port 1
[19:08:01.704] [bmv2] [D] [thread 8756] [6.0] [cxt 0] Parser 'parser': start
[19:08:01.704] [bmv2] [D] [thread 8756] [6.0] [cxt 0] Parser 'parser' entering state 'start'
[19:08:01.705] [bmv2] [D] [thread 8756] [6.0] [cxt 0] Extracting header 'ethernet'
[19:08:01.704] [bmv2] [D] [thread 8761] [5.0] [cxt 0] Transmitting packet of size 50 out of port 0
[19:08:01.705] [bmv2] [D] [thread 8756] [6.0] [cxt 0] Parser state 'start': key is 86dd
[19:08:01.707] [bmv2] [T] [thread 8756] [6.0] [cxt 0] Bytes parsed: 14
[19:08:01.707] [bmv2] [D] [thread 8756] [6.0] [cxt 0] Parser 'parser' entering state 'parse_ipv6'
[19:08:01.707] [bmv2] [D] [thread 8756] [6.0] [cxt 0] Extracting header 'ipv6'
[19:08:01.707] [bmv2] [D] [thread 8756] [6.0] [cxt 0] Parser state 'parse_ipv6' has no switch, going to default next state
[19:08:01.707] [bmv2] [T] [thread 8756] [6.0] [cxt 0] Bytes parsed: 54
[19:08:01.708] [bmv2] [D] [thread 8756] [6.0] [cxt 0] Parser 'parser': end
[19:08:01.708] [bmv2] [D] [thread 8756] [6.0] [cxt 0] Pipeline 'ingress': start
[19:08:01.708] [bmv2] [T] [thread 8756] [6.0] [cxt 0] basic.p4(133) Condition "hdr.ipv4.isValid()" (node_2) is false
[19:08:01.708] [bmv2] [T] [thread 8756] [6.0] [cxt 0] basic.p4(138) Condition "hdr.ipv6.isValid()" (node_6) is true
[19:08:01.708] [bmv2] [T] [thread 8756] [6.0] [cxt 0] basic.p4(140) Condition "hdr.ipv6.hop_lim == 0" (node_7) is false
[19:08:01.709] [bmv2] [D] [thread 8756] [6.0] [cxt 0] Pipeline 'ingress': end
[19:08:01.709] [bmv2] [D] [thread 8756] [6.0] [cxt 0] Egress port is 0
[19:08:01.709] [bmv2] [D] [thread 8757] [6.0] [cxt 0] Pipeline 'egress': start
[19:08:01.709] [bmv2] [D] [thread 8757] [6.0] [cxt 0] Pipeline 'egress': end
[19:08:01.709] [bmv2] [D] [thread 8757] [6.0] [cxt 0] Deparser 'deparser': start
[19:08:01.710] [bmv2] [T] [thread 8757] [6.0] [cxt 0] Skipping checksum 'cksum' update because condition not met
[19:08:01.710] [bmv2] [D] [thread 8757] [6.0] [cxt 0] Deparsing header 'ethernet'
[19:08:01.710] [bmv2] [D] [thread 8757] [6.0] [cxt 0] Deparser 'deparser': end
[19:08:01.710] [bmv2] [D] [thread 8761] [6.0] [cxt 0] Transmitting packet of size 30 out of port 0
[19:08:01.853] [bmv2] [D] [thread 8756] [7.0] [cxt 0] Processing packet received on port 3
[19:08:01.854] [bmv2] [D] [thread 8756] [7.0] [cxt 0] Parser 'parser': start
[19:08:01.855] [bmv2] [D] [thread 8756] [7.0] [cxt 0] Parser 'parser' entering state 'start'
[19:08:01.855] [bmv2] [D] [thread 8756] [7.0] [cxt 0] Extracting header 'ethernet'
[19:08:01.855] [bmv2] [D] [thread 8756] [7.0] [cxt 0] Parser state 'start': key is 86dd
[19:08:01.856] [bmv2] [T] [thread 8756] [7.0] [cxt 0] Bytes parsed: 14
[19:08:01.857] [bmv2] [D] [thread 8756] [7.0] [cxt 0] Parser 'parser' entering state 'parse_ipv6'
[19:08:01.858] [bmv2] [D] [thread 8756] [7.0] [cxt 0] Extracting header 'ipv6'
[19:08:01.858] [bmv2] [D] [thread 8756] [7.0] [cxt 0] Parser state 'parse_ipv6' has no switch, going to default next state
[19:08:01.858] [bmv2] [T] [thread 8756] [7.0] [cxt 0] Bytes parsed: 54
[19:08:01.859] [bmv2] [D] [thread 8756] [7.0] [cxt 0] Parser 'parser': end
[19:08:01.859] [bmv2] [D] [thread 8756] [7.0] [cxt 0] Pipeline 'ingress': start
[19:08:01.859] [bmv2] [T] [thread 8756] [7.0] [cxt 0] basic.p4(133) Condition "hdr.ipv4.isValid()" (node_2) is false
[19:08:01.859] [bmv2] [T] [thread 8756] [7.0] [cxt 0] basic.p4(138) Condition "hdr.ipv6.isValid()" (node_6) is true
[19:08:01.860] [bmv2] [T] [thread 8756] [7.0] [cxt 0] basic.p4(140) Condition "hdr.ipv6.hop_lim == 0" (node_7) is false
[19:08:01.860] [bmv2] [D] [thread 8756] [7.0] [cxt 0] Pipeline 'ingress': end
[19:08:01.860] [bmv2] [D] [thread 8756] [7.0] [cxt 0] Egress port is 0
[19:08:01.860] [bmv2] [D] [thread 8757] [7.0] [cxt 0] Pipeline 'egress': start
[19:08:01.861] [bmv2] [D] [thread 8757] [7.0] [cxt 0] Pipeline 'egress': end
[19:08:01.861] [bmv2] [D] [thread 8757] [7.0] [cxt 0] Deparser 'deparser': start
[19:08:01.861] [bmv2] [T] [thread 8757] [7.0] [cxt 0] Skipping checksum 'cksum' update because condition not met
[19:08:01.861] [bmv2] [D] [thread 8757] [7.0] [cxt 0] Deparsing header 'ethernet'
[19:08:01.862] [bmv2] [D] [thread 8757] [7.0] [cxt 0] Deparser 'deparser': end
[19:08:01.862] [bmv2] [D] [thread 8761] [7.0] [cxt 0] Transmitting packet of size 50 out of port 0
[19:08:01.861] [bmv2] [D] [thread 8756] [8.0] [cxt 0] Processing packet received on port 3
[19:08:01.862] [bmv2] [D] [thread 8756] [8.0] [cxt 0] Parser 'parser': start
[19:08:01.863] [bmv2] [D] [thread 8756] [8.0] [cxt 0] Parser 'parser' entering state 'start'
[19:08:01.863] [bmv2] [D] [thread 8756] [8.0] [cxt 0] Extracting header 'ethernet'
[19:08:01.864] [bmv2] [D] [thread 8756] [8.0] [cxt 0] Parser state 'start': key is 86dd
[19:08:01.864] [bmv2] [T] [thread 8756] [8.0] [cxt 0] Bytes parsed: 14
[19:08:01.865] [bmv2] [D] [thread 8756] [8.0] [cxt 0] Parser 'parser' entering state 'parse_ipv6'
[19:08:01.865] [bmv2] [D] [thread 8756] [8.0] [cxt 0] Extracting header 'ipv6'
[19:08:01.866] [bmv2] [D] [thread 8756] [8.0] [cxt 0] Parser state 'parse_ipv6' has no switch, going to default next state
[19:08:01.866] [bmv2] [T] [thread 8756] [8.0] [cxt 0] Bytes parsed: 54
[19:08:01.867] [bmv2] [D] [thread 8756] [8.0] [cxt 0] Parser 'parser': end
[19:08:01.867] [bmv2] [D] [thread 8756] [8.0] [cxt 0] Pipeline 'ingress': start
[19:08:01.868] [bmv2] [T] [thread 8756] [8.0] [cxt 0] basic.p4(133) Condition "hdr.ipv4.isValid()" (node_2) is false
[19:08:01.868] [bmv2] [T] [thread 8756] [8.0] [cxt 0] basic.p4(138) Condition "hdr.ipv6.isValid()" (node_6) is true
[19:08:01.869] [bmv2] [T] [thread 8756] [8.0] [cxt 0] basic.p4(140) Condition "hdr.ipv6.hop_lim == 0" (node_7) is false
[19:08:01.869] [bmv2] [D] [thread 8756] [8.0] [cxt 0] Pipeline 'ingress': end
[19:08:01.869] [bmv2] [D] [thread 8756] [8.0] [cxt 0] Egress port is 0
[19:08:01.871] [bmv2] [D] [thread 8757] [8.0] [cxt 0] Pipeline 'egress': start
[19:08:01.871] [bmv2] [D] [thread 8757] [8.0] [cxt 0] Pipeline 'egress': end
[19:08:01.871] [bmv2] [D] [thread 8757] [8.0] [cxt 0] Deparser 'deparser': start
[19:08:01.872] [bmv2] [T] [thread 8757] [8.0] [cxt 0] Skipping checksum 'cksum' update because condition not met
[19:08:01.872] [bmv2] [D] [thread 8757] [8.0] [cxt 0] Deparsing header 'ethernet'
[19:08:01.872] [bmv2] [D] [thread 8757] [8.0] [cxt 0] Deparser 'deparser': end
[19:08:01.873] [bmv2] [D] [thread 8761] [8.0] [cxt 0] Transmitting packet of size 30 out of port 0
[19:08:01.890] [bmv2] [D] [thread 8756] [9.0] [cxt 0] Processing packet received on port 4
[19:08:01.891] [bmv2] [D] [thread 8756] [9.0] [cxt 0] Parser 'parser': start
[19:08:01.891] [bmv2] [D] [thread 8756] [9.0] [cxt 0] Parser 'parser' entering state 'start'
[19:08:01.891] [bmv2] [D] [thread 8756] [9.0] [cxt 0] Extracting header 'ethernet'
[19:08:01.892] [bmv2] [D] [thread 8756] [9.0] [cxt 0] Parser state 'start': key is 86dd
[19:08:01.892] [bmv2] [T] [thread 8756] [9.0] [cxt 0] Bytes parsed: 14
[19:08:01.893] [bmv2] [D] [thread 8756] [9.0] [cxt 0] Parser 'parser' entering state 'parse_ipv6'
[19:08:01.893] [bmv2] [D] [thread 8756] [9.0] [cxt 0] Extracting header 'ipv6'
[19:08:01.893] [bmv2] [D] [thread 8756] [9.0] [cxt 0] Parser state 'parse_ipv6' has no switch, going to default next state
[19:08:01.893] [bmv2] [T] [thread 8756] [9.0] [cxt 0] Bytes parsed: 54
[19:08:01.893] [bmv2] [D] [thread 8756] [9.0] [cxt 0] Parser 'parser': end
[19:08:01.893] [bmv2] [D] [thread 8756] [9.0] [cxt 0] Pipeline 'ingress': start
[19:08:01.893] [bmv2] [T] [thread 8756] [9.0] [cxt 0] basic.p4(133) Condition "hdr.ipv4.isValid()" (node_2) is false
[19:08:01.893] [bmv2] [T] [thread 8756] [9.0] [cxt 0] basic.p4(138) Condition "hdr.ipv6.isValid()" (node_6) is true
[19:08:01.894] [bmv2] [T] [thread 8756] [9.0] [cxt 0] basic.p4(140) Condition "hdr.ipv6.hop_lim == 0" (node_7) is false
[19:08:01.894] [bmv2] [D] [thread 8756] [9.0] [cxt 0] Pipeline 'ingress': end
[19:08:01.894] [bmv2] [D] [thread 8756] [9.0] [cxt 0] Egress port is 0
[19:08:01.894] [bmv2] [D] [thread 8757] [9.0] [cxt 0] Pipeline 'egress': start
[19:08:01.895] [bmv2] [D] [thread 8757] [9.0] [cxt 0] Pipeline 'egress': end
[19:08:01.895] [bmv2] [D] [thread 8757] [9.0] [cxt 0] Deparser 'deparser': start
[19:08:01.895] [bmv2] [T] [thread 8757] [9.0] [cxt 0] Skipping checksum 'cksum' update because condition not met
[19:08:01.896] [bmv2] [D] [thread 8757] [9.0] [cxt 0] Deparsing header 'ethernet'
[19:08:01.896] [bmv2] [D] [thread 8757] [9.0] [cxt 0] Deparser 'deparser': end
[19:08:01.897] [bmv2] [D] [thread 8761] [9.0] [cxt 0] Transmitting packet of size 46 out of port 0
[19:08:02.080] [bmv2] [D] [thread 8756] [10.0] [cxt 0] Processing packet received on port 4
[19:08:02.081] [bmv2] [D] [thread 8756] [10.0] [cxt 0] Parser 'parser': start
[19:08:02.082] [bmv2] [D] [thread 8756] [10.0] [cxt 0] Parser 'parser' entering state 'start'
[19:08:02.083] [bmv2] [D] [thread 8756] [10.0] [cxt 0] Extracting header 'ethernet'
[19:08:02.083] [bmv2] [D] [thread 8756] [10.0] [cxt 0] Parser state 'start': key is 86dd
[19:08:02.083] [bmv2] [T] [thread 8756] [10.0] [cxt 0] Bytes parsed: 14
[19:08:02.084] [bmv2] [D] [thread 8756] [10.0] [cxt 0] Parser 'parser' entering state 'parse_ipv6'
[19:08:02.084] [bmv2] [D] [thread 8756] [10.0] [cxt 0] Extracting header 'ipv6'
[19:08:02.085] [bmv2] [D] [thread 8756] [10.0] [cxt 0] Parser state 'parse_ipv6' has no switch, going to default next state
[19:08:02.086] [bmv2] [T] [thread 8756] [10.0] [cxt 0] Bytes parsed: 54
[19:08:02.087] [bmv2] [D] [thread 8756] [10.0] [cxt 0] Parser 'parser': end
[19:08:02.087] [bmv2] [D] [thread 8756] [10.0] [cxt 0] Pipeline 'ingress': start
[19:08:02.087] [bmv2] [T] [thread 8756] [10.0] [cxt 0] basic.p4(133) Condition "hdr.ipv4.isValid()" (node_2) is false
[19:08:02.088] [bmv2] [T] [thread 8756] [10.0] [cxt 0] basic.p4(138) Condition "hdr.ipv6.isValid()" (node_6) is true
[19:08:02.089] [bmv2] [T] [thread 8756] [10.0] [cxt 0] basic.p4(140) Condition "hdr.ipv6.hop_lim == 0" (node_7) is false
[19:08:02.090] [bmv2] [D] [thread 8756] [10.0] [cxt 0] Pipeline 'ingress': end
[19:08:02.090] [bmv2] [D] [thread 8756] [10.0] [cxt 0] Egress port is 0
[19:08:02.091] [bmv2] [D] [thread 8756] [11.0] [cxt 0] Processing packet received on port 4
[19:08:02.092] [bmv2] [D] [thread 8756] [11.0] [cxt 0] Parser 'parser': start
[19:08:02.092] [bmv2] [D] [thread 8756] [11.0] [cxt 0] Parser 'parser' entering state 'start'
[19:08:02.093] [bmv2] [D] [thread 8756] [11.0] [cxt 0] Extracting header 'ethernet'
[19:08:02.093] [bmv2] [D] [thread 8756] [11.0] [cxt 0] Parser state 'start': key is 86dd
[19:08:02.094] [bmv2] [T] [thread 8756] [11.0] [cxt 0] Bytes parsed: 14
[19:08:02.095] [bmv2] [D] [thread 8756] [11.0] [cxt 0] Parser 'parser' entering state 'parse_ipv6'
[19:08:02.092] [bmv2] [D] [thread 8757] [10.0] [cxt 0] Pipeline 'egress': start
[19:08:02.095] [bmv2] [D] [thread 8757] [10.0] [cxt 0] Pipeline 'egress': end
[19:08:02.096] [bmv2] [D] [thread 8757] [10.0] [cxt 0] Deparser 'deparser': start
[19:08:02.096] [bmv2] [T] [thread 8757] [10.0] [cxt 0] Skipping checksum 'cksum' update because condition not met
[19:08:02.096] [bmv2] [D] [thread 8757] [10.0] [cxt 0] Deparsing header 'ethernet'
[19:08:02.096] [bmv2] [D] [thread 8757] [10.0] [cxt 0] Deparser 'deparser': end
[19:08:02.096] [bmv2] [D] [thread 8761] [10.0] [cxt 0] Transmitting packet of size 50 out of port 0
[19:08:02.095] [bmv2] [D] [thread 8756] [11.0] [cxt 0] Extracting header 'ipv6'
[19:08:02.097] [bmv2] [D] [thread 8756] [11.0] [cxt 0] Parser state 'parse_ipv6' has no switch, going to default next state
[19:08:02.097] [bmv2] [T] [thread 8756] [11.0] [cxt 0] Bytes parsed: 54
[19:08:02.097] [bmv2] [D] [thread 8756] [11.0] [cxt 0] Parser 'parser': end
[19:08:02.097] [bmv2] [D] [thread 8756] [11.0] [cxt 0] Pipeline 'ingress': start
[19:08:02.097] [bmv2] [T] [thread 8756] [11.0] [cxt 0] basic.p4(133) Condition "hdr.ipv4.isValid()" (node_2) is false
[19:08:02.097] [bmv2] [T] [thread 8756] [11.0] [cxt 0] basic.p4(138) Condition "hdr.ipv6.isValid()" (node_6) is true
[19:08:02.097] [bmv2] [T] [thread 8756] [11.0] [cxt 0] basic.p4(140) Condition "hdr.ipv6.hop_lim == 0" (node_7) is false
[19:08:02.097] [bmv2] [D] [thread 8756] [11.0] [cxt 0] Pipeline 'ingress': end
[19:08:02.097] [bmv2] [D] [thread 8756] [11.0] [cxt 0] Egress port is 0
[19:08:02.097] [bmv2] [D] [thread 8757] [11.0] [cxt 0] Pipeline 'egress': start
[19:08:02.097] [bmv2] [D] [thread 8757] [11.0] [cxt 0] Pipeline 'egress': end
[19:08:02.097] [bmv2] [D] [thread 8757] [11.0] [cxt 0] Deparser 'deparser': start
[19:08:02.097] [bmv2] [T] [thread 8757] [11.0] [cxt 0] Skipping checksum 'cksum' update because condition not met
[19:08:02.097] [bmv2] [D] [thread 8757] [11.0] [cxt 0] Deparsing header 'ethernet'
[19:08:02.097] [bmv2] [D] [thread 8757] [11.0] [cxt 0] Deparser 'deparser': end
[19:08:02.098] [bmv2] [D] [thread 8761] [11.0] [cxt 0] Transmitting packet of size 30 out of port 0
[19:08:02.203] [bmv2] [D] [thread 8756] [12.0] [cxt 0] Processing packet received on port 1
[19:08:02.203] [bmv2] [D] [thread 8756] [12.0] [cxt 0] Parser 'parser': start
[19:08:02.203] [bmv2] [D] [thread 8756] [12.0] [cxt 0] Parser 'parser' entering state 'start'
[19:08:02.203] [bmv2] [D] [thread 8756] [12.0] [cxt 0] Extracting header 'ethernet'
[19:08:02.203] [bmv2] [D] [thread 8756] [12.0] [cxt 0] Parser state 'start': key is 86dd
[19:08:02.203] [bmv2] [T] [thread 8756] [12.0] [cxt 0] Bytes parsed: 14
[19:08:02.203] [bmv2] [D] [thread 8756] [12.0] [cxt 0] Parser 'parser' entering state 'parse_ipv6'
[19:08:02.203] [bmv2] [D] [thread 8756] [12.0] [cxt 0] Extracting header 'ipv6'
[19:08:02.204] [bmv2] [D] [thread 8756] [12.0] [cxt 0] Parser state 'parse_ipv6' has no switch, going to default next state
[19:08:02.204] [bmv2] [T] [thread 8756] [12.0] [cxt 0] Bytes parsed: 54
[19:08:02.204] [bmv2] [D] [thread 8756] [12.0] [cxt 0] Parser 'parser': end
[19:08:02.205] [bmv2] [D] [thread 8756] [12.0] [cxt 0] Pipeline 'ingress': start
[19:08:02.205] [bmv2] [T] [thread 8756] [12.0] [cxt 0] basic.p4(133) Condition "hdr.ipv4.isValid()" (node_2) is false
[19:08:02.205] [bmv2] [T] [thread 8756] [12.0] [cxt 0] basic.p4(138) Condition "hdr.ipv6.isValid()" (node_6) is true
[19:08:02.206] [bmv2] [T] [thread 8756] [12.0] [cxt 0] basic.p4(140) Condition "hdr.ipv6.hop_lim == 0" (node_7) is false
[19:08:02.206] [bmv2] [D] [thread 8756] [12.0] [cxt 0] Pipeline 'ingress': end
[19:08:02.206] [bmv2] [D] [thread 8756] [12.0] [cxt 0] Egress port is 0
[19:08:02.208] [bmv2] [D] [thread 8757] [12.0] [cxt 0] Pipeline 'egress': start
[19:08:02.209] [bmv2] [D] [thread 8757] [12.0] [cxt 0] Pipeline 'egress': end
[19:08:02.209] [bmv2] [D] [thread 8757] [12.0] [cxt 0] Deparser 'deparser': start
[19:08:02.210] [bmv2] [T] [thread 8757] [12.0] [cxt 0] Skipping checksum 'cksum' update because condition not met
[19:08:02.210] [bmv2] [D] [thread 8757] [12.0] [cxt 0] Deparsing header 'ethernet'
[19:08:02.210] [bmv2] [D] [thread 8757] [12.0] [cxt 0] Deparser 'deparser': end
[19:08:02.210] [bmv2] [D] [thread 8761] [12.0] [cxt 0] Transmitting packet of size 50 out of port 0
[19:08:02.335] [bmv2] [D] [thread 8756] [13.0] [cxt 0] Processing packet received on port 2
[19:08:02.336] [bmv2] [D] [thread 8756] [13.0] [cxt 0] Parser 'parser': start
[19:08:02.336] [bmv2] [D] [thread 8756] [13.0] [cxt 0] Parser 'parser' entering state 'start'
[19:08:02.336] [bmv2] [D] [thread 8756] [13.0] [cxt 0] Extracting header 'ethernet'
[19:08:02.336] [bmv2] [D] [thread 8756] [13.0] [cxt 0] Parser state 'start': key is 86dd
[19:08:02.336] [bmv2] [T] [thread 8756] [13.0] [cxt 0] Bytes parsed: 14
[19:08:02.336] [bmv2] [D] [thread 8756] [13.0] [cxt 0] Parser 'parser' entering state 'parse_ipv6'
[19:08:02.337] [bmv2] [D] [thread 8756] [13.0] [cxt 0] Extracting header 'ipv6'
[19:08:02.337] [bmv2] [D] [thread 8756] [13.0] [cxt 0] Parser state 'parse_ipv6' has no switch, going to default next state
[19:08:02.337] [bmv2] [T] [thread 8756] [13.0] [cxt 0] Bytes parsed: 54
[19:08:02.337] [bmv2] [D] [thread 8756] [13.0] [cxt 0] Parser 'parser': end
[19:08:02.337] [bmv2] [D] [thread 8756] [13.0] [cxt 0] Pipeline 'ingress': start
[19:08:02.337] [bmv2] [T] [thread 8756] [13.0] [cxt 0] basic.p4(133) Condition "hdr.ipv4.isValid()" (node_2) is false
[19:08:02.337] [bmv2] [T] [thread 8756] [13.0] [cxt 0] basic.p4(138) Condition "hdr.ipv6.isValid()" (node_6) is true
[19:08:02.337] [bmv2] [T] [thread 8756] [13.0] [cxt 0] basic.p4(140) Condition "hdr.ipv6.hop_lim == 0" (node_7) is false
[19:08:02.337] [bmv2] [D] [thread 8756] [13.0] [cxt 0] Pipeline 'ingress': end
[19:08:02.337] [bmv2] [D] [thread 8756] [13.0] [cxt 0] Egress port is 0
[19:08:02.337] [bmv2] [D] [thread 8757] [13.0] [cxt 0] Pipeline 'egress': start
[19:08:02.337] [bmv2] [D] [thread 8757] [13.0] [cxt 0] Pipeline 'egress': end
[19:08:02.337] [bmv2] [D] [thread 8757] [13.0] [cxt 0] Deparser 'deparser': start
[19:08:02.338] [bmv2] [T] [thread 8757] [13.0] [cxt 0] Skipping checksum 'cksum' update because condition not met
[19:08:02.338] [bmv2] [D] [thread 8757] [13.0] [cxt 0] Deparsing header 'ethernet'
[19:08:02.338] [bmv2] [D] [thread 8757] [13.0] [cxt 0] Deparser 'deparser': end
[19:08:02.339] [bmv2] [D] [thread 8761] [13.0] [cxt 0] Transmitting packet of size 50 out of port 0
[19:08:02.338] [bmv2] [D] [thread 8756] [14.0] [cxt 0] Processing packet received on port 2
[19:08:02.339] [bmv2] [D] [thread 8756] [14.0] [cxt 0] Parser 'parser': start
[19:08:02.340] [bmv2] [D] [thread 8756] [14.0] [cxt 0] Parser 'parser' entering state 'start'
[19:08:02.340] [bmv2] [D] [thread 8756] [14.0] [cxt 0] Extracting header 'ethernet'
[19:08:02.341] [bmv2] [D] [thread 8756] [14.0] [cxt 0] Parser state 'start': key is 86dd
[19:08:02.341] [bmv2] [T] [thread 8756] [14.0] [cxt 0] Bytes parsed: 14
[19:08:02.342] [bmv2] [D] [thread 8756] [14.0] [cxt 0] Parser 'parser' entering state 'parse_ipv6'
[19:08:02.342] [bmv2] [D] [thread 8756] [14.0] [cxt 0] Extracting header 'ipv6'
[19:08:02.343] [bmv2] [D] [thread 8756] [14.0] [cxt 0] Parser state 'parse_ipv6' has no switch, going to default next state
[19:08:02.343] [bmv2] [T] [thread 8756] [14.0] [cxt 0] Bytes parsed: 54
[19:08:02.343] [bmv2] [D] [thread 8756] [14.0] [cxt 0] Parser 'parser': end
[19:08:02.343] [bmv2] [D] [thread 8756] [14.0] [cxt 0] Pipeline 'ingress': start
[19:08:02.343] [bmv2] [T] [thread 8756] [14.0] [cxt 0] basic.p4(133) Condition "hdr.ipv4.isValid()" (node_2) is false
[19:08:02.343] [bmv2] [T] [thread 8756] [14.0] [cxt 0] basic.p4(138) Condition "hdr.ipv6.isValid()" (node_6) is true
[19:08:02.343] [bmv2] [T] [thread 8756] [14.0] [cxt 0] basic.p4(140) Condition "hdr.ipv6.hop_lim == 0" (node_7) is false
[19:08:02.343] [bmv2] [D] [thread 8756] [14.0] [cxt 0] Pipeline 'ingress': end
[19:08:02.343] [bmv2] [D] [thread 8756] [14.0] [cxt 0] Egress port is 0
[19:08:02.343] [bmv2] [D] [thread 8757] [14.0] [cxt 0] Pipeline 'egress': start
[19:08:02.343] [bmv2] [D] [thread 8757] [14.0] [cxt 0] Pipeline 'egress': end
[19:08:02.343] [bmv2] [D] [thread 8757] [14.0] [cxt 0] Deparser 'deparser': start
[19:08:02.344] [bmv2] [T] [thread 8757] [14.0] [cxt 0] Skipping checksum 'cksum' update because condition not met
[19:08:02.344] [bmv2] [D] [thread 8757] [14.0] [cxt 0] Deparsing header 'ethernet'
[19:08:02.344] [bmv2] [D] [thread 8757] [14.0] [cxt 0] Deparser 'deparser': end
[19:08:02.344] [bmv2] [D] [thread 8761] [14.0] [cxt 0] Transmitting packet of size 30 out of port 0
[19:08:02.467] [bmv2] [D] [thread 8756] [15.0] [cxt 0] Processing packet received on port 3
[19:08:02.468] [bmv2] [D] [thread 8756] [15.0] [cxt 0] Parser 'parser': start
[19:08:02.469] [bmv2] [D] [thread 8756] [15.0] [cxt 0] Parser 'parser' entering state 'start'
[19:08:02.470] [bmv2] [D] [thread 8756] [15.0] [cxt 0] Extracting header 'ethernet'
[19:08:02.470] [bmv2] [D] [thread 8756] [15.0] [cxt 0] Parser state 'start': key is 86dd
[19:08:02.471] [bmv2] [T] [thread 8756] [15.0] [cxt 0] Bytes parsed: 14
[19:08:02.472] [bmv2] [D] [thread 8756] [15.0] [cxt 0] Parser 'parser' entering state 'parse_ipv6'
[19:08:02.472] [bmv2] [D] [thread 8756] [15.0] [cxt 0] Extracting header 'ipv6'
[19:08:02.472] [bmv2] [D] [thread 8756] [15.0] [cxt 0] Parser state 'parse_ipv6' has no switch, going to default next state
[19:08:02.472] [bmv2] [T] [thread 8756] [15.0] [cxt 0] Bytes parsed: 54
[19:08:02.472] [bmv2] [D] [thread 8756] [15.0] [cxt 0] Parser 'parser': end
[19:08:02.472] [bmv2] [D] [thread 8756] [15.0] [cxt 0] Pipeline 'ingress': start
[19:08:02.472] [bmv2] [T] [thread 8756] [15.0] [cxt 0] basic.p4(133) Condition "hdr.ipv4.isValid()" (node_2) is false
[19:08:02.472] [bmv2] [T] [thread 8756] [15.0] [cxt 0] basic.p4(138) Condition "hdr.ipv6.isValid()" (node_6) is true
[19:08:02.473] [bmv2] [T] [thread 8756] [15.0] [cxt 0] basic.p4(140) Condition "hdr.ipv6.hop_lim == 0" (node_7) is false
[19:08:02.473] [bmv2] [D] [thread 8756] [15.0] [cxt 0] Pipeline 'ingress': end
[19:08:02.473] [bmv2] [D] [thread 8756] [15.0] [cxt 0] Egress port is 0
[19:08:02.473] [bmv2] [D] [thread 8757] [15.0] [cxt 0] Pipeline 'egress': start
[19:08:02.473] [bmv2] [D] [thread 8757] [15.0] [cxt 0] Pipeline 'egress': end
[19:08:02.473] [bmv2] [D] [thread 8757] [15.0] [cxt 0] Deparser 'deparser': start
[19:08:02.473] [bmv2] [T] [thread 8757] [15.0] [cxt 0] Skipping checksum 'cksum' update because condition not met
[19:08:02.473] [bmv2] [D] [thread 8757] [15.0] [cxt 0] Deparsing header 'ethernet'
[19:08:02.474] [bmv2] [D] [thread 8757] [15.0] [cxt 0] Deparser 'deparser': end
[19:08:02.474] [bmv2] [D] [thread 8761] [15.0] [cxt 0] Transmitting packet of size 50 out of port 0
[19:08:02.474] [bmv2] [D] [thread 8756] [16.0] [cxt 0] Processing packet received on port 3
[19:08:02.474] [bmv2] [D] [thread 8756] [16.0] [cxt 0] Parser 'parser': start
[19:08:02.474] [bmv2] [D] [thread 8756] [16.0] [cxt 0] Parser 'parser' entering state 'start'
[19:08:02.474] [bmv2] [D] [thread 8756] [16.0] [cxt 0] Extracting header 'ethernet'
[19:08:02.474] [bmv2] [D] [thread 8756] [16.0] [cxt 0] Parser state 'start': key is 86dd
[19:08:02.474] [bmv2] [T] [thread 8756] [16.0] [cxt 0] Bytes parsed: 14
[19:08:02.474] [bmv2] [D] [thread 8756] [16.0] [cxt 0] Parser 'parser' entering state 'parse_ipv6'
[19:08:02.474] [bmv2] [D] [thread 8756] [16.0] [cxt 0] Extracting header 'ipv6'
[19:08:02.474] [bmv2] [D] [thread 8756] [16.0] [cxt 0] Parser state 'parse_ipv6' has no switch, going to default next state
[19:08:02.474] [bmv2] [T] [thread 8756] [16.0] [cxt 0] Bytes parsed: 54
[19:08:02.474] [bmv2] [D] [thread 8756] [16.0] [cxt 0] Parser 'parser': end
[19:08:02.474] [bmv2] [D] [thread 8756] [16.0] [cxt 0] Pipeline 'ingress': start
[19:08:02.474] [bmv2] [T] [thread 8756] [16.0] [cxt 0] basic.p4(133) Condition "hdr.ipv4.isValid()" (node_2) is false
[19:08:02.475] [bmv2] [T] [thread 8756] [16.0] [cxt 0] basic.p4(138) Condition "hdr.ipv6.isValid()" (node_6) is true
[19:08:02.475] [bmv2] [T] [thread 8756] [16.0] [cxt 0] basic.p4(140) Condition "hdr.ipv6.hop_lim == 0" (node_7) is false
[19:08:02.475] [bmv2] [D] [thread 8756] [16.0] [cxt 0] Pipeline 'ingress': end
[19:08:02.475] [bmv2] [D] [thread 8756] [16.0] [cxt 0] Egress port is 0
[19:08:02.475] [bmv2] [D] [thread 8757] [16.0] [cxt 0] Pipeline 'egress': start
[19:08:02.475] [bmv2] [D] [thread 8757] [16.0] [cxt 0] Pipeline 'egress': end
[19:08:02.475] [bmv2] [D] [thread 8757] [16.0] [cxt 0] Deparser 'deparser': start
[19:08:02.475] [bmv2] [T] [thread 8757] [16.0] [cxt 0] Skipping checksum 'cksum' update because condition not met
[19:08:02.475] [bmv2] [D] [thread 8757] [16.0] [cxt 0] Deparsing header 'ethernet'
[19:08:02.475] [bmv2] [D] [thread 8757] [16.0] [cxt 0] Deparser 'deparser': end
[19:08:02.475] [bmv2] [D] [thread 8761] [16.0] [cxt 0] Transmitting packet of size 30 out of port 0
[19:08:02.662] [bmv2] [D] [thread 8756] [17.0] [cxt 0] Processing packet received on port 3
[19:08:02.663] [bmv2] [D] [thread 8756] [17.0] [cxt 0] Parser 'parser': start
[19:08:02.664] [bmv2] [D] [thread 8756] [17.0] [cxt 0] Parser 'parser' entering state 'start'
[19:08:02.666] [bmv2] [D] [thread 8756] [17.0] [cxt 0] Extracting header 'ethernet'
[19:08:02.667] [bmv2] [D] [thread 8756] [17.0] [cxt 0] Parser state 'start': key is 86dd
[19:08:02.667] [bmv2] [T] [thread 8756] [17.0] [cxt 0] Bytes parsed: 14
[19:08:02.667] [bmv2] [D] [thread 8756] [17.0] [cxt 0] Parser 'parser' entering state 'parse_ipv6'
[19:08:02.667] [bmv2] [D] [thread 8756] [17.0] [cxt 0] Extracting header 'ipv6'
[19:08:02.671] [bmv2] [D] [thread 8756] [17.0] [cxt 0] Parser state 'parse_ipv6' has no switch, going to default next state
[19:08:02.672] [bmv2] [T] [thread 8756] [17.0] [cxt 0] Bytes parsed: 54
[19:08:02.673] [bmv2] [D] [thread 8756] [17.0] [cxt 0] Parser 'parser': end
[19:08:02.674] [bmv2] [D] [thread 8756] [17.0] [cxt 0] Pipeline 'ingress': start
[19:08:02.674] [bmv2] [T] [thread 8756] [17.0] [cxt 0] basic.p4(133) Condition "hdr.ipv4.isValid()" (node_2) is false
[19:08:02.675] [bmv2] [T] [thread 8756] [17.0] [cxt 0] basic.p4(138) Condition "hdr.ipv6.isValid()" (node_6) is true
[19:08:02.675] [bmv2] [T] [thread 8756] [17.0] [cxt 0] basic.p4(140) Condition "hdr.ipv6.hop_lim == 0" (node_7) is false
[19:08:02.675] [bmv2] [D] [thread 8756] [17.0] [cxt 0] Pipeline 'ingress': end
[19:08:02.676] [bmv2] [D] [thread 8756] [17.0] [cxt 0] Egress port is 0
[19:08:02.676] [bmv2] [D] [thread 8757] [17.0] [cxt 0] Pipeline 'egress': start
[19:08:02.677] [bmv2] [D] [thread 8757] [17.0] [cxt 0] Pipeline 'egress': end
[19:08:02.677] [bmv2] [D] [thread 8757] [17.0] [cxt 0] Deparser 'deparser': start
[19:08:02.677] [bmv2] [T] [thread 8757] [17.0] [cxt 0] Skipping checksum 'cksum' update because condition not met
[19:08:02.677] [bmv2] [D] [thread 8757] [17.0] [cxt 0] Deparsing header 'ethernet'
[19:08:02.677] [bmv2] [D] [thread 8757] [17.0] [cxt 0] Deparser 'deparser': end
[19:08:02.678] [bmv2] [D] [thread 8761] [17.0] [cxt 0] Transmitting packet of size 50 out of port 0
[19:08:02.748] [bmv2] [D] [thread 8756] [18.0] [cxt 0] Processing packet received on port 4
[19:08:02.748] [bmv2] [D] [thread 8756] [18.0] [cxt 0] Parser 'parser': start
[19:08:02.748] [bmv2] [D] [thread 8756] [18.0] [cxt 0] Parser 'parser' entering state 'start'
[19:08:02.750] [bmv2] [D] [thread 8756] [18.0] [cxt 0] Extracting header 'ethernet'
[19:08:02.751] [bmv2] [D] [thread 8756] [18.0] [cxt 0] Parser state 'start': key is 86dd
[19:08:02.751] [bmv2] [T] [thread 8756] [18.0] [cxt 0] Bytes parsed: 14
[19:08:02.751] [bmv2] [D] [thread 8756] [18.0] [cxt 0] Parser 'parser' entering state 'parse_ipv6'
[19:08:02.752] [bmv2] [D] [thread 8756] [18.0] [cxt 0] Extracting header 'ipv6'
[19:08:02.752] [bmv2] [D] [thread 8756] [18.0] [cxt 0] Parser state 'parse_ipv6' has no switch, going to default next state
[19:08:02.752] [bmv2] [T] [thread 8756] [18.0] [cxt 0] Bytes parsed: 54
[19:08:02.753] [bmv2] [D] [thread 8756] [18.0] [cxt 0] Parser 'parser': end
[19:08:02.753] [bmv2] [D] [thread 8756] [18.0] [cxt 0] Pipeline 'ingress': start
[19:08:02.753] [bmv2] [T] [thread 8756] [18.0] [cxt 0] basic.p4(133) Condition "hdr.ipv4.isValid()" (node_2) is false
[19:08:02.754] [bmv2] [T] [thread 8756] [18.0] [cxt 0] basic.p4(138) Condition "hdr.ipv6.isValid()" (node_6) is true
[19:08:02.754] [bmv2] [T] [thread 8756] [18.0] [cxt 0] basic.p4(140) Condition "hdr.ipv6.hop_lim == 0" (node_7) is false
[19:08:02.755] [bmv2] [D] [thread 8756] [18.0] [cxt 0] Pipeline 'ingress': end
[19:08:02.755] [bmv2] [D] [thread 8756] [18.0] [cxt 0] Egress port is 0
[19:08:02.755] [bmv2] [D] [thread 8757] [18.0] [cxt 0] Pipeline 'egress': start
[19:08:02.755] [bmv2] [D] [thread 8757] [18.0] [cxt 0] Pipeline 'egress': end
[19:08:02.755] [bmv2] [D] [thread 8757] [18.0] [cxt 0] Deparser 'deparser': start
[19:08:02.755] [bmv2] [T] [thread 8757] [18.0] [cxt 0] Skipping checksum 'cksum' update because condition not met
[19:08:02.755] [bmv2] [D] [thread 8757] [18.0] [cxt 0] Deparsing header 'ethernet'
[19:08:02.755] [bmv2] [D] [thread 8757] [18.0] [cxt 0] Deparser 'deparser': end
[19:08:02.755] [bmv2] [D] [thread 8761] [18.0] [cxt 0] Transmitting packet of size 50 out of port 0
[19:08:02.922] [bmv2] [D] [thread 8756] [19.0] [cxt 0] Processing packet received on port 4
[19:08:02.923] [bmv2] [D] [thread 8756] [19.0] [cxt 0] Parser 'parser': start
[19:08:02.924] [bmv2] [D] [thread 8756] [19.0] [cxt 0] Parser 'parser' entering state 'start'
[19:08:02.924] [bmv2] [D] [thread 8756] [19.0] [cxt 0] Extracting header 'ethernet'
[19:08:02.925] [bmv2] [D] [thread 8756] [19.0] [cxt 0] Parser state 'start': key is 86dd
[19:08:02.926] [bmv2] [T] [thread 8756] [19.0] [cxt 0] Bytes parsed: 14
[19:08:02.927] [bmv2] [D] [thread 8756] [19.0] [cxt 0] Parser 'parser' entering state 'parse_ipv6'
[19:08:02.927] [bmv2] [D] [thread 8756] [19.0] [cxt 0] Extracting header 'ipv6'
[19:08:02.929] [bmv2] [D] [thread 8756] [19.0] [cxt 0] Parser state 'parse_ipv6' has no switch, going to default next state
[19:08:02.929] [bmv2] [T] [thread 8756] [19.0] [cxt 0] Bytes parsed: 54
[19:08:02.930] [bmv2] [D] [thread 8756] [19.0] [cxt 0] Parser 'parser': end
[19:08:02.931] [bmv2] [D] [thread 8756] [19.0] [cxt 0] Pipeline 'ingress': start
[19:08:02.931] [bmv2] [T] [thread 8756] [19.0] [cxt 0] basic.p4(133) Condition "hdr.ipv4.isValid()" (node_2) is false
[19:08:02.932] [bmv2] [T] [thread 8756] [19.0] [cxt 0] basic.p4(138) Condition "hdr.ipv6.isValid()" (node_6) is true
[19:08:02.933] [bmv2] [T] [thread 8756] [19.0] [cxt 0] basic.p4(140) Condition "hdr.ipv6.hop_lim == 0" (node_7) is false
[19:08:02.935] [bmv2] [D] [thread 8756] [19.0] [cxt 0] Pipeline 'ingress': end
[19:08:02.937] [bmv2] [D] [thread 8756] [19.0] [cxt 0] Egress port is 0
[19:08:02.937] [bmv2] [D] [thread 8756] [20.0] [cxt 0] Processing packet received on port 4
[19:08:02.938] [bmv2] [D] [thread 8756] [20.0] [cxt 0] Parser 'parser': start
[19:08:02.941] [bmv2] [D] [thread 8756] [20.0] [cxt 0] Parser 'parser' entering state 'start'
[19:08:02.942] [bmv2] [D] [thread 8756] [20.0] [cxt 0] Extracting header 'ethernet'
[19:08:02.943] [bmv2] [D] [thread 8756] [20.0] [cxt 0] Parser state 'start': key is 86dd
[19:08:02.943] [bmv2] [T] [thread 8756] [20.0] [cxt 0] Bytes parsed: 14
[19:08:02.943] [bmv2] [D] [thread 8756] [20.0] [cxt 0] Parser 'parser' entering state 'parse_ipv6'
[19:08:02.945] [bmv2] [D] [thread 8756] [20.0] [cxt 0] Extracting header 'ipv6'
[19:08:02.945] [bmv2] [D] [thread 8756] [20.0] [cxt 0] Parser state 'parse_ipv6' has no switch, going to default next state
[19:08:02.946] [bmv2] [T] [thread 8756] [20.0] [cxt 0] Bytes parsed: 54
[19:08:02.946] [bmv2] [D] [thread 8756] [20.0] [cxt 0] Parser 'parser': end
[19:08:02.947] [bmv2] [D] [thread 8756] [20.0] [cxt 0] Pipeline 'ingress': start
[19:08:02.947] [bmv2] [T] [thread 8756] [20.0] [cxt 0] basic.p4(133) Condition "hdr.ipv4.isValid()" (node_2) is false
[19:08:02.947] [bmv2] [T] [thread 8756] [20.0] [cxt 0] basic.p4(138) Condition "hdr.ipv6.isValid()" (node_6) is true
[19:08:02.937] [bmv2] [D] [thread 8757] [19.0] [cxt 0] Pipeline 'egress': start
[19:08:02.951] [bmv2] [D] [thread 8757] [19.0] [cxt 0] Pipeline 'egress': end
[19:08:02.953] [bmv2] [D] [thread 8757] [19.0] [cxt 0] Deparser 'deparser': start
[19:08:02.948] [bmv2] [T] [thread 8756] [20.0] [cxt 0] basic.p4(140) Condition "hdr.ipv6.hop_lim == 0" (node_7) is false
[19:08:02.954] [bmv2] [D] [thread 8756] [20.0] [cxt 0] Pipeline 'ingress': end
[19:08:02.954] [bmv2] [D] [thread 8756] [20.0] [cxt 0] Egress port is 0
[19:08:02.955] [bmv2] [D] [thread 8756] [21.0] [cxt 0] Processing packet received on port 3
[19:08:02.955] [bmv2] [D] [thread 8756] [21.0] [cxt 0] Parser 'parser': start
[19:08:02.956] [bmv2] [D] [thread 8756] [21.0] [cxt 0] Parser 'parser' entering state 'start'
[19:08:02.957] [bmv2] [D] [thread 8756] [21.0] [cxt 0] Extracting header 'ethernet'
[19:08:02.958] [bmv2] [D] [thread 8756] [21.0] [cxt 0] Parser state 'start': key is 86dd
[19:08:02.958] [bmv2] [T] [thread 8756] [21.0] [cxt 0] Bytes parsed: 14
[19:08:02.959] [bmv2] [D] [thread 8756] [21.0] [cxt 0] Parser 'parser' entering state 'parse_ipv6'
[19:08:02.959] [bmv2] [D] [thread 8756] [21.0] [cxt 0] Extracting header 'ipv6'
[19:08:02.959] [bmv2] [D] [thread 8756] [21.0] [cxt 0] Parser state 'parse_ipv6' has no switch, going to default next state
[19:08:02.960] [bmv2] [T] [thread 8756] [21.0] [cxt 0] Bytes parsed: 54
[19:08:02.960] [bmv2] [D] [thread 8756] [21.0] [cxt 0] Parser 'parser': end
[19:08:02.960] [bmv2] [D] [thread 8756] [21.0] [cxt 0] Pipeline 'ingress': start
[19:08:02.961] [bmv2] [T] [thread 8756] [21.0] [cxt 0] basic.p4(133) Condition "hdr.ipv4.isValid()" (node_2) is false
[19:08:02.961] [bmv2] [T] [thread 8756] [21.0] [cxt 0] basic.p4(138) Condition "hdr.ipv6.isValid()" (node_6) is true
[19:08:02.962] [bmv2] [T] [thread 8756] [21.0] [cxt 0] basic.p4(140) Condition "hdr.ipv6.hop_lim == 0" (node_7) is false
[19:08:02.962] [bmv2] [D] [thread 8756] [21.0] [cxt 0] Pipeline 'ingress': end
[19:08:02.963] [bmv2] [D] [thread 8756] [21.0] [cxt 0] Egress port is 0
[19:08:02.953] [bmv2] [T] [thread 8757] [19.0] [cxt 0] Skipping checksum 'cksum' update because condition not met
[19:08:02.963] [bmv2] [D] [thread 8757] [19.0] [cxt 0] Deparsing header 'ethernet'
[19:08:02.963] [bmv2] [D] [thread 8757] [19.0] [cxt 0] Deparser 'deparser': end
[19:08:02.964] [bmv2] [D] [thread 8757] [20.0] [cxt 0] Pipeline 'egress': start
[19:08:02.964] [bmv2] [D] [thread 8761] [19.0] [cxt 0] Transmitting packet of size 50 out of port 0
[19:08:02.966] [bmv2] [D] [thread 8757] [20.0] [cxt 0] Pipeline 'egress': end
[19:08:02.967] [bmv2] [D] [thread 8757] [20.0] [cxt 0] Deparser 'deparser': start
[19:08:02.967] [bmv2] [T] [thread 8757] [20.0] [cxt 0] Skipping checksum 'cksum' update because condition not met
[19:08:02.967] [bmv2] [D] [thread 8757] [20.0] [cxt 0] Deparsing header 'ethernet'
[19:08:02.967] [bmv2] [D] [thread 8757] [20.0] [cxt 0] Deparser 'deparser': end
[19:08:02.968] [bmv2] [D] [thread 8761] [20.0] [cxt 0] Transmitting packet of size 30 out of port 0
[19:08:02.968] [bmv2] [D] [thread 8757] [21.0] [cxt 0] Pipeline 'egress': start
[19:08:02.971] [bmv2] [D] [thread 8757] [21.0] [cxt 0] Pipeline 'egress': end
[19:08:02.971] [bmv2] [D] [thread 8757] [21.0] [cxt 0] Deparser 'deparser': start
[19:08:02.972] [bmv2] [T] [thread 8757] [21.0] [cxt 0] Skipping checksum 'cksum' update because condition not met
[19:08:02.973] [bmv2] [D] [thread 8757] [21.0] [cxt 0] Deparsing header 'ethernet'
[19:08:02.974] [bmv2] [D] [thread 8757] [21.0] [cxt 0] Deparser 'deparser': end
[19:08:02.974] [bmv2] [D] [thread 8761] [21.0] [cxt 0] Transmitting packet of size 50 out of port 0
[19:08:03.292] [bmv2] [D] [thread 8756] [22.0] [cxt 0] Processing packet received on port 2
[19:08:03.292] [bmv2] [D] [thread 8756] [22.0] [cxt 0] Parser 'parser': start
[19:08:03.292] [bmv2] [D] [thread 8756] [22.0] [cxt 0] Parser 'parser' entering state 'start'
[19:08:03.292] [bmv2] [D] [thread 8756] [22.0] [cxt 0] Extracting header 'ethernet'
[19:08:03.293] [bmv2] [D] [thread 8756] [22.0] [cxt 0] Parser state 'start': key is 86dd
[19:08:03.293] [bmv2] [T] [thread 8756] [22.0] [cxt 0] Bytes parsed: 14
[19:08:03.293] [bmv2] [D] [thread 8756] [22.0] [cxt 0] Parser 'parser' entering state 'parse_ipv6'
[19:08:03.294] [bmv2] [D] [thread 8756] [22.0] [cxt 0] Extracting header 'ipv6'
[19:08:03.294] [bmv2] [D] [thread 8756] [22.0] [cxt 0] Parser state 'parse_ipv6' has no switch, going to default next state
[19:08:03.294] [bmv2] [T] [thread 8756] [22.0] [cxt 0] Bytes parsed: 54
[19:08:03.294] [bmv2] [D] [thread 8756] [22.0] [cxt 0] Parser 'parser': end
[19:08:03.295] [bmv2] [D] [thread 8756] [22.0] [cxt 0] Pipeline 'ingress': start
[19:08:03.295] [bmv2] [T] [thread 8756] [22.0] [cxt 0] basic.p4(133) Condition "hdr.ipv4.isValid()" (node_2) is false
[19:08:03.295] [bmv2] [T] [thread 8756] [22.0] [cxt 0] basic.p4(138) Condition "hdr.ipv6.isValid()" (node_6) is true
[19:08:03.296] [bmv2] [T] [thread 8756] [22.0] [cxt 0] basic.p4(140) Condition "hdr.ipv6.hop_lim == 0" (node_7) is false
[19:08:03.296] [bmv2] [D] [thread 8756] [22.0] [cxt 0] Pipeline 'ingress': end
[19:08:03.296] [bmv2] [D] [thread 8756] [22.0] [cxt 0] Egress port is 0
[19:08:03.297] [bmv2] [D] [thread 8757] [22.0] [cxt 0] Pipeline 'egress': start
[19:08:03.298] [bmv2] [D] [thread 8757] [22.0] [cxt 0] Pipeline 'egress': end
[19:08:03.299] [bmv2] [D] [thread 8757] [22.0] [cxt 0] Deparser 'deparser': start
[19:08:03.299] [bmv2] [T] [thread 8757] [22.0] [cxt 0] Skipping checksum 'cksum' update because condition not met
[19:08:03.300] [bmv2] [D] [thread 8757] [22.0] [cxt 0] Deparsing header 'ethernet'
[19:08:03.300] [bmv2] [D] [thread 8757] [22.0] [cxt 0] Deparser 'deparser': end
[19:08:03.300] [bmv2] [D] [thread 8761] [22.0] [cxt 0] Transmitting packet of size 50 out of port 0
[19:08:03.738] [bmv2] [D] [thread 8756] [23.0] [cxt 0] Processing packet received on port 4
[19:08:03.739] [bmv2] [D] [thread 8756] [23.0] [cxt 0] Parser 'parser': start
[19:08:03.739] [bmv2] [D] [thread 8756] [23.0] [cxt 0] Parser 'parser' entering state 'start'
[19:08:03.739] [bmv2] [D] [thread 8756] [23.0] [cxt 0] Extracting header 'ethernet'
[19:08:03.739] [bmv2] [D] [thread 8756] [23.0] [cxt 0] Parser state 'start': key is 86dd
[19:08:03.740] [bmv2] [T] [thread 8756] [23.0] [cxt 0] Bytes parsed: 14
[19:08:03.741] [bmv2] [D] [thread 8756] [23.0] [cxt 0] Parser 'parser' entering state 'parse_ipv6'
[19:08:03.741] [bmv2] [D] [thread 8756] [23.0] [cxt 0] Extracting header 'ipv6'
[19:08:03.741] [bmv2] [D] [thread 8756] [23.0] [cxt 0] Parser state 'parse_ipv6' has no switch, going to default next state
[19:08:03.742] [bmv2] [T] [thread 8756] [23.0] [cxt 0] Bytes parsed: 54
[19:08:03.742] [bmv2] [D] [thread 8756] [23.0] [cxt 0] Parser 'parser': end
[19:08:03.743] [bmv2] [D] [thread 8756] [23.0] [cxt 0] Pipeline 'ingress': start
[19:08:03.743] [bmv2] [T] [thread 8756] [23.0] [cxt 0] basic.p4(133) Condition "hdr.ipv4.isValid()" (node_2) is false
[19:08:03.744] [bmv2] [T] [thread 8756] [23.0] [cxt 0] basic.p4(138) Condition "hdr.ipv6.isValid()" (node_6) is true
[19:08:03.745] [bmv2] [T] [thread 8756] [23.0] [cxt 0] basic.p4(140) Condition "hdr.ipv6.hop_lim == 0" (node_7) is false
[19:08:03.745] [bmv2] [D] [thread 8756] [23.0] [cxt 0] Pipeline 'ingress': end
[19:08:03.746] [bmv2] [D] [thread 8756] [23.0] [cxt 0] Egress port is 0
[19:08:03.746] [bmv2] [D] [thread 8757] [23.0] [cxt 0] Pipeline 'egress': start
[19:08:03.747] [bmv2] [D] [thread 8757] [23.0] [cxt 0] Pipeline 'egress': end
[19:08:03.747] [bmv2] [D] [thread 8757] [23.0] [cxt 0] Deparser 'deparser': start
[19:08:03.748] [bmv2] [T] [thread 8757] [23.0] [cxt 0] Skipping checksum 'cksum' update because condition not met
[19:08:03.748] [bmv2] [D] [thread 8757] [23.0] [cxt 0] Deparsing header 'ethernet'
[19:08:03.749] [bmv2] [D] [thread 8757] [23.0] [cxt 0] Deparser 'deparser': end
[19:08:03.749] [bmv2] [D] [thread 8761] [23.0] [cxt 0] Transmitting packet of size 50 out of port 0
[19:08:04.370] [bmv2] [W] [thread 8832] [P4Runtime] p4::tmp::P4DeviceConfig is deprecated
[19:08:04.374] [bmv2] [D] [thread 8832] Set default default entry for table 'MyIngress.ipv4_lpm': MyIngress.drop - 
[19:08:04.375] [bmv2] [D] [thread 8832] Set default default entry for table 'tbl_drop': MyIngress.drop - 
[19:08:04.375] [bmv2] [D] [thread 8832] Set default default entry for table 'tbl_drop_0': MyIngress.drop - 
[19:08:04.377] [bmv2] [D] [thread 8832] simple_switch target has been notified of a config swap
[19:08:04.384] [bmv2] [D] [thread 8833] Set default entry for table 'MyIngress.ipv4_lpm': MyIngress.drop - 
[19:08:04.403] [bmv2] [D] [thread 8832] Entry 0 added to table 'MyIngress.ipv4_lpm'
[19:08:04.403] [bmv2] [D] [thread 8832] Dumping entry 0
Match key:
* hdr.ipv4.dstAddr    : LPM       0a000101/32
Action entry: MyIngress.ipv4_forward - 80000000111,1,

[19:08:04.408] [bmv2] [D] [thread 8833] Entry 1 added to table 'MyIngress.ipv4_lpm'
[19:08:04.409] [bmv2] [D] [thread 8833] Dumping entry 1
Match key:
* hdr.ipv4.dstAddr    : LPM       0a000202/32
Action entry: MyIngress.ipv4_forward - 80000000222,2,

[19:08:04.412] [bmv2] [D] [thread 8832] Entry 2 added to table 'MyIngress.ipv4_lpm'
[19:08:04.413] [bmv2] [D] [thread 8832] Dumping entry 2
Match key:
* hdr.ipv4.dstAddr    : LPM       0a000303/32
Action entry: MyIngress.ipv4_forward - 80000000300,3,

[19:08:04.418] [bmv2] [D] [thread 8833] Entry 3 added to table 'MyIngress.ipv4_lpm'
[19:08:04.419] [bmv2] [D] [thread 8833] Dumping entry 3
Match key:
* hdr.ipv4.dstAddr    : LPM       0a000404/32
Action entry: MyIngress.ipv4_forward - 80000000400,4,

