Calling target program-options parser
[01:31:24.629] [bmv2] [D] [thread 26216] Set default default entry for table 'MyIngress.ipv4_lpm': MyIngress.drop - 
[01:31:24.629] [bmv2] [D] [thread 26216] Set default default entry for table 'tbl_drop': MyIngress.drop - 
[01:31:24.630] [bmv2] [D] [thread 26216] Set default default entry for table 'tbl_drop_0': MyIngress.drop - 
[01:31:24.630] [bmv2] [D] [thread 26216] Set default default entry for table 'tbl_drop_1': MyIngress.drop - 
[01:31:24.631] [bmv2] [D] [thread 26216] Set default default entry for table 'tbl_basic202': basic202 - 
Adding interface s2-eth1 as port 1
[01:31:24.635] [bmv2] [D] [thread 26216] Adding interface s2-eth1 as port 1
Adding interface s2-eth2 as port 2
[01:31:24.678] [bmv2] [D] [thread 26216] Adding interface s2-eth2 as port 2
Adding interface s2-eth3 as port 3
[01:31:24.722] [bmv2] [D] [thread 26216] Adding interface s2-eth3 as port 3
Adding interface s2-eth4 as port 4
[01:31:24.762] [bmv2] [D] [thread 26216] Adding interface s2-eth4 as port 4
Server listening on 0.0.0.0:50052
[01:31:24.798] [bmv2] [I] [thread 26216] Starting Thrift server on port 9091
[01:31:24.799] [bmv2] [I] [thread 26216] Thrift server was started
[01:31:24.978] [bmv2] [D] [thread 26227] [0.0] [cxt 0] Processing packet received on port 2
[01:31:24.978] [bmv2] [D] [thread 26227] [0.0] [cxt 0] Parser 'parser': start
[01:31:24.979] [bmv2] [D] [thread 26227] [0.0] [cxt 0] Parser 'parser' entering state 'start'
[01:31:24.979] [bmv2] [D] [thread 26227] [0.0] [cxt 0] Extracting header 'ethernet'
[01:31:24.979] [bmv2] [D] [thread 26227] [0.0] [cxt 0] Parser state 'start': key is 86dd
[01:31:24.980] [bmv2] [T] [thread 26227] [0.0] [cxt 0] Bytes parsed: 14
[01:31:24.980] [bmv2] [D] [thread 26227] [0.0] [cxt 0] Parser 'parser' entering state 'parse_ipv6'
[01:31:24.980] [bmv2] [D] [thread 26227] [0.0] [cxt 0] Extracting header 'ipv6'
[01:31:24.981] [bmv2] [D] [thread 26227] [0.0] [cxt 0] Parser state 'parse_ipv6' has no switch, going to default next state
[01:31:24.981] [bmv2] [T] [thread 26227] [0.0] [cxt 0] Bytes parsed: 54
[01:31:24.981] [bmv2] [T] [thread 26227] [0.0] [cxt 0] Skipping checksum 'cksum_0' verification because target field invalid
[01:31:24.982] [bmv2] [D] [thread 26227] [0.0] [cxt 0] Parser 'parser': end
[01:31:24.982] [bmv2] [D] [thread 26227] [0.0] [cxt 0] Pipeline 'ingress': start
[01:31:24.982] [bmv2] [T] [thread 26227] [0.0] [cxt 0] basic.p4(177) Condition "hdr.ipv4.isValid()" (node_2) is false
[01:31:24.982] [bmv2] [T] [thread 26227] [0.0] [cxt 0] basic.p4(184) Condition "hdr.ipv6.isValid()" (node_8) is true
[01:31:24.983] [bmv2] [T] [thread 26227] [0.0] [cxt 0] basic.p4(186) Condition "hdr.ipv6.hop_lim == 0" (node_9) is false
[01:31:24.983] [bmv2] [D] [thread 26227] [0.0] [cxt 0] Pipeline 'ingress': end
[01:31:24.983] [bmv2] [D] [thread 26227] [0.0] [cxt 0] Egress port is 0
[01:31:24.985] [bmv2] [D] [thread 26227] [1.0] [cxt 0] Processing packet received on port 2
[01:31:24.985] [bmv2] [D] [thread 26227] [1.0] [cxt 0] Parser 'parser': start
[01:31:24.985] [bmv2] [D] [thread 26227] [1.0] [cxt 0] Parser 'parser' entering state 'start'
[01:31:24.986] [bmv2] [D] [thread 26227] [1.0] [cxt 0] Extracting header 'ethernet'
[01:31:24.986] [bmv2] [D] [thread 26227] [1.0] [cxt 0] Parser state 'start': key is 86dd
[01:31:24.987] [bmv2] [T] [thread 26227] [1.0] [cxt 0] Bytes parsed: 14
[01:31:24.987] [bmv2] [D] [thread 26227] [1.0] [cxt 0] Parser 'parser' entering state 'parse_ipv6'
[01:31:24.987] [bmv2] [D] [thread 26227] [1.0] [cxt 0] Extracting header 'ipv6'
[01:31:24.987] [bmv2] [D] [thread 26227] [1.0] [cxt 0] Parser state 'parse_ipv6' has no switch, going to default next state
[01:31:24.987] [bmv2] [T] [thread 26227] [1.0] [cxt 0] Bytes parsed: 54
[01:31:24.987] [bmv2] [T] [thread 26227] [1.0] [cxt 0] Skipping checksum 'cksum_0' verification because target field invalid
[01:31:24.987] [bmv2] [D] [thread 26227] [1.0] [cxt 0] Parser 'parser': end
[01:31:24.988] [bmv2] [D] [thread 26227] [1.0] [cxt 0] Pipeline 'ingress': start
[01:31:24.988] [bmv2] [T] [thread 26227] [1.0] [cxt 0] basic.p4(177) Condition "hdr.ipv4.isValid()" (node_2) is false
[01:31:24.988] [bmv2] [T] [thread 26227] [1.0] [cxt 0] basic.p4(184) Condition "hdr.ipv6.isValid()" (node_8) is true
[01:31:24.988] [bmv2] [T] [thread 26227] [1.0] [cxt 0] basic.p4(186) Condition "hdr.ipv6.hop_lim == 0" (node_9) is false
[01:31:24.988] [bmv2] [D] [thread 26227] [1.0] [cxt 0] Pipeline 'ingress': end
[01:31:24.986] [bmv2] [D] [thread 26228] [0.0] [cxt 0] Pipeline 'egress': start
[01:31:24.988] [bmv2] [T] [thread 26228] [0.0] [cxt 0] basic.p4(200) Condition "hdr.time.isValid()" (node_13) is false
[01:31:24.988] [bmv2] [T] [thread 26228] [0.0] [cxt 0] Applying table 'tbl_basic202'
[01:31:24.988] [bmv2] [D] [thread 26228] [0.0] [cxt 0] Looking up key:

[01:31:24.989] [bmv2] [D] [thread 26228] [0.0] [cxt 0] Table 'tbl_basic202': miss
[01:31:24.989] [bmv2] [D] [thread 26228] [0.0] [cxt 0] Action entry is basic202 - 
[01:31:24.989] [bmv2] [T] [thread 26228] [0.0] [cxt 0] Action basic202
[01:31:24.989] [bmv2] [T] [thread 26228] [0.0] [cxt 0] basic.p4(202) Primitive hdr.time.setValid()
[01:31:24.989] [bmv2] [T] [thread 26228] [0.0] [cxt 0] basic.p4(204) Primitive hdr.time.ingress_ts = standard_metadata.ingress_global_timestamp
[01:31:24.990] [bmv2] [T] [thread 26228] [0.0] [cxt 0] basic.p4(205) Primitive hdr.time.egress_ts = standard_metadata.egress_global_timestamp
[01:31:24.990] [bmv2] [T] [thread 26228] [0.0] [cxt 0] basic.p4(206) Primitive hdr.time.enq_ts = standard_metadata.enq_timestamp
[01:31:24.990] [bmv2] [T] [thread 26228] [0.0] [cxt 0] basic.p4(207) Primitive hdr.time.deq_ts = standard_metadata.deq_timedelta
[01:31:24.990] [bmv2] [D] [thread 26228] [0.0] [cxt 0] Pipeline 'egress': end
[01:31:24.990] [bmv2] [D] [thread 26228] [0.0] [cxt 0] Deparser 'deparser': start
[01:31:24.991] [bmv2] [T] [thread 26228] [0.0] [cxt 0] Skipping checksum 'cksum' update because condition not met
[01:31:24.991] [bmv2] [D] [thread 26228] [0.0] [cxt 0] Deparsing header 'ethernet'
[01:31:24.991] [bmv2] [D] [thread 26228] [0.0] [cxt 0] Deparsing header 'time'
[01:31:24.991] [bmv2] [D] [thread 26228] [0.0] [cxt 0] Deparser 'deparser': end
[01:31:24.988] [bmv2] [D] [thread 26227] [1.0] [cxt 0] Egress port is 0
[01:31:24.992] [bmv2] [D] [thread 26228] [1.0] [cxt 0] Pipeline 'egress': start
[01:31:24.992] [bmv2] [T] [thread 26228] [1.0] [cxt 0] basic.p4(200) Condition "hdr.time.isValid()" (node_13) is false
[01:31:24.992] [bmv2] [T] [thread 26228] [1.0] [cxt 0] Applying table 'tbl_basic202'
[01:31:24.992] [bmv2] [D] [thread 26228] [1.0] [cxt 0] Looking up key:

[01:31:24.992] [bmv2] [D] [thread 26228] [1.0] [cxt 0] Table 'tbl_basic202': miss
[01:31:24.992] [bmv2] [D] [thread 26228] [1.0] [cxt 0] Action entry is basic202 - 
[01:31:24.992] [bmv2] [T] [thread 26228] [1.0] [cxt 0] Action basic202
[01:31:24.992] [bmv2] [T] [thread 26228] [1.0] [cxt 0] basic.p4(202) Primitive hdr.time.setValid()
[01:31:24.992] [bmv2] [T] [thread 26228] [1.0] [cxt 0] basic.p4(204) Primitive hdr.time.ingress_ts = standard_metadata.ingress_global_timestamp
[01:31:24.992] [bmv2] [T] [thread 26228] [1.0] [cxt 0] basic.p4(205) Primitive hdr.time.egress_ts = standard_metadata.egress_global_timestamp
[01:31:24.993] [bmv2] [T] [thread 26228] [1.0] [cxt 0] basic.p4(206) Primitive hdr.time.enq_ts = standard_metadata.enq_timestamp
[01:31:24.993] [bmv2] [T] [thread 26228] [1.0] [cxt 0] basic.p4(207) Primitive hdr.time.deq_ts = standard_metadata.deq_timedelta
[01:31:24.993] [bmv2] [D] [thread 26228] [1.0] [cxt 0] Pipeline 'egress': end
[01:31:24.993] [bmv2] [D] [thread 26228] [1.0] [cxt 0] Deparser 'deparser': start
[01:31:24.993] [bmv2] [T] [thread 26228] [1.0] [cxt 0] Skipping checksum 'cksum' update because condition not met
[01:31:24.993] [bmv2] [D] [thread 26228] [1.0] [cxt 0] Deparsing header 'ethernet'
[01:31:24.993] [bmv2] [D] [thread 26228] [1.0] [cxt 0] Deparsing header 'time'
[01:31:24.993] [bmv2] [D] [thread 26228] [1.0] [cxt 0] Deparser 'deparser': end
[01:31:24.993] [bmv2] [D] [thread 26232] [0.0] [cxt 0] Transmitting packet of size 70 out of port 0
[01:31:24.993] [bmv2] [D] [thread 26232] [1.0] [cxt 0] Transmitting packet of size 50 out of port 0
[01:31:25.070] [bmv2] [D] [thread 26227] [2.0] [cxt 0] Processing packet received on port 3
[01:31:25.070] [bmv2] [D] [thread 26227] [2.0] [cxt 0] Parser 'parser': start
[01:31:25.071] [bmv2] [D] [thread 26227] [2.0] [cxt 0] Parser 'parser' entering state 'start'
[01:31:25.071] [bmv2] [D] [thread 26227] [2.0] [cxt 0] Extracting header 'ethernet'
[01:31:25.071] [bmv2] [D] [thread 26227] [2.0] [cxt 0] Parser state 'start': key is 86dd
[01:31:25.072] [bmv2] [T] [thread 26227] [2.0] [cxt 0] Bytes parsed: 14
[01:31:25.073] [bmv2] [D] [thread 26227] [2.0] [cxt 0] Parser 'parser' entering state 'parse_ipv6'
[01:31:25.073] [bmv2] [D] [thread 26227] [2.0] [cxt 0] Extracting header 'ipv6'
[01:31:25.074] [bmv2] [D] [thread 26227] [2.0] [cxt 0] Parser state 'parse_ipv6' has no switch, going to default next state
[01:31:25.074] [bmv2] [T] [thread 26227] [2.0] [cxt 0] Bytes parsed: 54
[01:31:25.075] [bmv2] [T] [thread 26227] [2.0] [cxt 0] Skipping checksum 'cksum_0' verification because target field invalid
[01:31:25.075] [bmv2] [D] [thread 26227] [2.0] [cxt 0] Parser 'parser': end
[01:31:25.076] [bmv2] [D] [thread 26227] [2.0] [cxt 0] Pipeline 'ingress': start
[01:31:25.076] [bmv2] [T] [thread 26227] [2.0] [cxt 0] basic.p4(177) Condition "hdr.ipv4.isValid()" (node_2) is false
[01:31:25.077] [bmv2] [T] [thread 26227] [2.0] [cxt 0] basic.p4(184) Condition "hdr.ipv6.isValid()" (node_8) is true
[01:31:25.077] [bmv2] [T] [thread 26227] [2.0] [cxt 0] basic.p4(186) Condition "hdr.ipv6.hop_lim == 0" (node_9) is false
[01:31:25.078] [bmv2] [D] [thread 26227] [2.0] [cxt 0] Pipeline 'ingress': end
[01:31:25.078] [bmv2] [D] [thread 26227] [2.0] [cxt 0] Egress port is 0
[01:31:25.079] [bmv2] [D] [thread 26228] [2.0] [cxt 0] Pipeline 'egress': start
[01:31:25.079] [bmv2] [T] [thread 26228] [2.0] [cxt 0] basic.p4(200) Condition "hdr.time.isValid()" (node_13) is false
[01:31:25.080] [bmv2] [T] [thread 26228] [2.0] [cxt 0] Applying table 'tbl_basic202'
[01:31:25.080] [bmv2] [D] [thread 26228] [2.0] [cxt 0] Looking up key:

[01:31:25.081] [bmv2] [D] [thread 26228] [2.0] [cxt 0] Table 'tbl_basic202': miss
[01:31:25.081] [bmv2] [D] [thread 26228] [2.0] [cxt 0] Action entry is basic202 - 
[01:31:25.082] [bmv2] [T] [thread 26228] [2.0] [cxt 0] Action basic202
[01:31:25.082] [bmv2] [T] [thread 26228] [2.0] [cxt 0] basic.p4(202) Primitive hdr.time.setValid()
[01:31:25.082] [bmv2] [T] [thread 26228] [2.0] [cxt 0] basic.p4(204) Primitive hdr.time.ingress_ts = standard_metadata.ingress_global_timestamp
[01:31:25.083] [bmv2] [T] [thread 26228] [2.0] [cxt 0] basic.p4(205) Primitive hdr.time.egress_ts = standard_metadata.egress_global_timestamp
[01:31:25.084] [bmv2] [T] [thread 26228] [2.0] [cxt 0] basic.p4(206) Primitive hdr.time.enq_ts = standard_metadata.enq_timestamp
[01:31:25.084] [bmv2] [T] [thread 26228] [2.0] [cxt 0] basic.p4(207) Primitive hdr.time.deq_ts = standard_metadata.deq_timedelta
[01:31:25.084] [bmv2] [D] [thread 26228] [2.0] [cxt 0] Pipeline 'egress': end
[01:31:25.085] [bmv2] [D] [thread 26228] [2.0] [cxt 0] Deparser 'deparser': start
[01:31:25.085] [bmv2] [T] [thread 26228] [2.0] [cxt 0] Skipping checksum 'cksum' update because condition not met
[01:31:25.086] [bmv2] [D] [thread 26228] [2.0] [cxt 0] Deparsing header 'ethernet'
[01:31:25.087] [bmv2] [D] [thread 26228] [2.0] [cxt 0] Deparsing header 'time'
[01:31:25.087] [bmv2] [D] [thread 26228] [2.0] [cxt 0] Deparser 'deparser': end
[01:31:25.088] [bmv2] [D] [thread 26232] [2.0] [cxt 0] Transmitting packet of size 70 out of port 0
[01:31:25.079] [bmv2] [D] [thread 26227] [3.0] [cxt 0] Processing packet received on port 3
[01:31:25.089] [bmv2] [D] [thread 26227] [3.0] [cxt 0] Parser 'parser': start
[01:31:25.089] [bmv2] [D] [thread 26227] [3.0] [cxt 0] Parser 'parser' entering state 'start'
[01:31:25.089] [bmv2] [D] [thread 26227] [3.0] [cxt 0] Extracting header 'ethernet'
[01:31:25.090] [bmv2] [D] [thread 26227] [3.0] [cxt 0] Parser state 'start': key is 86dd
[01:31:25.090] [bmv2] [T] [thread 26227] [3.0] [cxt 0] Bytes parsed: 14
[01:31:25.091] [bmv2] [D] [thread 26227] [3.0] [cxt 0] Parser 'parser' entering state 'parse_ipv6'
[01:31:25.091] [bmv2] [D] [thread 26227] [3.0] [cxt 0] Extracting header 'ipv6'
[01:31:25.091] [bmv2] [D] [thread 26227] [3.0] [cxt 0] Parser state 'parse_ipv6' has no switch, going to default next state
[01:31:25.092] [bmv2] [T] [thread 26227] [3.0] [cxt 0] Bytes parsed: 54
[01:31:25.092] [bmv2] [T] [thread 26227] [3.0] [cxt 0] Skipping checksum 'cksum_0' verification because target field invalid
[01:31:25.092] [bmv2] [D] [thread 26227] [3.0] [cxt 0] Parser 'parser': end
[01:31:25.093] [bmv2] [D] [thread 26227] [3.0] [cxt 0] Pipeline 'ingress': start
[01:31:25.093] [bmv2] [T] [thread 26227] [3.0] [cxt 0] basic.p4(177) Condition "hdr.ipv4.isValid()" (node_2) is false
[01:31:25.094] [bmv2] [T] [thread 26227] [3.0] [cxt 0] basic.p4(184) Condition "hdr.ipv6.isValid()" (node_8) is true
[01:31:25.094] [bmv2] [T] [thread 26227] [3.0] [cxt 0] basic.p4(186) Condition "hdr.ipv6.hop_lim == 0" (node_9) is false
[01:31:25.095] [bmv2] [D] [thread 26227] [3.0] [cxt 0] Pipeline 'ingress': end
[01:31:25.095] [bmv2] [D] [thread 26227] [3.0] [cxt 0] Egress port is 0
[01:31:25.097] [bmv2] [D] [thread 26228] [3.0] [cxt 0] Pipeline 'egress': start
[01:31:25.097] [bmv2] [T] [thread 26228] [3.0] [cxt 0] basic.p4(200) Condition "hdr.time.isValid()" (node_13) is false
[01:31:25.098] [bmv2] [T] [thread 26228] [3.0] [cxt 0] Applying table 'tbl_basic202'
[01:31:25.098] [bmv2] [D] [thread 26228] [3.0] [cxt 0] Looking up key:

[01:31:25.099] [bmv2] [D] [thread 26228] [3.0] [cxt 0] Table 'tbl_basic202': miss
[01:31:25.100] [bmv2] [D] [thread 26228] [3.0] [cxt 0] Action entry is basic202 - 
[01:31:25.100] [bmv2] [T] [thread 26228] [3.0] [cxt 0] Action basic202
[01:31:25.101] [bmv2] [T] [thread 26228] [3.0] [cxt 0] basic.p4(202) Primitive hdr.time.setValid()
[01:31:25.101] [bmv2] [T] [thread 26228] [3.0] [cxt 0] basic.p4(204) Primitive hdr.time.ingress_ts = standard_metadata.ingress_global_timestamp
[01:31:25.102] [bmv2] [T] [thread 26228] [3.0] [cxt 0] basic.p4(205) Primitive hdr.time.egress_ts = standard_metadata.egress_global_timestamp
[01:31:25.103] [bmv2] [T] [thread 26228] [3.0] [cxt 0] basic.p4(206) Primitive hdr.time.enq_ts = standard_metadata.enq_timestamp
[01:31:25.103] [bmv2] [T] [thread 26228] [3.0] [cxt 0] basic.p4(207) Primitive hdr.time.deq_ts = standard_metadata.deq_timedelta
[01:31:25.104] [bmv2] [D] [thread 26228] [3.0] [cxt 0] Pipeline 'egress': end
[01:31:25.104] [bmv2] [D] [thread 26228] [3.0] [cxt 0] Deparser 'deparser': start
[01:31:25.105] [bmv2] [T] [thread 26228] [3.0] [cxt 0] Skipping checksum 'cksum' update because condition not met
[01:31:25.105] [bmv2] [D] [thread 26228] [3.0] [cxt 0] Deparsing header 'ethernet'
[01:31:25.106] [bmv2] [D] [thread 26228] [3.0] [cxt 0] Deparsing header 'time'
[01:31:25.106] [bmv2] [D] [thread 26228] [3.0] [cxt 0] Deparser 'deparser': end
[01:31:25.107] [bmv2] [D] [thread 26232] [3.0] [cxt 0] Transmitting packet of size 50 out of port 0
[01:31:25.198] [bmv2] [D] [thread 26227] [4.0] [cxt 0] Processing packet received on port 4
[01:31:25.208] [bmv2] [D] [thread 26227] [4.0] [cxt 0] Parser 'parser': start
[01:31:25.209] [bmv2] [D] [thread 26227] [4.0] [cxt 0] Parser 'parser' entering state 'start'
[01:31:25.209] [bmv2] [D] [thread 26227] [4.0] [cxt 0] Extracting header 'ethernet'
[01:31:25.209] [bmv2] [D] [thread 26227] [4.0] [cxt 0] Parser state 'start': key is 86dd
[01:31:25.210] [bmv2] [T] [thread 26227] [4.0] [cxt 0] Bytes parsed: 14
[01:31:25.210] [bmv2] [D] [thread 26227] [4.0] [cxt 0] Parser 'parser' entering state 'parse_ipv6'
[01:31:25.210] [bmv2] [D] [thread 26227] [4.0] [cxt 0] Extracting header 'ipv6'
[01:31:25.210] [bmv2] [D] [thread 26227] [4.0] [cxt 0] Parser state 'parse_ipv6' has no switch, going to default next state
[01:31:25.210] [bmv2] [T] [thread 26227] [4.0] [cxt 0] Bytes parsed: 54
[01:31:25.210] [bmv2] [T] [thread 26227] [4.0] [cxt 0] Skipping checksum 'cksum_0' verification because target field invalid
[01:31:25.210] [bmv2] [D] [thread 26227] [4.0] [cxt 0] Parser 'parser': end
[01:31:25.211] [bmv2] [D] [thread 26227] [4.0] [cxt 0] Pipeline 'ingress': start
[01:31:25.211] [bmv2] [T] [thread 26227] [4.0] [cxt 0] basic.p4(177) Condition "hdr.ipv4.isValid()" (node_2) is false
[01:31:25.211] [bmv2] [T] [thread 26227] [4.0] [cxt 0] basic.p4(184) Condition "hdr.ipv6.isValid()" (node_8) is true
[01:31:25.211] [bmv2] [T] [thread 26227] [4.0] [cxt 0] basic.p4(186) Condition "hdr.ipv6.hop_lim == 0" (node_9) is false
[01:31:25.212] [bmv2] [D] [thread 26227] [4.0] [cxt 0] Pipeline 'ingress': end
[01:31:25.212] [bmv2] [D] [thread 26227] [4.0] [cxt 0] Egress port is 0
[01:31:25.212] [bmv2] [D] [thread 26227] [5.0] [cxt 0] Processing packet received on port 4
[01:31:25.212] [bmv2] [D] [thread 26227] [5.0] [cxt 0] Parser 'parser': start
[01:31:25.212] [bmv2] [D] [thread 26227] [5.0] [cxt 0] Parser 'parser' entering state 'start'
[01:31:25.213] [bmv2] [D] [thread 26227] [5.0] [cxt 0] Extracting header 'ethernet'
[01:31:25.213] [bmv2] [D] [thread 26227] [5.0] [cxt 0] Parser state 'start': key is 86dd
[01:31:25.213] [bmv2] [T] [thread 26227] [5.0] [cxt 0] Bytes parsed: 14
[01:31:25.213] [bmv2] [D] [thread 26227] [5.0] [cxt 0] Parser 'parser' entering state 'parse_ipv6'
[01:31:25.213] [bmv2] [D] [thread 26227] [5.0] [cxt 0] Extracting header 'ipv6'
[01:31:25.214] [bmv2] [D] [thread 26227] [5.0] [cxt 0] Parser state 'parse_ipv6' has no switch, going to default next state
[01:31:25.214] [bmv2] [T] [thread 26227] [5.0] [cxt 0] Bytes parsed: 54
[01:31:25.214] [bmv2] [T] [thread 26227] [5.0] [cxt 0] Skipping checksum 'cksum_0' verification because target field invalid
[01:31:25.214] [bmv2] [D] [thread 26227] [5.0] [cxt 0] Parser 'parser': end
[01:31:25.214] [bmv2] [D] [thread 26227] [5.0] [cxt 0] Pipeline 'ingress': start
[01:31:25.215] [bmv2] [T] [thread 26227] [5.0] [cxt 0] basic.p4(177) Condition "hdr.ipv4.isValid()" (node_2) is false
[01:31:25.215] [bmv2] [T] [thread 26227] [5.0] [cxt 0] basic.p4(184) Condition "hdr.ipv6.isValid()" (node_8) is true
[01:31:25.215] [bmv2] [T] [thread 26227] [5.0] [cxt 0] basic.p4(186) Condition "hdr.ipv6.hop_lim == 0" (node_9) is false
[01:31:25.215] [bmv2] [D] [thread 26227] [5.0] [cxt 0] Pipeline 'ingress': end
[01:31:25.216] [bmv2] [D] [thread 26227] [5.0] [cxt 0] Egress port is 0
[01:31:25.212] [bmv2] [D] [thread 26228] [4.0] [cxt 0] Pipeline 'egress': start
[01:31:25.218] [bmv2] [T] [thread 26228] [4.0] [cxt 0] basic.p4(200) Condition "hdr.time.isValid()" (node_13) is false
[01:31:25.218] [bmv2] [T] [thread 26228] [4.0] [cxt 0] Applying table 'tbl_basic202'
[01:31:25.218] [bmv2] [D] [thread 26228] [4.0] [cxt 0] Looking up key:

[01:31:25.218] [bmv2] [D] [thread 26228] [4.0] [cxt 0] Table 'tbl_basic202': miss
[01:31:25.218] [bmv2] [D] [thread 26228] [4.0] [cxt 0] Action entry is basic202 - 
[01:31:25.218] [bmv2] [T] [thread 26228] [4.0] [cxt 0] Action basic202
[01:31:25.219] [bmv2] [T] [thread 26228] [4.0] [cxt 0] basic.p4(202) Primitive hdr.time.setValid()
[01:31:25.219] [bmv2] [T] [thread 26228] [4.0] [cxt 0] basic.p4(204) Primitive hdr.time.ingress_ts = standard_metadata.ingress_global_timestamp
[01:31:25.219] [bmv2] [T] [thread 26228] [4.0] [cxt 0] basic.p4(205) Primitive hdr.time.egress_ts = standard_metadata.egress_global_timestamp
[01:31:25.219] [bmv2] [T] [thread 26228] [4.0] [cxt 0] basic.p4(206) Primitive hdr.time.enq_ts = standard_metadata.enq_timestamp
[01:31:25.219] [bmv2] [T] [thread 26228] [4.0] [cxt 0] basic.p4(207) Primitive hdr.time.deq_ts = standard_metadata.deq_timedelta
[01:31:25.219] [bmv2] [D] [thread 26228] [4.0] [cxt 0] Pipeline 'egress': end
[01:31:25.219] [bmv2] [D] [thread 26228] [4.0] [cxt 0] Deparser 'deparser': start
[01:31:25.220] [bmv2] [T] [thread 26228] [4.0] [cxt 0] Skipping checksum 'cksum' update because condition not met
[01:31:25.220] [bmv2] [D] [thread 26228] [4.0] [cxt 0] Deparsing header 'ethernet'
[01:31:25.220] [bmv2] [D] [thread 26228] [4.0] [cxt 0] Deparsing header 'time'
[01:31:25.220] [bmv2] [D] [thread 26228] [4.0] [cxt 0] Deparser 'deparser': end
[01:31:25.220] [bmv2] [D] [thread 26228] [5.0] [cxt 0] Pipeline 'egress': start
[01:31:25.221] [bmv2] [D] [thread 26232] [4.0] [cxt 0] Transmitting packet of size 70 out of port 0
[01:31:25.221] [bmv2] [T] [thread 26228] [5.0] [cxt 0] basic.p4(200) Condition "hdr.time.isValid()" (node_13) is false
[01:31:25.221] [bmv2] [T] [thread 26228] [5.0] [cxt 0] Applying table 'tbl_basic202'
[01:31:25.221] [bmv2] [D] [thread 26228] [5.0] [cxt 0] Looking up key:

[01:31:25.222] [bmv2] [D] [thread 26228] [5.0] [cxt 0] Table 'tbl_basic202': miss
[01:31:25.222] [bmv2] [D] [thread 26228] [5.0] [cxt 0] Action entry is basic202 - 
[01:31:25.222] [bmv2] [T] [thread 26228] [5.0] [cxt 0] Action basic202
[01:31:25.222] [bmv2] [T] [thread 26228] [5.0] [cxt 0] basic.p4(202) Primitive hdr.time.setValid()
[01:31:25.223] [bmv2] [T] [thread 26228] [5.0] [cxt 0] basic.p4(204) Primitive hdr.time.ingress_ts = standard_metadata.ingress_global_timestamp
[01:31:25.223] [bmv2] [T] [thread 26228] [5.0] [cxt 0] basic.p4(205) Primitive hdr.time.egress_ts = standard_metadata.egress_global_timestamp
[01:31:25.223] [bmv2] [T] [thread 26228] [5.0] [cxt 0] basic.p4(206) Primitive hdr.time.enq_ts = standard_metadata.enq_timestamp
[01:31:25.223] [bmv2] [T] [thread 26228] [5.0] [cxt 0] basic.p4(207) Primitive hdr.time.deq_ts = standard_metadata.deq_timedelta
[01:31:25.223] [bmv2] [D] [thread 26228] [5.0] [cxt 0] Pipeline 'egress': end
[01:31:25.223] [bmv2] [D] [thread 26228] [5.0] [cxt 0] Deparser 'deparser': start
[01:31:25.224] [bmv2] [T] [thread 26228] [5.0] [cxt 0] Skipping checksum 'cksum' update because condition not met
[01:31:25.224] [bmv2] [D] [thread 26228] [5.0] [cxt 0] Deparsing header 'ethernet'
[01:31:25.224] [bmv2] [D] [thread 26228] [5.0] [cxt 0] Deparsing header 'time'
[01:31:25.225] [bmv2] [D] [thread 26228] [5.0] [cxt 0] Deparser 'deparser': end
[01:31:25.226] [bmv2] [D] [thread 26232] [5.0] [cxt 0] Transmitting packet of size 50 out of port 0
[01:31:25.328] [bmv2] [D] [thread 26227] [6.0] [cxt 0] Processing packet received on port 1
[01:31:25.329] [bmv2] [D] [thread 26227] [6.0] [cxt 0] Parser 'parser': start
[01:31:25.329] [bmv2] [D] [thread 26227] [6.0] [cxt 0] Parser 'parser' entering state 'start'
[01:31:25.329] [bmv2] [D] [thread 26227] [6.0] [cxt 0] Extracting header 'ethernet'
[01:31:25.329] [bmv2] [D] [thread 26227] [6.0] [cxt 0] Parser state 'start': key is 86dd
[01:31:25.329] [bmv2] [T] [thread 26227] [6.0] [cxt 0] Bytes parsed: 14
[01:31:25.329] [bmv2] [D] [thread 26227] [6.0] [cxt 0] Parser 'parser' entering state 'parse_ipv6'
[01:31:25.329] [bmv2] [D] [thread 26227] [6.0] [cxt 0] Extracting header 'ipv6'
[01:31:25.329] [bmv2] [D] [thread 26227] [6.0] [cxt 0] Parser state 'parse_ipv6' has no switch, going to default next state
[01:31:25.329] [bmv2] [T] [thread 26227] [6.0] [cxt 0] Bytes parsed: 54
[01:31:25.329] [bmv2] [T] [thread 26227] [6.0] [cxt 0] Skipping checksum 'cksum_0' verification because target field invalid
[01:31:25.329] [bmv2] [D] [thread 26227] [6.0] [cxt 0] Parser 'parser': end
[01:31:25.329] [bmv2] [D] [thread 26227] [6.0] [cxt 0] Pipeline 'ingress': start
[01:31:25.329] [bmv2] [T] [thread 26227] [6.0] [cxt 0] basic.p4(177) Condition "hdr.ipv4.isValid()" (node_2) is false
[01:31:25.329] [bmv2] [T] [thread 26227] [6.0] [cxt 0] basic.p4(184) Condition "hdr.ipv6.isValid()" (node_8) is true
[01:31:25.329] [bmv2] [T] [thread 26227] [6.0] [cxt 0] basic.p4(186) Condition "hdr.ipv6.hop_lim == 0" (node_9) is false
[01:31:25.329] [bmv2] [D] [thread 26227] [6.0] [cxt 0] Pipeline 'ingress': end
[01:31:25.329] [bmv2] [D] [thread 26227] [6.0] [cxt 0] Egress port is 0
[01:31:25.329] [bmv2] [D] [thread 26228] [6.0] [cxt 0] Pipeline 'egress': start
[01:31:25.329] [bmv2] [T] [thread 26228] [6.0] [cxt 0] basic.p4(200) Condition "hdr.time.isValid()" (node_13) is false
[01:31:25.329] [bmv2] [T] [thread 26228] [6.0] [cxt 0] Applying table 'tbl_basic202'
[01:31:25.329] [bmv2] [D] [thread 26228] [6.0] [cxt 0] Looking up key:

[01:31:25.329] [bmv2] [D] [thread 26228] [6.0] [cxt 0] Table 'tbl_basic202': miss
[01:31:25.329] [bmv2] [D] [thread 26228] [6.0] [cxt 0] Action entry is basic202 - 
[01:31:25.329] [bmv2] [T] [thread 26228] [6.0] [cxt 0] Action basic202
[01:31:25.330] [bmv2] [T] [thread 26228] [6.0] [cxt 0] basic.p4(202) Primitive hdr.time.setValid()
[01:31:25.330] [bmv2] [T] [thread 26228] [6.0] [cxt 0] basic.p4(204) Primitive hdr.time.ingress_ts = standard_metadata.ingress_global_timestamp
[01:31:25.330] [bmv2] [T] [thread 26228] [6.0] [cxt 0] basic.p4(205) Primitive hdr.time.egress_ts = standard_metadata.egress_global_timestamp
[01:31:25.331] [bmv2] [T] [thread 26228] [6.0] [cxt 0] basic.p4(206) Primitive hdr.time.enq_ts = standard_metadata.enq_timestamp
[01:31:25.331] [bmv2] [T] [thread 26228] [6.0] [cxt 0] basic.p4(207) Primitive hdr.time.deq_ts = standard_metadata.deq_timedelta
[01:31:25.332] [bmv2] [D] [thread 26228] [6.0] [cxt 0] Pipeline 'egress': end
[01:31:25.332] [bmv2] [D] [thread 26228] [6.0] [cxt 0] Deparser 'deparser': start
[01:31:25.333] [bmv2] [T] [thread 26228] [6.0] [cxt 0] Skipping checksum 'cksum' update because condition not met
[01:31:25.333] [bmv2] [D] [thread 26228] [6.0] [cxt 0] Deparsing header 'ethernet'
[01:31:25.334] [bmv2] [D] [thread 26228] [6.0] [cxt 0] Deparsing header 'time'
[01:31:25.334] [bmv2] [D] [thread 26228] [6.0] [cxt 0] Deparser 'deparser': end
[01:31:25.329] [bmv2] [D] [thread 26227] [7.0] [cxt 0] Processing packet received on port 1
[01:31:25.335] [bmv2] [D] [thread 26227] [7.0] [cxt 0] Parser 'parser': start
[01:31:25.336] [bmv2] [D] [thread 26227] [7.0] [cxt 0] Parser 'parser' entering state 'start'
[01:31:25.337] [bmv2] [D] [thread 26227] [7.0] [cxt 0] Extracting header 'ethernet'
[01:31:25.337] [bmv2] [D] [thread 26227] [7.0] [cxt 0] Parser state 'start': key is 86dd
[01:31:25.338] [bmv2] [T] [thread 26227] [7.0] [cxt 0] Bytes parsed: 14
[01:31:25.338] [bmv2] [D] [thread 26227] [7.0] [cxt 0] Parser 'parser' entering state 'parse_ipv6'
[01:31:25.339] [bmv2] [D] [thread 26227] [7.0] [cxt 0] Extracting header 'ipv6'
[01:31:25.339] [bmv2] [D] [thread 26227] [7.0] [cxt 0] Parser state 'parse_ipv6' has no switch, going to default next state
[01:31:25.340] [bmv2] [T] [thread 26227] [7.0] [cxt 0] Bytes parsed: 54
[01:31:25.340] [bmv2] [T] [thread 26227] [7.0] [cxt 0] Skipping checksum 'cksum_0' verification because target field invalid
[01:31:25.341] [bmv2] [D] [thread 26227] [7.0] [cxt 0] Parser 'parser': end
[01:31:25.341] [bmv2] [D] [thread 26227] [7.0] [cxt 0] Pipeline 'ingress': start
[01:31:25.342] [bmv2] [T] [thread 26227] [7.0] [cxt 0] basic.p4(177) Condition "hdr.ipv4.isValid()" (node_2) is false
[01:31:25.342] [bmv2] [T] [thread 26227] [7.0] [cxt 0] basic.p4(184) Condition "hdr.ipv6.isValid()" (node_8) is true
[01:31:25.343] [bmv2] [T] [thread 26227] [7.0] [cxt 0] basic.p4(186) Condition "hdr.ipv6.hop_lim == 0" (node_9) is false
[01:31:25.343] [bmv2] [D] [thread 26227] [7.0] [cxt 0] Pipeline 'ingress': end
[01:31:25.344] [bmv2] [D] [thread 26227] [7.0] [cxt 0] Egress port is 0
[01:31:25.344] [bmv2] [D] [thread 26228] [7.0] [cxt 0] Pipeline 'egress': start
[01:31:25.345] [bmv2] [T] [thread 26228] [7.0] [cxt 0] basic.p4(200) Condition "hdr.time.isValid()" (node_13) is false
[01:31:25.345] [bmv2] [T] [thread 26228] [7.0] [cxt 0] Applying table 'tbl_basic202'
[01:31:25.346] [bmv2] [D] [thread 26228] [7.0] [cxt 0] Looking up key:

[01:31:25.346] [bmv2] [D] [thread 26228] [7.0] [cxt 0] Table 'tbl_basic202': miss
[01:31:25.347] [bmv2] [D] [thread 26228] [7.0] [cxt 0] Action entry is basic202 - 
[01:31:25.347] [bmv2] [T] [thread 26228] [7.0] [cxt 0] Action basic202
[01:31:25.348] [bmv2] [T] [thread 26228] [7.0] [cxt 0] basic.p4(202) Primitive hdr.time.setValid()
[01:31:25.348] [bmv2] [T] [thread 26228] [7.0] [cxt 0] basic.p4(204) Primitive hdr.time.ingress_ts = standard_metadata.ingress_global_timestamp
[01:31:25.336] [bmv2] [D] [thread 26232] [6.0] [cxt 0] Transmitting packet of size 70 out of port 0
[01:31:25.348] [bmv2] [T] [thread 26228] [7.0] [cxt 0] basic.p4(205) Primitive hdr.time.egress_ts = standard_metadata.egress_global_timestamp
[01:31:25.349] [bmv2] [T] [thread 26228] [7.0] [cxt 0] basic.p4(206) Primitive hdr.time.enq_ts = standard_metadata.enq_timestamp
[01:31:25.350] [bmv2] [T] [thread 26228] [7.0] [cxt 0] basic.p4(207) Primitive hdr.time.deq_ts = standard_metadata.deq_timedelta
[01:31:25.350] [bmv2] [D] [thread 26228] [7.0] [cxt 0] Pipeline 'egress': end
[01:31:25.351] [bmv2] [D] [thread 26228] [7.0] [cxt 0] Deparser 'deparser': start
[01:31:25.351] [bmv2] [T] [thread 26228] [7.0] [cxt 0] Skipping checksum 'cksum' update because condition not met
[01:31:25.352] [bmv2] [D] [thread 26228] [7.0] [cxt 0] Deparsing header 'ethernet'
[01:31:25.352] [bmv2] [D] [thread 26228] [7.0] [cxt 0] Deparsing header 'time'
[01:31:25.352] [bmv2] [D] [thread 26228] [7.0] [cxt 0] Deparser 'deparser': end
[01:31:25.354] [bmv2] [D] [thread 26232] [7.0] [cxt 0] Transmitting packet of size 50 out of port 0
[01:31:25.551] [bmv2] [D] [thread 26227] [8.0] [cxt 0] Processing packet received on port 4
[01:31:25.553] [bmv2] [D] [thread 26227] [8.0] [cxt 0] Parser 'parser': start
[01:31:25.553] [bmv2] [D] [thread 26227] [8.0] [cxt 0] Parser 'parser' entering state 'start'
[01:31:25.554] [bmv2] [D] [thread 26227] [8.0] [cxt 0] Extracting header 'ethernet'
[01:31:25.554] [bmv2] [D] [thread 26227] [8.0] [cxt 0] Parser state 'start': key is 86dd
[01:31:25.554] [bmv2] [T] [thread 26227] [8.0] [cxt 0] Bytes parsed: 14
[01:31:25.555] [bmv2] [D] [thread 26227] [8.0] [cxt 0] Parser 'parser' entering state 'parse_ipv6'
[01:31:25.555] [bmv2] [D] [thread 26227] [8.0] [cxt 0] Extracting header 'ipv6'
[01:31:25.556] [bmv2] [D] [thread 26227] [8.0] [cxt 0] Parser state 'parse_ipv6' has no switch, going to default next state
[01:31:25.556] [bmv2] [T] [thread 26227] [8.0] [cxt 0] Bytes parsed: 54
[01:31:25.557] [bmv2] [T] [thread 26227] [8.0] [cxt 0] Skipping checksum 'cksum_0' verification because target field invalid
[01:31:25.557] [bmv2] [D] [thread 26227] [8.0] [cxt 0] Parser 'parser': end
[01:31:25.558] [bmv2] [D] [thread 26227] [8.0] [cxt 0] Pipeline 'ingress': start
[01:31:25.558] [bmv2] [T] [thread 26227] [8.0] [cxt 0] basic.p4(177) Condition "hdr.ipv4.isValid()" (node_2) is false
[01:31:25.558] [bmv2] [T] [thread 26227] [8.0] [cxt 0] basic.p4(184) Condition "hdr.ipv6.isValid()" (node_8) is true
[01:31:25.559] [bmv2] [T] [thread 26227] [8.0] [cxt 0] basic.p4(186) Condition "hdr.ipv6.hop_lim == 0" (node_9) is false
[01:31:25.559] [bmv2] [D] [thread 26227] [8.0] [cxt 0] Pipeline 'ingress': end
[01:31:25.559] [bmv2] [D] [thread 26227] [8.0] [cxt 0] Egress port is 0
[01:31:25.560] [bmv2] [D] [thread 26228] [8.0] [cxt 0] Pipeline 'egress': start
[01:31:25.560] [bmv2] [T] [thread 26228] [8.0] [cxt 0] basic.p4(200) Condition "hdr.time.isValid()" (node_13) is false
[01:31:25.560] [bmv2] [T] [thread 26228] [8.0] [cxt 0] Applying table 'tbl_basic202'
[01:31:25.560] [bmv2] [D] [thread 26228] [8.0] [cxt 0] Looking up key:

[01:31:25.561] [bmv2] [D] [thread 26228] [8.0] [cxt 0] Table 'tbl_basic202': miss
[01:31:25.561] [bmv2] [D] [thread 26228] [8.0] [cxt 0] Action entry is basic202 - 
[01:31:25.561] [bmv2] [T] [thread 26228] [8.0] [cxt 0] Action basic202
[01:31:25.561] [bmv2] [T] [thread 26228] [8.0] [cxt 0] basic.p4(202) Primitive hdr.time.setValid()
[01:31:25.561] [bmv2] [T] [thread 26228] [8.0] [cxt 0] basic.p4(204) Primitive hdr.time.ingress_ts = standard_metadata.ingress_global_timestamp
[01:31:25.561] [bmv2] [T] [thread 26228] [8.0] [cxt 0] basic.p4(205) Primitive hdr.time.egress_ts = standard_metadata.egress_global_timestamp
[01:31:25.561] [bmv2] [T] [thread 26228] [8.0] [cxt 0] basic.p4(206) Primitive hdr.time.enq_ts = standard_metadata.enq_timestamp
[01:31:25.561] [bmv2] [T] [thread 26228] [8.0] [cxt 0] basic.p4(207) Primitive hdr.time.deq_ts = standard_metadata.deq_timedelta
[01:31:25.561] [bmv2] [D] [thread 26228] [8.0] [cxt 0] Pipeline 'egress': end
[01:31:25.561] [bmv2] [D] [thread 26228] [8.0] [cxt 0] Deparser 'deparser': start
[01:31:25.561] [bmv2] [T] [thread 26228] [8.0] [cxt 0] Skipping checksum 'cksum' update because condition not met
[01:31:25.561] [bmv2] [D] [thread 26228] [8.0] [cxt 0] Deparsing header 'ethernet'
[01:31:25.561] [bmv2] [D] [thread 26228] [8.0] [cxt 0] Deparsing header 'time'
[01:31:25.561] [bmv2] [D] [thread 26228] [8.0] [cxt 0] Deparser 'deparser': end
[01:31:25.562] [bmv2] [D] [thread 26232] [8.0] [cxt 0] Transmitting packet of size 70 out of port 0
[01:31:25.678] [bmv2] [D] [thread 26227] [9.0] [cxt 0] Processing packet received on port 3
[01:31:25.679] [bmv2] [D] [thread 26227] [9.0] [cxt 0] Parser 'parser': start
[01:31:25.679] [bmv2] [D] [thread 26227] [9.0] [cxt 0] Parser 'parser' entering state 'start'
[01:31:25.679] [bmv2] [D] [thread 26227] [9.0] [cxt 0] Extracting header 'ethernet'
[01:31:25.679] [bmv2] [D] [thread 26227] [9.0] [cxt 0] Parser state 'start': key is 86dd
[01:31:25.680] [bmv2] [T] [thread 26227] [9.0] [cxt 0] Bytes parsed: 14
[01:31:25.680] [bmv2] [D] [thread 26227] [9.0] [cxt 0] Parser 'parser' entering state 'parse_ipv6'
[01:31:25.681] [bmv2] [D] [thread 26227] [9.0] [cxt 0] Extracting header 'ipv6'
[01:31:25.681] [bmv2] [D] [thread 26227] [9.0] [cxt 0] Parser state 'parse_ipv6' has no switch, going to default next state
[01:31:25.682] [bmv2] [T] [thread 26227] [9.0] [cxt 0] Bytes parsed: 54
[01:31:25.682] [bmv2] [T] [thread 26227] [9.0] [cxt 0] Skipping checksum 'cksum_0' verification because target field invalid
[01:31:25.682] [bmv2] [D] [thread 26227] [9.0] [cxt 0] Parser 'parser': end
[01:31:25.683] [bmv2] [D] [thread 26227] [9.0] [cxt 0] Pipeline 'ingress': start
[01:31:25.684] [bmv2] [T] [thread 26227] [9.0] [cxt 0] basic.p4(177) Condition "hdr.ipv4.isValid()" (node_2) is false
[01:31:25.684] [bmv2] [T] [thread 26227] [9.0] [cxt 0] basic.p4(184) Condition "hdr.ipv6.isValid()" (node_8) is true
[01:31:25.684] [bmv2] [T] [thread 26227] [9.0] [cxt 0] basic.p4(186) Condition "hdr.ipv6.hop_lim == 0" (node_9) is false
[01:31:25.684] [bmv2] [D] [thread 26227] [9.0] [cxt 0] Pipeline 'ingress': end
[01:31:25.685] [bmv2] [D] [thread 26227] [9.0] [cxt 0] Egress port is 0
[01:31:25.685] [bmv2] [D] [thread 26227] [10.0] [cxt 0] Processing packet received on port 3
[01:31:25.685] [bmv2] [D] [thread 26227] [10.0] [cxt 0] Parser 'parser': start
[01:31:25.686] [bmv2] [D] [thread 26227] [10.0] [cxt 0] Parser 'parser' entering state 'start'
[01:31:25.686] [bmv2] [D] [thread 26227] [10.0] [cxt 0] Extracting header 'ethernet'
[01:31:25.685] [bmv2] [D] [thread 26228] [9.0] [cxt 0] Pipeline 'egress': start
[01:31:25.686] [bmv2] [T] [thread 26228] [9.0] [cxt 0] basic.p4(200) Condition "hdr.time.isValid()" (node_13) is false
[01:31:25.686] [bmv2] [T] [thread 26228] [9.0] [cxt 0] Applying table 'tbl_basic202'
[01:31:25.686] [bmv2] [D] [thread 26228] [9.0] [cxt 0] Looking up key:

[01:31:25.686] [bmv2] [D] [thread 26228] [9.0] [cxt 0] Table 'tbl_basic202': miss
[01:31:25.686] [bmv2] [D] [thread 26228] [9.0] [cxt 0] Action entry is basic202 - 
[01:31:25.686] [bmv2] [T] [thread 26228] [9.0] [cxt 0] Action basic202
[01:31:25.686] [bmv2] [T] [thread 26228] [9.0] [cxt 0] basic.p4(202) Primitive hdr.time.setValid()
[01:31:25.686] [bmv2] [T] [thread 26228] [9.0] [cxt 0] basic.p4(204) Primitive hdr.time.ingress_ts = standard_metadata.ingress_global_timestamp
[01:31:25.686] [bmv2] [T] [thread 26228] [9.0] [cxt 0] basic.p4(205) Primitive hdr.time.egress_ts = standard_metadata.egress_global_timestamp
[01:31:25.686] [bmv2] [T] [thread 26228] [9.0] [cxt 0] basic.p4(206) Primitive hdr.time.enq_ts = standard_metadata.enq_timestamp
[01:31:25.686] [bmv2] [T] [thread 26228] [9.0] [cxt 0] basic.p4(207) Primitive hdr.time.deq_ts = standard_metadata.deq_timedelta
[01:31:25.686] [bmv2] [D] [thread 26228] [9.0] [cxt 0] Pipeline 'egress': end
[01:31:25.686] [bmv2] [D] [thread 26228] [9.0] [cxt 0] Deparser 'deparser': start
[01:31:25.686] [bmv2] [T] [thread 26228] [9.0] [cxt 0] Skipping checksum 'cksum' update because condition not met
[01:31:25.686] [bmv2] [D] [thread 26228] [9.0] [cxt 0] Deparsing header 'ethernet'
[01:31:25.686] [bmv2] [D] [thread 26228] [9.0] [cxt 0] Deparsing header 'time'
[01:31:25.686] [bmv2] [D] [thread 26228] [9.0] [cxt 0] Deparser 'deparser': end
[01:31:25.686] [bmv2] [D] [thread 26232] [9.0] [cxt 0] Transmitting packet of size 70 out of port 0
[01:31:25.687] [bmv2] [D] [thread 26227] [10.0] [cxt 0] Parser state 'start': key is 86dd
[01:31:25.688] [bmv2] [T] [thread 26227] [10.0] [cxt 0] Bytes parsed: 14
[01:31:25.689] [bmv2] [D] [thread 26227] [10.0] [cxt 0] Parser 'parser' entering state 'parse_ipv6'
[01:31:25.690] [bmv2] [D] [thread 26227] [10.0] [cxt 0] Extracting header 'ipv6'
[01:31:25.690] [bmv2] [D] [thread 26227] [10.0] [cxt 0] Parser state 'parse_ipv6' has no switch, going to default next state
[01:31:25.690] [bmv2] [T] [thread 26227] [10.0] [cxt 0] Bytes parsed: 54
[01:31:25.691] [bmv2] [T] [thread 26227] [10.0] [cxt 0] Skipping checksum 'cksum_0' verification because target field invalid
[01:31:25.691] [bmv2] [D] [thread 26227] [10.0] [cxt 0] Parser 'parser': end
[01:31:25.691] [bmv2] [D] [thread 26227] [10.0] [cxt 0] Pipeline 'ingress': start
[01:31:25.692] [bmv2] [T] [thread 26227] [10.0] [cxt 0] basic.p4(177) Condition "hdr.ipv4.isValid()" (node_2) is false
[01:31:25.692] [bmv2] [T] [thread 26227] [10.0] [cxt 0] basic.p4(184) Condition "hdr.ipv6.isValid()" (node_8) is true
[01:31:25.692] [bmv2] [T] [thread 26227] [10.0] [cxt 0] basic.p4(186) Condition "hdr.ipv6.hop_lim == 0" (node_9) is false
[01:31:25.693] [bmv2] [D] [thread 26227] [10.0] [cxt 0] Pipeline 'ingress': end
[01:31:25.693] [bmv2] [D] [thread 26227] [10.0] [cxt 0] Egress port is 0
[01:31:25.693] [bmv2] [D] [thread 26228] [10.0] [cxt 0] Pipeline 'egress': start
[01:31:25.694] [bmv2] [T] [thread 26228] [10.0] [cxt 0] basic.p4(200) Condition "hdr.time.isValid()" (node_13) is false
[01:31:25.694] [bmv2] [T] [thread 26228] [10.0] [cxt 0] Applying table 'tbl_basic202'
[01:31:25.695] [bmv2] [D] [thread 26228] [10.0] [cxt 0] Looking up key:

[01:31:25.695] [bmv2] [D] [thread 26228] [10.0] [cxt 0] Table 'tbl_basic202': miss
[01:31:25.695] [bmv2] [D] [thread 26228] [10.0] [cxt 0] Action entry is basic202 - 
[01:31:25.695] [bmv2] [T] [thread 26228] [10.0] [cxt 0] Action basic202
[01:31:25.695] [bmv2] [T] [thread 26228] [10.0] [cxt 0] basic.p4(202) Primitive hdr.time.setValid()
[01:31:25.695] [bmv2] [T] [thread 26228] [10.0] [cxt 0] basic.p4(204) Primitive hdr.time.ingress_ts = standard_metadata.ingress_global_timestamp
[01:31:25.696] [bmv2] [T] [thread 26228] [10.0] [cxt 0] basic.p4(205) Primitive hdr.time.egress_ts = standard_metadata.egress_global_timestamp
[01:31:25.697] [bmv2] [T] [thread 26228] [10.0] [cxt 0] basic.p4(206) Primitive hdr.time.enq_ts = standard_metadata.enq_timestamp
[01:31:25.697] [bmv2] [T] [thread 26228] [10.0] [cxt 0] basic.p4(207) Primitive hdr.time.deq_ts = standard_metadata.deq_timedelta
[01:31:25.697] [bmv2] [D] [thread 26228] [10.0] [cxt 0] Pipeline 'egress': end
[01:31:25.697] [bmv2] [D] [thread 26228] [10.0] [cxt 0] Deparser 'deparser': start
[01:31:25.697] [bmv2] [T] [thread 26228] [10.0] [cxt 0] Skipping checksum 'cksum' update because condition not met
[01:31:25.698] [bmv2] [D] [thread 26228] [10.0] [cxt 0] Deparsing header 'ethernet'
[01:31:25.698] [bmv2] [D] [thread 26228] [10.0] [cxt 0] Deparsing header 'time'
[01:31:25.700] [bmv2] [D] [thread 26228] [10.0] [cxt 0] Deparser 'deparser': end
[01:31:25.700] [bmv2] [D] [thread 26232] [10.0] [cxt 0] Transmitting packet of size 50 out of port 0
[01:31:25.712] [bmv2] [D] [thread 26227] [11.0] [cxt 0] Processing packet received on port 2
[01:31:25.712] [bmv2] [D] [thread 26227] [11.0] [cxt 0] Parser 'parser': start
[01:31:25.713] [bmv2] [D] [thread 26227] [11.0] [cxt 0] Parser 'parser' entering state 'start'
[01:31:25.713] [bmv2] [D] [thread 26227] [11.0] [cxt 0] Extracting header 'ethernet'
[01:31:25.714] [bmv2] [D] [thread 26227] [11.0] [cxt 0] Parser state 'start': key is 86dd
[01:31:25.714] [bmv2] [T] [thread 26227] [11.0] [cxt 0] Bytes parsed: 14
[01:31:25.715] [bmv2] [D] [thread 26227] [11.0] [cxt 0] Parser 'parser' entering state 'parse_ipv6'
[01:31:25.715] [bmv2] [D] [thread 26227] [11.0] [cxt 0] Extracting header 'ipv6'
[01:31:25.716] [bmv2] [D] [thread 26227] [11.0] [cxt 0] Parser state 'parse_ipv6' has no switch, going to default next state
[01:31:25.726] [bmv2] [T] [thread 26227] [11.0] [cxt 0] Bytes parsed: 54
[01:31:25.727] [bmv2] [T] [thread 26227] [11.0] [cxt 0] Skipping checksum 'cksum_0' verification because target field invalid
[01:31:25.728] [bmv2] [D] [thread 26227] [11.0] [cxt 0] Parser 'parser': end
[01:31:25.728] [bmv2] [D] [thread 26227] [11.0] [cxt 0] Pipeline 'ingress': start
[01:31:25.729] [bmv2] [T] [thread 26227] [11.0] [cxt 0] basic.p4(177) Condition "hdr.ipv4.isValid()" (node_2) is false
[01:31:25.729] [bmv2] [T] [thread 26227] [11.0] [cxt 0] basic.p4(184) Condition "hdr.ipv6.isValid()" (node_8) is true
[01:31:25.729] [bmv2] [T] [thread 26227] [11.0] [cxt 0] basic.p4(186) Condition "hdr.ipv6.hop_lim == 0" (node_9) is false
[01:31:25.730] [bmv2] [D] [thread 26227] [11.0] [cxt 0] Pipeline 'ingress': end
[01:31:25.730] [bmv2] [D] [thread 26227] [11.0] [cxt 0] Egress port is 0
[01:31:25.731] [bmv2] [D] [thread 26228] [11.0] [cxt 0] Pipeline 'egress': start
[01:31:25.732] [bmv2] [T] [thread 26228] [11.0] [cxt 0] basic.p4(200) Condition "hdr.time.isValid()" (node_13) is false
[01:31:25.732] [bmv2] [T] [thread 26228] [11.0] [cxt 0] Applying table 'tbl_basic202'
[01:31:25.733] [bmv2] [D] [thread 26228] [11.0] [cxt 0] Looking up key:

[01:31:25.733] [bmv2] [D] [thread 26228] [11.0] [cxt 0] Table 'tbl_basic202': miss
[01:31:25.733] [bmv2] [D] [thread 26228] [11.0] [cxt 0] Action entry is basic202 - 
[01:31:25.734] [bmv2] [T] [thread 26228] [11.0] [cxt 0] Action basic202
[01:31:25.734] [bmv2] [T] [thread 26228] [11.0] [cxt 0] basic.p4(202) Primitive hdr.time.setValid()
[01:31:25.734] [bmv2] [T] [thread 26228] [11.0] [cxt 0] basic.p4(204) Primitive hdr.time.ingress_ts = standard_metadata.ingress_global_timestamp
[01:31:25.734] [bmv2] [T] [thread 26228] [11.0] [cxt 0] basic.p4(205) Primitive hdr.time.egress_ts = standard_metadata.egress_global_timestamp
[01:31:25.734] [bmv2] [T] [thread 26228] [11.0] [cxt 0] basic.p4(206) Primitive hdr.time.enq_ts = standard_metadata.enq_timestamp
[01:31:25.734] [bmv2] [T] [thread 26228] [11.0] [cxt 0] basic.p4(207) Primitive hdr.time.deq_ts = standard_metadata.deq_timedelta
[01:31:25.735] [bmv2] [D] [thread 26228] [11.0] [cxt 0] Pipeline 'egress': end
[01:31:25.735] [bmv2] [D] [thread 26228] [11.0] [cxt 0] Deparser 'deparser': start
[01:31:25.735] [bmv2] [T] [thread 26228] [11.0] [cxt 0] Skipping checksum 'cksum' update because condition not met
[01:31:25.735] [bmv2] [D] [thread 26228] [11.0] [cxt 0] Deparsing header 'ethernet'
[01:31:25.736] [bmv2] [D] [thread 26228] [11.0] [cxt 0] Deparsing header 'time'
[01:31:25.736] [bmv2] [D] [thread 26228] [11.0] [cxt 0] Deparser 'deparser': end
[01:31:25.736] [bmv2] [D] [thread 26232] [11.0] [cxt 0] Transmitting packet of size 70 out of port 0
[01:31:25.742] [bmv2] [D] [thread 26227] [12.0] [cxt 0] Processing packet received on port 4
[01:31:25.743] [bmv2] [D] [thread 26227] [12.0] [cxt 0] Parser 'parser': start
[01:31:25.744] [bmv2] [D] [thread 26227] [12.0] [cxt 0] Parser 'parser' entering state 'start'
[01:31:25.745] [bmv2] [D] [thread 26227] [12.0] [cxt 0] Extracting header 'ethernet'
[01:31:25.745] [bmv2] [D] [thread 26227] [12.0] [cxt 0] Parser state 'start': key is 86dd
[01:31:25.746] [bmv2] [T] [thread 26227] [12.0] [cxt 0] Bytes parsed: 14
[01:31:25.746] [bmv2] [D] [thread 26227] [12.0] [cxt 0] Parser 'parser' entering state 'parse_ipv6'
[01:31:25.749] [bmv2] [D] [thread 26227] [12.0] [cxt 0] Extracting header 'ipv6'
[01:31:25.750] [bmv2] [D] [thread 26227] [12.0] [cxt 0] Parser state 'parse_ipv6' has no switch, going to default next state
[01:31:25.752] [bmv2] [T] [thread 26227] [12.0] [cxt 0] Bytes parsed: 54
[01:31:25.753] [bmv2] [T] [thread 26227] [12.0] [cxt 0] Skipping checksum 'cksum_0' verification because target field invalid
[01:31:25.753] [bmv2] [D] [thread 26227] [12.0] [cxt 0] Parser 'parser': end
[01:31:25.753] [bmv2] [D] [thread 26227] [12.0] [cxt 0] Pipeline 'ingress': start
[01:31:25.753] [bmv2] [T] [thread 26227] [12.0] [cxt 0] basic.p4(177) Condition "hdr.ipv4.isValid()" (node_2) is false
[01:31:25.754] [bmv2] [T] [thread 26227] [12.0] [cxt 0] basic.p4(184) Condition "hdr.ipv6.isValid()" (node_8) is true
[01:31:25.754] [bmv2] [T] [thread 26227] [12.0] [cxt 0] basic.p4(186) Condition "hdr.ipv6.hop_lim == 0" (node_9) is false
[01:31:25.754] [bmv2] [D] [thread 26227] [12.0] [cxt 0] Pipeline 'ingress': end
[01:31:25.754] [bmv2] [D] [thread 26227] [12.0] [cxt 0] Egress port is 0
[01:31:25.754] [bmv2] [D] [thread 26228] [12.0] [cxt 0] Pipeline 'egress': start
[01:31:25.754] [bmv2] [T] [thread 26228] [12.0] [cxt 0] basic.p4(200) Condition "hdr.time.isValid()" (node_13) is false
[01:31:25.754] [bmv2] [T] [thread 26228] [12.0] [cxt 0] Applying table 'tbl_basic202'
[01:31:25.754] [bmv2] [D] [thread 26228] [12.0] [cxt 0] Looking up key:

[01:31:25.754] [bmv2] [D] [thread 26228] [12.0] [cxt 0] Table 'tbl_basic202': miss
[01:31:25.754] [bmv2] [D] [thread 26228] [12.0] [cxt 0] Action entry is basic202 - 
[01:31:25.754] [bmv2] [T] [thread 26228] [12.0] [cxt 0] Action basic202
[01:31:25.754] [bmv2] [T] [thread 26228] [12.0] [cxt 0] basic.p4(202) Primitive hdr.time.setValid()
[01:31:25.754] [bmv2] [T] [thread 26228] [12.0] [cxt 0] basic.p4(204) Primitive hdr.time.ingress_ts = standard_metadata.ingress_global_timestamp
[01:31:25.754] [bmv2] [T] [thread 26228] [12.0] [cxt 0] basic.p4(205) Primitive hdr.time.egress_ts = standard_metadata.egress_global_timestamp
[01:31:25.754] [bmv2] [T] [thread 26228] [12.0] [cxt 0] basic.p4(206) Primitive hdr.time.enq_ts = standard_metadata.enq_timestamp
[01:31:25.754] [bmv2] [T] [thread 26228] [12.0] [cxt 0] basic.p4(207) Primitive hdr.time.deq_ts = standard_metadata.deq_timedelta
[01:31:25.754] [bmv2] [D] [thread 26228] [12.0] [cxt 0] Pipeline 'egress': end
[01:31:25.754] [bmv2] [D] [thread 26228] [12.0] [cxt 0] Deparser 'deparser': start
[01:31:25.754] [bmv2] [T] [thread 26228] [12.0] [cxt 0] Skipping checksum 'cksum' update because condition not met
[01:31:25.754] [bmv2] [D] [thread 26228] [12.0] [cxt 0] Deparsing header 'ethernet'
[01:31:25.754] [bmv2] [D] [thread 26228] [12.0] [cxt 0] Deparsing header 'time'
[01:31:25.755] [bmv2] [D] [thread 26228] [12.0] [cxt 0] Deparser 'deparser': end
[01:31:25.755] [bmv2] [D] [thread 26232] [12.0] [cxt 0] Transmitting packet of size 70 out of port 0
[01:31:25.755] [bmv2] [D] [thread 26227] [13.0] [cxt 0] Processing packet received on port 4
[01:31:25.755] [bmv2] [D] [thread 26227] [13.0] [cxt 0] Parser 'parser': start
[01:31:25.755] [bmv2] [D] [thread 26227] [13.0] [cxt 0] Parser 'parser' entering state 'start'
[01:31:25.755] [bmv2] [D] [thread 26227] [13.0] [cxt 0] Extracting header 'ethernet'
[01:31:25.755] [bmv2] [D] [thread 26227] [13.0] [cxt 0] Parser state 'start': key is 86dd
[01:31:25.755] [bmv2] [T] [thread 26227] [13.0] [cxt 0] Bytes parsed: 14
[01:31:25.755] [bmv2] [D] [thread 26227] [13.0] [cxt 0] Parser 'parser' entering state 'parse_ipv6'
[01:31:25.755] [bmv2] [D] [thread 26227] [13.0] [cxt 0] Extracting header 'ipv6'
[01:31:25.755] [bmv2] [D] [thread 26227] [13.0] [cxt 0] Parser state 'parse_ipv6' has no switch, going to default next state
[01:31:25.755] [bmv2] [T] [thread 26227] [13.0] [cxt 0] Bytes parsed: 54
[01:31:25.755] [bmv2] [T] [thread 26227] [13.0] [cxt 0] Skipping checksum 'cksum_0' verification because target field invalid
[01:31:25.755] [bmv2] [D] [thread 26227] [13.0] [cxt 0] Parser 'parser': end
[01:31:25.755] [bmv2] [D] [thread 26227] [13.0] [cxt 0] Pipeline 'ingress': start
[01:31:25.755] [bmv2] [T] [thread 26227] [13.0] [cxt 0] basic.p4(177) Condition "hdr.ipv4.isValid()" (node_2) is false
[01:31:25.755] [bmv2] [T] [thread 26227] [13.0] [cxt 0] basic.p4(184) Condition "hdr.ipv6.isValid()" (node_8) is true
[01:31:25.755] [bmv2] [T] [thread 26227] [13.0] [cxt 0] basic.p4(186) Condition "hdr.ipv6.hop_lim == 0" (node_9) is false
[01:31:25.755] [bmv2] [D] [thread 26227] [13.0] [cxt 0] Pipeline 'ingress': end
[01:31:25.755] [bmv2] [D] [thread 26227] [13.0] [cxt 0] Egress port is 0
[01:31:25.755] [bmv2] [D] [thread 26228] [13.0] [cxt 0] Pipeline 'egress': start
[01:31:25.755] [bmv2] [T] [thread 26228] [13.0] [cxt 0] basic.p4(200) Condition "hdr.time.isValid()" (node_13) is false
[01:31:25.755] [bmv2] [T] [thread 26228] [13.0] [cxt 0] Applying table 'tbl_basic202'
[01:31:25.755] [bmv2] [D] [thread 26228] [13.0] [cxt 0] Looking up key:

[01:31:25.755] [bmv2] [D] [thread 26228] [13.0] [cxt 0] Table 'tbl_basic202': miss
[01:31:25.755] [bmv2] [D] [thread 26228] [13.0] [cxt 0] Action entry is basic202 - 
[01:31:25.756] [bmv2] [T] [thread 26228] [13.0] [cxt 0] Action basic202
[01:31:25.756] [bmv2] [T] [thread 26228] [13.0] [cxt 0] basic.p4(202) Primitive hdr.time.setValid()
[01:31:25.756] [bmv2] [T] [thread 26228] [13.0] [cxt 0] basic.p4(204) Primitive hdr.time.ingress_ts = standard_metadata.ingress_global_timestamp
[01:31:25.756] [bmv2] [T] [thread 26228] [13.0] [cxt 0] basic.p4(205) Primitive hdr.time.egress_ts = standard_metadata.egress_global_timestamp
[01:31:25.756] [bmv2] [T] [thread 26228] [13.0] [cxt 0] basic.p4(206) Primitive hdr.time.enq_ts = standard_metadata.enq_timestamp
[01:31:25.756] [bmv2] [T] [thread 26228] [13.0] [cxt 0] basic.p4(207) Primitive hdr.time.deq_ts = standard_metadata.deq_timedelta
[01:31:25.756] [bmv2] [D] [thread 26228] [13.0] [cxt 0] Pipeline 'egress': end
[01:31:25.756] [bmv2] [D] [thread 26228] [13.0] [cxt 0] Deparser 'deparser': start
[01:31:25.756] [bmv2] [T] [thread 26228] [13.0] [cxt 0] Skipping checksum 'cksum' update because condition not met
[01:31:25.756] [bmv2] [D] [thread 26228] [13.0] [cxt 0] Deparsing header 'ethernet'
[01:31:25.756] [bmv2] [D] [thread 26228] [13.0] [cxt 0] Deparsing header 'time'
[01:31:25.756] [bmv2] [D] [thread 26228] [13.0] [cxt 0] Deparser 'deparser': end
[01:31:25.756] [bmv2] [D] [thread 26232] [13.0] [cxt 0] Transmitting packet of size 50 out of port 0
[01:31:25.821] [bmv2] [D] [thread 26227] [14.0] [cxt 0] Processing packet received on port 4
[01:31:25.821] [bmv2] [D] [thread 26227] [14.0] [cxt 0] Parser 'parser': start
[01:31:25.821] [bmv2] [D] [thread 26227] [14.0] [cxt 0] Parser 'parser' entering state 'start'
[01:31:25.821] [bmv2] [D] [thread 26227] [14.0] [cxt 0] Extracting header 'ethernet'
[01:31:25.821] [bmv2] [D] [thread 26227] [14.0] [cxt 0] Parser state 'start': key is 86dd
[01:31:25.822] [bmv2] [T] [thread 26227] [14.0] [cxt 0] Bytes parsed: 14
[01:31:25.822] [bmv2] [D] [thread 26227] [14.0] [cxt 0] Parser 'parser' entering state 'parse_ipv6'
[01:31:25.822] [bmv2] [D] [thread 26227] [14.0] [cxt 0] Extracting header 'ipv6'
[01:31:25.822] [bmv2] [D] [thread 26227] [14.0] [cxt 0] Parser state 'parse_ipv6' has no switch, going to default next state
[01:31:25.822] [bmv2] [T] [thread 26227] [14.0] [cxt 0] Bytes parsed: 54
[01:31:25.822] [bmv2] [T] [thread 26227] [14.0] [cxt 0] Skipping checksum 'cksum_0' verification because target field invalid
[01:31:25.822] [bmv2] [D] [thread 26227] [14.0] [cxt 0] Parser 'parser': end
[01:31:25.822] [bmv2] [D] [thread 26227] [14.0] [cxt 0] Pipeline 'ingress': start
[01:31:25.822] [bmv2] [T] [thread 26227] [14.0] [cxt 0] basic.p4(177) Condition "hdr.ipv4.isValid()" (node_2) is false
[01:31:25.822] [bmv2] [T] [thread 26227] [14.0] [cxt 0] basic.p4(184) Condition "hdr.ipv6.isValid()" (node_8) is true
[01:31:25.822] [bmv2] [T] [thread 26227] [14.0] [cxt 0] basic.p4(186) Condition "hdr.ipv6.hop_lim == 0" (node_9) is false
[01:31:25.822] [bmv2] [D] [thread 26227] [14.0] [cxt 0] Pipeline 'ingress': end
[01:31:25.822] [bmv2] [D] [thread 26227] [14.0] [cxt 0] Egress port is 0
[01:31:25.822] [bmv2] [D] [thread 26228] [14.0] [cxt 0] Pipeline 'egress': start
[01:31:25.823] [bmv2] [T] [thread 26228] [14.0] [cxt 0] basic.p4(200) Condition "hdr.time.isValid()" (node_13) is false
[01:31:25.823] [bmv2] [T] [thread 26228] [14.0] [cxt 0] Applying table 'tbl_basic202'
[01:31:25.823] [bmv2] [D] [thread 26228] [14.0] [cxt 0] Looking up key:

[01:31:25.823] [bmv2] [D] [thread 26228] [14.0] [cxt 0] Table 'tbl_basic202': miss
[01:31:25.823] [bmv2] [D] [thread 26228] [14.0] [cxt 0] Action entry is basic202 - 
[01:31:25.823] [bmv2] [T] [thread 26228] [14.0] [cxt 0] Action basic202
[01:31:25.823] [bmv2] [T] [thread 26228] [14.0] [cxt 0] basic.p4(202) Primitive hdr.time.setValid()
[01:31:25.823] [bmv2] [T] [thread 26228] [14.0] [cxt 0] basic.p4(204) Primitive hdr.time.ingress_ts = standard_metadata.ingress_global_timestamp
[01:31:25.823] [bmv2] [T] [thread 26228] [14.0] [cxt 0] basic.p4(205) Primitive hdr.time.egress_ts = standard_metadata.egress_global_timestamp
[01:31:25.824] [bmv2] [T] [thread 26228] [14.0] [cxt 0] basic.p4(206) Primitive hdr.time.enq_ts = standard_metadata.enq_timestamp
[01:31:25.824] [bmv2] [T] [thread 26228] [14.0] [cxt 0] basic.p4(207) Primitive hdr.time.deq_ts = standard_metadata.deq_timedelta
[01:31:25.824] [bmv2] [D] [thread 26228] [14.0] [cxt 0] Pipeline 'egress': end
[01:31:25.824] [bmv2] [D] [thread 26228] [14.0] [cxt 0] Deparser 'deparser': start
[01:31:25.824] [bmv2] [T] [thread 26228] [14.0] [cxt 0] Skipping checksum 'cksum' update because condition not met
[01:31:25.824] [bmv2] [D] [thread 26228] [14.0] [cxt 0] Deparsing header 'ethernet'
[01:31:25.824] [bmv2] [D] [thread 26228] [14.0] [cxt 0] Deparsing header 'time'
[01:31:25.824] [bmv2] [D] [thread 26228] [14.0] [cxt 0] Deparser 'deparser': end
[01:31:25.824] [bmv2] [D] [thread 26232] [14.0] [cxt 0] Transmitting packet of size 70 out of port 0
[01:31:26.092] [bmv2] [D] [thread 26227] [15.0] [cxt 0] Processing packet received on port 1
[01:31:26.092] [bmv2] [D] [thread 26227] [15.0] [cxt 0] Parser 'parser': start
[01:31:26.092] [bmv2] [D] [thread 26227] [15.0] [cxt 0] Parser 'parser' entering state 'start'
[01:31:26.092] [bmv2] [D] [thread 26227] [15.0] [cxt 0] Extracting header 'ethernet'
[01:31:26.092] [bmv2] [D] [thread 26227] [15.0] [cxt 0] Parser state 'start': key is 86dd
[01:31:26.092] [bmv2] [T] [thread 26227] [15.0] [cxt 0] Bytes parsed: 14
[01:31:26.092] [bmv2] [D] [thread 26227] [15.0] [cxt 0] Parser 'parser' entering state 'parse_ipv6'
[01:31:26.093] [bmv2] [D] [thread 26227] [15.0] [cxt 0] Extracting header 'ipv6'
[01:31:26.093] [bmv2] [D] [thread 26227] [15.0] [cxt 0] Parser state 'parse_ipv6' has no switch, going to default next state
[01:31:26.093] [bmv2] [T] [thread 26227] [15.0] [cxt 0] Bytes parsed: 54
[01:31:26.093] [bmv2] [T] [thread 26227] [15.0] [cxt 0] Skipping checksum 'cksum_0' verification because target field invalid
[01:31:26.093] [bmv2] [D] [thread 26227] [15.0] [cxt 0] Parser 'parser': end
[01:31:26.093] [bmv2] [D] [thread 26227] [15.0] [cxt 0] Pipeline 'ingress': start
[01:31:26.093] [bmv2] [T] [thread 26227] [15.0] [cxt 0] basic.p4(177) Condition "hdr.ipv4.isValid()" (node_2) is false
[01:31:26.093] [bmv2] [T] [thread 26227] [15.0] [cxt 0] basic.p4(184) Condition "hdr.ipv6.isValid()" (node_8) is true
[01:31:26.093] [bmv2] [T] [thread 26227] [15.0] [cxt 0] basic.p4(186) Condition "hdr.ipv6.hop_lim == 0" (node_9) is false
[01:31:26.093] [bmv2] [D] [thread 26227] [15.0] [cxt 0] Pipeline 'ingress': end
[01:31:26.093] [bmv2] [D] [thread 26227] [15.0] [cxt 0] Egress port is 0
[01:31:26.093] [bmv2] [D] [thread 26228] [15.0] [cxt 0] Pipeline 'egress': start
[01:31:26.093] [bmv2] [T] [thread 26228] [15.0] [cxt 0] basic.p4(200) Condition "hdr.time.isValid()" (node_13) is false
[01:31:26.094] [bmv2] [T] [thread 26228] [15.0] [cxt 0] Applying table 'tbl_basic202'
[01:31:26.094] [bmv2] [D] [thread 26228] [15.0] [cxt 0] Looking up key:

[01:31:26.094] [bmv2] [D] [thread 26228] [15.0] [cxt 0] Table 'tbl_basic202': miss
[01:31:26.094] [bmv2] [D] [thread 26228] [15.0] [cxt 0] Action entry is basic202 - 
[01:31:26.094] [bmv2] [T] [thread 26228] [15.0] [cxt 0] Action basic202
[01:31:26.094] [bmv2] [T] [thread 26228] [15.0] [cxt 0] basic.p4(202) Primitive hdr.time.setValid()
[01:31:26.094] [bmv2] [T] [thread 26228] [15.0] [cxt 0] basic.p4(204) Primitive hdr.time.ingress_ts = standard_metadata.ingress_global_timestamp
[01:31:26.094] [bmv2] [T] [thread 26228] [15.0] [cxt 0] basic.p4(205) Primitive hdr.time.egress_ts = standard_metadata.egress_global_timestamp
[01:31:26.094] [bmv2] [T] [thread 26228] [15.0] [cxt 0] basic.p4(206) Primitive hdr.time.enq_ts = standard_metadata.enq_timestamp
[01:31:26.094] [bmv2] [T] [thread 26228] [15.0] [cxt 0] basic.p4(207) Primitive hdr.time.deq_ts = standard_metadata.deq_timedelta
[01:31:26.094] [bmv2] [D] [thread 26228] [15.0] [cxt 0] Pipeline 'egress': end
[01:31:26.094] [bmv2] [D] [thread 26228] [15.0] [cxt 0] Deparser 'deparser': start
[01:31:26.094] [bmv2] [T] [thread 26228] [15.0] [cxt 0] Skipping checksum 'cksum' update because condition not met
[01:31:26.094] [bmv2] [D] [thread 26228] [15.0] [cxt 0] Deparsing header 'ethernet'
[01:31:26.094] [bmv2] [D] [thread 26228] [15.0] [cxt 0] Deparsing header 'time'
[01:31:26.094] [bmv2] [D] [thread 26228] [15.0] [cxt 0] Deparser 'deparser': end
[01:31:26.095] [bmv2] [D] [thread 26232] [15.0] [cxt 0] Transmitting packet of size 70 out of port 0
[01:31:26.100] [bmv2] [D] [thread 26227] [16.0] [cxt 0] Processing packet received on port 3
[01:31:26.100] [bmv2] [D] [thread 26227] [16.0] [cxt 0] Parser 'parser': start
[01:31:26.100] [bmv2] [D] [thread 26227] [16.0] [cxt 0] Parser 'parser' entering state 'start'
[01:31:26.100] [bmv2] [D] [thread 26227] [16.0] [cxt 0] Extracting header 'ethernet'
[01:31:26.100] [bmv2] [D] [thread 26227] [16.0] [cxt 0] Parser state 'start': key is 86dd
[01:31:26.100] [bmv2] [T] [thread 26227] [16.0] [cxt 0] Bytes parsed: 14
[01:31:26.100] [bmv2] [D] [thread 26227] [16.0] [cxt 0] Parser 'parser' entering state 'parse_ipv6'
[01:31:26.100] [bmv2] [D] [thread 26227] [16.0] [cxt 0] Extracting header 'ipv6'
[01:31:26.100] [bmv2] [D] [thread 26227] [16.0] [cxt 0] Parser state 'parse_ipv6' has no switch, going to default next state
[01:31:26.101] [bmv2] [T] [thread 26227] [16.0] [cxt 0] Bytes parsed: 54
[01:31:26.101] [bmv2] [T] [thread 26227] [16.0] [cxt 0] Skipping checksum 'cksum_0' verification because target field invalid
[01:31:26.101] [bmv2] [D] [thread 26227] [16.0] [cxt 0] Parser 'parser': end
[01:31:26.101] [bmv2] [D] [thread 26227] [16.0] [cxt 0] Pipeline 'ingress': start
[01:31:26.101] [bmv2] [T] [thread 26227] [16.0] [cxt 0] basic.p4(177) Condition "hdr.ipv4.isValid()" (node_2) is false
[01:31:26.101] [bmv2] [T] [thread 26227] [16.0] [cxt 0] basic.p4(184) Condition "hdr.ipv6.isValid()" (node_8) is true
[01:31:26.101] [bmv2] [T] [thread 26227] [16.0] [cxt 0] basic.p4(186) Condition "hdr.ipv6.hop_lim == 0" (node_9) is false
[01:31:26.101] [bmv2] [D] [thread 26227] [16.0] [cxt 0] Pipeline 'ingress': end
[01:31:26.101] [bmv2] [D] [thread 26227] [16.0] [cxt 0] Egress port is 0
[01:31:26.101] [bmv2] [D] [thread 26228] [16.0] [cxt 0] Pipeline 'egress': start
[01:31:26.101] [bmv2] [T] [thread 26228] [16.0] [cxt 0] basic.p4(200) Condition "hdr.time.isValid()" (node_13) is false
[01:31:26.101] [bmv2] [T] [thread 26228] [16.0] [cxt 0] Applying table 'tbl_basic202'
[01:31:26.101] [bmv2] [D] [thread 26228] [16.0] [cxt 0] Looking up key:

[01:31:26.101] [bmv2] [D] [thread 26228] [16.0] [cxt 0] Table 'tbl_basic202': miss
[01:31:26.101] [bmv2] [D] [thread 26228] [16.0] [cxt 0] Action entry is basic202 - 
[01:31:26.102] [bmv2] [T] [thread 26228] [16.0] [cxt 0] Action basic202
[01:31:26.102] [bmv2] [T] [thread 26228] [16.0] [cxt 0] basic.p4(202) Primitive hdr.time.setValid()
[01:31:26.102] [bmv2] [T] [thread 26228] [16.0] [cxt 0] basic.p4(204) Primitive hdr.time.ingress_ts = standard_metadata.ingress_global_timestamp
[01:31:26.102] [bmv2] [T] [thread 26228] [16.0] [cxt 0] basic.p4(205) Primitive hdr.time.egress_ts = standard_metadata.egress_global_timestamp
[01:31:26.102] [bmv2] [T] [thread 26228] [16.0] [cxt 0] basic.p4(206) Primitive hdr.time.enq_ts = standard_metadata.enq_timestamp
[01:31:26.102] [bmv2] [T] [thread 26228] [16.0] [cxt 0] basic.p4(207) Primitive hdr.time.deq_ts = standard_metadata.deq_timedelta
[01:31:26.102] [bmv2] [D] [thread 26228] [16.0] [cxt 0] Pipeline 'egress': end
[01:31:26.102] [bmv2] [D] [thread 26228] [16.0] [cxt 0] Deparser 'deparser': start
[01:31:26.102] [bmv2] [T] [thread 26228] [16.0] [cxt 0] Skipping checksum 'cksum' update because condition not met
[01:31:26.102] [bmv2] [D] [thread 26228] [16.0] [cxt 0] Deparsing header 'ethernet'
[01:31:26.102] [bmv2] [D] [thread 26228] [16.0] [cxt 0] Deparsing header 'time'
[01:31:26.102] [bmv2] [D] [thread 26228] [16.0] [cxt 0] Deparser 'deparser': end
[01:31:26.103] [bmv2] [D] [thread 26232] [16.0] [cxt 0] Transmitting packet of size 70 out of port 0
[01:31:26.232] [bmv2] [D] [thread 26227] [17.0] [cxt 0] Processing packet received on port 3
[01:31:26.232] [bmv2] [D] [thread 26227] [17.0] [cxt 0] Parser 'parser': start
[01:31:26.232] [bmv2] [D] [thread 26227] [17.0] [cxt 0] Parser 'parser' entering state 'start'
[01:31:26.233] [bmv2] [D] [thread 26227] [17.0] [cxt 0] Extracting header 'ethernet'
[01:31:26.233] [bmv2] [D] [thread 26227] [17.0] [cxt 0] Parser state 'start': key is 86dd
[01:31:26.233] [bmv2] [T] [thread 26227] [17.0] [cxt 0] Bytes parsed: 14
[01:31:26.234] [bmv2] [D] [thread 26227] [17.0] [cxt 0] Parser 'parser' entering state 'parse_ipv6'
[01:31:26.234] [bmv2] [D] [thread 26227] [17.0] [cxt 0] Extracting header 'ipv6'
[01:31:26.234] [bmv2] [D] [thread 26227] [17.0] [cxt 0] Parser state 'parse_ipv6' has no switch, going to default next state
[01:31:26.235] [bmv2] [T] [thread 26227] [17.0] [cxt 0] Bytes parsed: 54
[01:31:26.235] [bmv2] [T] [thread 26227] [17.0] [cxt 0] Skipping checksum 'cksum_0' verification because target field invalid
[01:31:26.235] [bmv2] [D] [thread 26227] [17.0] [cxt 0] Parser 'parser': end
[01:31:26.236] [bmv2] [D] [thread 26227] [17.0] [cxt 0] Pipeline 'ingress': start
[01:31:26.236] [bmv2] [T] [thread 26227] [17.0] [cxt 0] basic.p4(177) Condition "hdr.ipv4.isValid()" (node_2) is false
[01:31:26.236] [bmv2] [T] [thread 26227] [17.0] [cxt 0] basic.p4(184) Condition "hdr.ipv6.isValid()" (node_8) is true
[01:31:26.237] [bmv2] [T] [thread 26227] [17.0] [cxt 0] basic.p4(186) Condition "hdr.ipv6.hop_lim == 0" (node_9) is false
[01:31:26.238] [bmv2] [D] [thread 26227] [17.0] [cxt 0] Pipeline 'ingress': end
[01:31:26.238] [bmv2] [D] [thread 26227] [17.0] [cxt 0] Egress port is 0
[01:31:26.238] [bmv2] [D] [thread 26228] [17.0] [cxt 0] Pipeline 'egress': start
[01:31:26.238] [bmv2] [T] [thread 26228] [17.0] [cxt 0] basic.p4(200) Condition "hdr.time.isValid()" (node_13) is false
[01:31:26.238] [bmv2] [T] [thread 26228] [17.0] [cxt 0] Applying table 'tbl_basic202'
[01:31:26.239] [bmv2] [D] [thread 26228] [17.0] [cxt 0] Looking up key:

[01:31:26.239] [bmv2] [D] [thread 26228] [17.0] [cxt 0] Table 'tbl_basic202': miss
[01:31:26.239] [bmv2] [D] [thread 26228] [17.0] [cxt 0] Action entry is basic202 - 
[01:31:26.239] [bmv2] [T] [thread 26228] [17.0] [cxt 0] Action basic202
[01:31:26.240] [bmv2] [T] [thread 26228] [17.0] [cxt 0] basic.p4(202) Primitive hdr.time.setValid()
[01:31:26.240] [bmv2] [T] [thread 26228] [17.0] [cxt 0] basic.p4(204) Primitive hdr.time.ingress_ts = standard_metadata.ingress_global_timestamp
[01:31:26.240] [bmv2] [T] [thread 26228] [17.0] [cxt 0] basic.p4(205) Primitive hdr.time.egress_ts = standard_metadata.egress_global_timestamp
[01:31:26.240] [bmv2] [T] [thread 26228] [17.0] [cxt 0] basic.p4(206) Primitive hdr.time.enq_ts = standard_metadata.enq_timestamp
[01:31:26.240] [bmv2] [T] [thread 26228] [17.0] [cxt 0] basic.p4(207) Primitive hdr.time.deq_ts = standard_metadata.deq_timedelta
[01:31:26.240] [bmv2] [D] [thread 26228] [17.0] [cxt 0] Pipeline 'egress': end
[01:31:26.240] [bmv2] [D] [thread 26228] [17.0] [cxt 0] Deparser 'deparser': start
[01:31:26.240] [bmv2] [T] [thread 26228] [17.0] [cxt 0] Skipping checksum 'cksum' update because condition not met
[01:31:26.240] [bmv2] [D] [thread 26228] [17.0] [cxt 0] Deparsing header 'ethernet'
[01:31:26.240] [bmv2] [D] [thread 26228] [17.0] [cxt 0] Deparsing header 'time'
[01:31:26.240] [bmv2] [D] [thread 26228] [17.0] [cxt 0] Deparser 'deparser': end
[01:31:26.240] [bmv2] [D] [thread 26232] [17.0] [cxt 0] Transmitting packet of size 70 out of port 0
