Calling target program-options parser
[01:31:25.664] [bmv2] [D] [thread 26251] Set default default entry for table 'MyIngress.ipv4_lpm': MyIngress.drop - 
[01:31:25.665] [bmv2] [D] [thread 26251] Set default default entry for table 'tbl_drop': MyIngress.drop - 
[01:31:25.665] [bmv2] [D] [thread 26251] Set default default entry for table 'tbl_drop_0': MyIngress.drop - 
[01:31:25.665] [bmv2] [D] [thread 26251] Set default default entry for table 'tbl_drop_1': MyIngress.drop - 
[01:31:25.666] [bmv2] [D] [thread 26251] Set default default entry for table 'tbl_basic202': basic202 - 
Adding interface s4-eth1 as port 1
[01:31:25.670] [bmv2] [D] [thread 26251] Adding interface s4-eth1 as port 1
Adding interface s4-eth2 as port 2
[01:31:25.716] [bmv2] [D] [thread 26251] Adding interface s4-eth2 as port 2
Server listening on 0.0.0.0:50054
[01:31:25.767] [bmv2] [I] [thread 26251] Starting Thrift server on port 9093
[01:31:25.768] [bmv2] [I] [thread 26251] Thrift server was started
[01:31:25.812] [bmv2] [D] [thread 26261] [0.0] [cxt 0] Processing packet received on port 2
[01:31:25.813] [bmv2] [D] [thread 26261] [0.0] [cxt 0] Parser 'parser': start
[01:31:25.813] [bmv2] [D] [thread 26261] [0.0] [cxt 0] Parser 'parser' entering state 'start'
[01:31:25.813] [bmv2] [D] [thread 26261] [0.0] [cxt 0] Extracting header 'ethernet'
[01:31:25.813] [bmv2] [D] [thread 26261] [0.0] [cxt 0] Parser state 'start': key is 86dd
[01:31:25.814] [bmv2] [T] [thread 26261] [0.0] [cxt 0] Bytes parsed: 14
[01:31:25.814] [bmv2] [D] [thread 26261] [0.0] [cxt 0] Parser 'parser' entering state 'parse_ipv6'
[01:31:25.814] [bmv2] [D] [thread 26261] [0.0] [cxt 0] Extracting header 'ipv6'
[01:31:25.814] [bmv2] [D] [thread 26261] [0.0] [cxt 0] Parser state 'parse_ipv6' has no switch, going to default next state
[01:31:25.814] [bmv2] [T] [thread 26261] [0.0] [cxt 0] Bytes parsed: 54
[01:31:25.815] [bmv2] [T] [thread 26261] [0.0] [cxt 0] Skipping checksum 'cksum_0' verification because target field invalid
[01:31:25.815] [bmv2] [D] [thread 26261] [0.0] [cxt 0] Parser 'parser': end
[01:31:25.815] [bmv2] [D] [thread 26261] [0.0] [cxt 0] Pipeline 'ingress': start
[01:31:25.815] [bmv2] [T] [thread 26261] [0.0] [cxt 0] basic.p4(177) Condition "hdr.ipv4.isValid()" (node_2) is false
[01:31:25.815] [bmv2] [T] [thread 26261] [0.0] [cxt 0] basic.p4(184) Condition "hdr.ipv6.isValid()" (node_8) is true
[01:31:25.815] [bmv2] [T] [thread 26261] [0.0] [cxt 0] basic.p4(186) Condition "hdr.ipv6.hop_lim == 0" (node_9) is false
[01:31:25.816] [bmv2] [D] [thread 26261] [0.0] [cxt 0] Pipeline 'ingress': end
[01:31:25.816] [bmv2] [D] [thread 26261] [0.0] [cxt 0] Egress port is 0
[01:31:25.817] [bmv2] [D] [thread 26262] [0.0] [cxt 0] Pipeline 'egress': start
[01:31:25.818] [bmv2] [T] [thread 26262] [0.0] [cxt 0] basic.p4(200) Condition "hdr.time.isValid()" (node_13) is false
[01:31:25.818] [bmv2] [T] [thread 26262] [0.0] [cxt 0] Applying table 'tbl_basic202'
[01:31:25.818] [bmv2] [D] [thread 26262] [0.0] [cxt 0] Looking up key:

[01:31:25.818] [bmv2] [D] [thread 26262] [0.0] [cxt 0] Table 'tbl_basic202': miss
[01:31:25.818] [bmv2] [D] [thread 26262] [0.0] [cxt 0] Action entry is basic202 - 
[01:31:25.818] [bmv2] [T] [thread 26262] [0.0] [cxt 0] Action basic202
[01:31:25.818] [bmv2] [T] [thread 26262] [0.0] [cxt 0] basic.p4(202) Primitive hdr.time.setValid()
[01:31:25.818] [bmv2] [T] [thread 26262] [0.0] [cxt 0] basic.p4(204) Primitive hdr.time.ingress_ts = standard_metadata.ingress_global_timestamp
[01:31:25.818] [bmv2] [T] [thread 26262] [0.0] [cxt 0] basic.p4(205) Primitive hdr.time.egress_ts = standard_metadata.egress_global_timestamp
[01:31:25.818] [bmv2] [T] [thread 26262] [0.0] [cxt 0] basic.p4(206) Primitive hdr.time.enq_ts = standard_metadata.enq_timestamp
[01:31:25.818] [bmv2] [T] [thread 26262] [0.0] [cxt 0] basic.p4(207) Primitive hdr.time.deq_ts = standard_metadata.deq_timedelta
[01:31:25.819] [bmv2] [D] [thread 26262] [0.0] [cxt 0] Pipeline 'egress': end
[01:31:25.819] [bmv2] [D] [thread 26262] [0.0] [cxt 0] Deparser 'deparser': start
[01:31:25.819] [bmv2] [T] [thread 26262] [0.0] [cxt 0] Skipping checksum 'cksum' update because condition not met
[01:31:25.819] [bmv2] [D] [thread 26262] [0.0] [cxt 0] Deparsing header 'ethernet'
[01:31:25.819] [bmv2] [D] [thread 26262] [0.0] [cxt 0] Deparsing header 'time'
[01:31:25.819] [bmv2] [D] [thread 26262] [0.0] [cxt 0] Deparser 'deparser': end
[01:31:25.819] [bmv2] [D] [thread 26266] [0.0] [cxt 0] Transmitting packet of size 70 out of port 0
[01:31:26.092] [bmv2] [D] [thread 26261] [1.0] [cxt 0] Processing packet received on port 1
[01:31:26.095] [bmv2] [D] [thread 26261] [1.0] [cxt 0] Parser 'parser': start
[01:31:26.095] [bmv2] [D] [thread 26261] [1.0] [cxt 0] Parser 'parser' entering state 'start'
[01:31:26.095] [bmv2] [D] [thread 26261] [1.0] [cxt 0] Extracting header 'ethernet'
[01:31:26.095] [bmv2] [D] [thread 26261] [1.0] [cxt 0] Parser state 'start': key is 86dd
[01:31:26.095] [bmv2] [T] [thread 26261] [1.0] [cxt 0] Bytes parsed: 14
[01:31:26.095] [bmv2] [D] [thread 26261] [1.0] [cxt 0] Parser 'parser' entering state 'parse_ipv6'
[01:31:26.095] [bmv2] [D] [thread 26261] [1.0] [cxt 0] Extracting header 'ipv6'
[01:31:26.095] [bmv2] [D] [thread 26261] [1.0] [cxt 0] Parser state 'parse_ipv6' has no switch, going to default next state
[01:31:26.095] [bmv2] [T] [thread 26261] [1.0] [cxt 0] Bytes parsed: 54
[01:31:26.095] [bmv2] [T] [thread 26261] [1.0] [cxt 0] Skipping checksum 'cksum_0' verification because target field invalid
[01:31:26.096] [bmv2] [D] [thread 26261] [1.0] [cxt 0] Parser 'parser': end
[01:31:26.096] [bmv2] [D] [thread 26261] [1.0] [cxt 0] Pipeline 'ingress': start
[01:31:26.096] [bmv2] [T] [thread 26261] [1.0] [cxt 0] basic.p4(177) Condition "hdr.ipv4.isValid()" (node_2) is false
[01:31:26.096] [bmv2] [T] [thread 26261] [1.0] [cxt 0] basic.p4(184) Condition "hdr.ipv6.isValid()" (node_8) is true
[01:31:26.096] [bmv2] [T] [thread 26261] [1.0] [cxt 0] basic.p4(186) Condition "hdr.ipv6.hop_lim == 0" (node_9) is false
[01:31:26.096] [bmv2] [D] [thread 26261] [1.0] [cxt 0] Pipeline 'ingress': end
[01:31:26.096] [bmv2] [D] [thread 26261] [1.0] [cxt 0] Egress port is 0
[01:31:26.096] [bmv2] [D] [thread 26262] [1.0] [cxt 0] Pipeline 'egress': start
[01:31:26.096] [bmv2] [T] [thread 26262] [1.0] [cxt 0] basic.p4(200) Condition "hdr.time.isValid()" (node_13) is false
[01:31:26.096] [bmv2] [T] [thread 26262] [1.0] [cxt 0] Applying table 'tbl_basic202'
[01:31:26.096] [bmv2] [D] [thread 26262] [1.0] [cxt 0] Looking up key:

[01:31:26.096] [bmv2] [D] [thread 26262] [1.0] [cxt 0] Table 'tbl_basic202': miss
[01:31:26.097] [bmv2] [D] [thread 26262] [1.0] [cxt 0] Action entry is basic202 - 
[01:31:26.097] [bmv2] [T] [thread 26262] [1.0] [cxt 0] Action basic202
[01:31:26.098] [bmv2] [T] [thread 26262] [1.0] [cxt 0] basic.p4(202) Primitive hdr.time.setValid()
[01:31:26.099] [bmv2] [T] [thread 26262] [1.0] [cxt 0] basic.p4(204) Primitive hdr.time.ingress_ts = standard_metadata.ingress_global_timestamp
[01:31:26.099] [bmv2] [T] [thread 26262] [1.0] [cxt 0] basic.p4(205) Primitive hdr.time.egress_ts = standard_metadata.egress_global_timestamp
[01:31:26.099] [bmv2] [T] [thread 26262] [1.0] [cxt 0] basic.p4(206) Primitive hdr.time.enq_ts = standard_metadata.enq_timestamp
[01:31:26.099] [bmv2] [T] [thread 26262] [1.0] [cxt 0] basic.p4(207) Primitive hdr.time.deq_ts = standard_metadata.deq_timedelta
[01:31:26.099] [bmv2] [D] [thread 26262] [1.0] [cxt 0] Pipeline 'egress': end
[01:31:26.099] [bmv2] [D] [thread 26262] [1.0] [cxt 0] Deparser 'deparser': start
[01:31:26.099] [bmv2] [T] [thread 26262] [1.0] [cxt 0] Skipping checksum 'cksum' update because condition not met
[01:31:26.100] [bmv2] [D] [thread 26262] [1.0] [cxt 0] Deparsing header 'ethernet'
[01:31:26.100] [bmv2] [D] [thread 26262] [1.0] [cxt 0] Deparsing header 'time'
[01:31:26.100] [bmv2] [D] [thread 26262] [1.0] [cxt 0] Deparser 'deparser': end
[01:31:26.100] [bmv2] [D] [thread 26266] [1.0] [cxt 0] Transmitting packet of size 70 out of port 0
[01:31:26.232] [bmv2] [D] [thread 26261] [2.0] [cxt 0] Processing packet received on port 1
[01:31:26.232] [bmv2] [D] [thread 26261] [2.0] [cxt 0] Parser 'parser': start
[01:31:26.233] [bmv2] [D] [thread 26261] [2.0] [cxt 0] Parser 'parser' entering state 'start'
[01:31:26.233] [bmv2] [D] [thread 26261] [2.0] [cxt 0] Extracting header 'ethernet'
[01:31:26.233] [bmv2] [D] [thread 26261] [2.0] [cxt 0] Parser state 'start': key is 86dd
[01:31:26.234] [bmv2] [T] [thread 26261] [2.0] [cxt 0] Bytes parsed: 14
[01:31:26.234] [bmv2] [D] [thread 26261] [2.0] [cxt 0] Parser 'parser' entering state 'parse_ipv6'
[01:31:26.234] [bmv2] [D] [thread 26261] [2.0] [cxt 0] Extracting header 'ipv6'
[01:31:26.234] [bmv2] [D] [thread 26261] [2.0] [cxt 0] Parser state 'parse_ipv6' has no switch, going to default next state
[01:31:26.234] [bmv2] [T] [thread 26261] [2.0] [cxt 0] Bytes parsed: 54
[01:31:26.234] [bmv2] [T] [thread 26261] [2.0] [cxt 0] Skipping checksum 'cksum_0' verification because target field invalid
[01:31:26.235] [bmv2] [D] [thread 26261] [2.0] [cxt 0] Parser 'parser': end
[01:31:26.235] [bmv2] [D] [thread 26261] [2.0] [cxt 0] Pipeline 'ingress': start
[01:31:26.236] [bmv2] [T] [thread 26261] [2.0] [cxt 0] basic.p4(177) Condition "hdr.ipv4.isValid()" (node_2) is false
[01:31:26.236] [bmv2] [T] [thread 26261] [2.0] [cxt 0] basic.p4(184) Condition "hdr.ipv6.isValid()" (node_8) is true
[01:31:26.236] [bmv2] [T] [thread 26261] [2.0] [cxt 0] basic.p4(186) Condition "hdr.ipv6.hop_lim == 0" (node_9) is false
[01:31:26.237] [bmv2] [D] [thread 26261] [2.0] [cxt 0] Pipeline 'ingress': end
[01:31:26.237] [bmv2] [D] [thread 26261] [2.0] [cxt 0] Egress port is 0
[01:31:26.237] [bmv2] [D] [thread 26262] [2.0] [cxt 0] Pipeline 'egress': start
[01:31:26.237] [bmv2] [T] [thread 26262] [2.0] [cxt 0] basic.p4(200) Condition "hdr.time.isValid()" (node_13) is false
[01:31:26.237] [bmv2] [T] [thread 26262] [2.0] [cxt 0] Applying table 'tbl_basic202'
[01:31:26.237] [bmv2] [D] [thread 26262] [2.0] [cxt 0] Looking up key:

[01:31:26.238] [bmv2] [D] [thread 26262] [2.0] [cxt 0] Table 'tbl_basic202': miss
[01:31:26.238] [bmv2] [D] [thread 26262] [2.0] [cxt 0] Action entry is basic202 - 
[01:31:26.239] [bmv2] [T] [thread 26262] [2.0] [cxt 0] Action basic202
[01:31:26.239] [bmv2] [T] [thread 26262] [2.0] [cxt 0] basic.p4(202) Primitive hdr.time.setValid()
[01:31:26.240] [bmv2] [T] [thread 26262] [2.0] [cxt 0] basic.p4(204) Primitive hdr.time.ingress_ts = standard_metadata.ingress_global_timestamp
[01:31:26.240] [bmv2] [T] [thread 26262] [2.0] [cxt 0] basic.p4(205) Primitive hdr.time.egress_ts = standard_metadata.egress_global_timestamp
[01:31:26.240] [bmv2] [T] [thread 26262] [2.0] [cxt 0] basic.p4(206) Primitive hdr.time.enq_ts = standard_metadata.enq_timestamp
[01:31:26.240] [bmv2] [T] [thread 26262] [2.0] [cxt 0] basic.p4(207) Primitive hdr.time.deq_ts = standard_metadata.deq_timedelta
[01:31:26.241] [bmv2] [D] [thread 26262] [2.0] [cxt 0] Pipeline 'egress': end
[01:31:26.241] [bmv2] [D] [thread 26262] [2.0] [cxt 0] Deparser 'deparser': start
[01:31:26.241] [bmv2] [T] [thread 26262] [2.0] [cxt 0] Skipping checksum 'cksum' update because condition not met
[01:31:26.241] [bmv2] [D] [thread 26262] [2.0] [cxt 0] Deparsing header 'ethernet'
[01:31:26.241] [bmv2] [D] [thread 26262] [2.0] [cxt 0] Deparsing header 'time'
[01:31:26.241] [bmv2] [D] [thread 26262] [2.0] [cxt 0] Deparser 'deparser': end
[01:31:26.241] [bmv2] [D] [thread 26266] [2.0] [cxt 0] Transmitting packet of size 70 out of port 0
