Calling target program-options parser
[17:03:02.233] [bmv2] [D] [thread 2121] Set default default entry for table 'MyIngress.ipv4_lpm': MyIngress.drop - 
Adding interface s4-eth1 as port 1
[17:03:02.236] [bmv2] [D] [thread 2121] Adding interface s4-eth1 as port 1
Adding interface s4-eth2 as port 2
[17:03:02.283] [bmv2] [D] [thread 2121] Adding interface s4-eth2 as port 2
Server listening on 0.0.0.0:50054
[17:03:02.336] [bmv2] [I] [thread 2121] Starting Thrift server on port 9093
[17:03:02.337] [bmv2] [I] [thread 2121] Thrift server was started
[17:03:02.367] [bmv2] [D] [thread 2131] [0.0] [cxt 0] Processing packet received on port 1
[17:03:02.369] [bmv2] [D] [thread 2131] [0.0] [cxt 0] Parser 'parser': start
[17:03:02.369] [bmv2] [D] [thread 2131] [0.0] [cxt 0] Parser 'parser' entering state 'start'
[17:03:02.370] [bmv2] [D] [thread 2131] [0.0] [cxt 0] Extracting header 'ethernet'
[17:03:02.370] [bmv2] [D] [thread 2131] [0.0] [cxt 0] Parser state 'start': key is 86dd
[17:03:02.370] [bmv2] [T] [thread 2131] [0.0] [cxt 0] Bytes parsed: 14
[17:03:02.370] [bmv2] [D] [thread 2131] [0.0] [cxt 0] Parser 'parser': end
[17:03:02.370] [bmv2] [D] [thread 2131] [0.0] [cxt 0] Pipeline 'ingress': start
[17:03:02.370] [bmv2] [T] [thread 2131] [0.0] [cxt 0] basic.p4(114) Condition "hdr.ipv4.isValid()" (node_2) is false
[17:03:02.370] [bmv2] [D] [thread 2131] [0.0] [cxt 0] Pipeline 'ingress': end
[17:03:02.371] [bmv2] [D] [thread 2131] [0.0] [cxt 0] Egress port is 0
[17:03:02.371] [bmv2] [D] [thread 2132] [0.0] [cxt 0] Pipeline 'egress': start
[17:03:02.371] [bmv2] [D] [thread 2132] [0.0] [cxt 0] Pipeline 'egress': end
[17:03:02.371] [bmv2] [D] [thread 2132] [0.0] [cxt 0] Deparser 'deparser': start
[17:03:02.371] [bmv2] [T] [thread 2132] [0.0] [cxt 0] Skipping checksum 'cksum' update because condition not met
[17:03:02.371] [bmv2] [D] [thread 2132] [0.0] [cxt 0] Deparsing header 'ethernet'
[17:03:02.371] [bmv2] [D] [thread 2132] [0.0] [cxt 0] Deparser 'deparser': end
[17:03:02.373] [bmv2] [D] [thread 2136] [0.0] [cxt 0] Transmitting packet of size 90 out of port 0
[17:03:02.657] [bmv2] [D] [thread 2131] [1.0] [cxt 0] Processing packet received on port 1
[17:03:02.658] [bmv2] [D] [thread 2131] [1.0] [cxt 0] Parser 'parser': start
[17:03:02.668] [bmv2] [D] [thread 2131] [1.0] [cxt 0] Parser 'parser' entering state 'start'
[17:03:02.668] [bmv2] [D] [thread 2131] [1.0] [cxt 0] Extracting header 'ethernet'
[17:03:02.669] [bmv2] [D] [thread 2131] [1.0] [cxt 0] Parser state 'start': key is 86dd
[17:03:02.669] [bmv2] [T] [thread 2131] [1.0] [cxt 0] Bytes parsed: 14
[17:03:02.670] [bmv2] [D] [thread 2131] [1.0] [cxt 0] Parser 'parser': end
[17:03:02.671] [bmv2] [D] [thread 2131] [1.0] [cxt 0] Pipeline 'ingress': start
[17:03:02.671] [bmv2] [T] [thread 2131] [1.0] [cxt 0] basic.p4(114) Condition "hdr.ipv4.isValid()" (node_2) is false
[17:03:02.672] [bmv2] [D] [thread 2131] [1.0] [cxt 0] Pipeline 'ingress': end
[17:03:02.672] [bmv2] [D] [thread 2131] [1.0] [cxt 0] Egress port is 0
[17:03:02.672] [bmv2] [D] [thread 2132] [1.0] [cxt 0] Pipeline 'egress': start
[17:03:02.672] [bmv2] [D] [thread 2132] [1.0] [cxt 0] Pipeline 'egress': end
[17:03:02.672] [bmv2] [D] [thread 2132] [1.0] [cxt 0] Deparser 'deparser': start
[17:03:02.672] [bmv2] [T] [thread 2132] [1.0] [cxt 0] Skipping checksum 'cksum' update because condition not met
[17:03:02.673] [bmv2] [D] [thread 2132] [1.0] [cxt 0] Deparsing header 'ethernet'
[17:03:02.673] [bmv2] [D] [thread 2132] [1.0] [cxt 0] Deparser 'deparser': end
[17:03:02.674] [bmv2] [D] [thread 2136] [1.0] [cxt 0] Transmitting packet of size 90 out of port 0
[17:03:02.846] [bmv2] [D] [thread 2131] [2.0] [cxt 0] Processing packet received on port 2
[17:03:02.846] [bmv2] [D] [thread 2131] [2.0] [cxt 0] Parser 'parser': start
[17:03:02.846] [bmv2] [D] [thread 2131] [2.0] [cxt 0] Parser 'parser' entering state 'start'
[17:03:02.846] [bmv2] [D] [thread 2131] [2.0] [cxt 0] Extracting header 'ethernet'
[17:03:02.846] [bmv2] [D] [thread 2131] [2.0] [cxt 0] Parser state 'start': key is 86dd
[17:03:02.846] [bmv2] [T] [thread 2131] [2.0] [cxt 0] Bytes parsed: 14
[17:03:02.846] [bmv2] [D] [thread 2131] [2.0] [cxt 0] Parser 'parser': end
[17:03:02.846] [bmv2] [D] [thread 2131] [2.0] [cxt 0] Pipeline 'ingress': start
[17:03:02.846] [bmv2] [T] [thread 2131] [2.0] [cxt 0] basic.p4(114) Condition "hdr.ipv4.isValid()" (node_2) is false
[17:03:02.846] [bmv2] [D] [thread 2131] [2.0] [cxt 0] Pipeline 'ingress': end
[17:03:02.847] [bmv2] [D] [thread 2131] [2.0] [cxt 0] Egress port is 0
[17:03:02.847] [bmv2] [D] [thread 2132] [2.0] [cxt 0] Pipeline 'egress': start
[17:03:02.847] [bmv2] [D] [thread 2132] [2.0] [cxt 0] Pipeline 'egress': end
[17:03:02.847] [bmv2] [D] [thread 2132] [2.0] [cxt 0] Deparser 'deparser': start
[17:03:02.847] [bmv2] [T] [thread 2132] [2.0] [cxt 0] Skipping checksum 'cksum' update because condition not met
[17:03:02.847] [bmv2] [D] [thread 2132] [2.0] [cxt 0] Deparsing header 'ethernet'
[17:03:02.847] [bmv2] [D] [thread 2132] [2.0] [cxt 0] Deparser 'deparser': end
[17:03:02.848] [bmv2] [D] [thread 2136] [2.0] [cxt 0] Transmitting packet of size 90 out of port 0
[17:03:04.065] [bmv2] [W] [thread 2180] [P4Runtime] p4::tmp::P4DeviceConfig is deprecated
[17:03:04.068] [bmv2] [D] [thread 2180] Set default default entry for table 'MyIngress.ipv4_lpm': MyIngress.drop - 
[17:03:04.072] [bmv2] [D] [thread 2180] simple_switch target has been notified of a config swap
[17:03:04.077] [bmv2] [D] [thread 2182] Set default entry for table 'MyIngress.ipv4_lpm': MyIngress.drop - 
[17:03:04.082] [bmv2] [D] [thread 2180] Entry 0 added to table 'MyIngress.ipv4_lpm'
[17:03:04.082] [bmv2] [D] [thread 2180] Dumping entry 0
Match key:
* hdr.ipv4.dstAddr    : LPM       0a000101/32
Action entry: MyIngress.ipv4_forward - 80000000100,2,

[17:03:04.087] [bmv2] [D] [thread 2182] Entry 1 added to table 'MyIngress.ipv4_lpm'
[17:03:04.087] [bmv2] [D] [thread 2182] Dumping entry 1
Match key:
* hdr.ipv4.dstAddr    : LPM       0a000202/32
Action entry: MyIngress.ipv4_forward - 80000000100,2,

[17:03:04.092] [bmv2] [D] [thread 2180] Entry 2 added to table 'MyIngress.ipv4_lpm'
[17:03:04.093] [bmv2] [D] [thread 2180] Dumping entry 2
Match key:
* hdr.ipv4.dstAddr    : LPM       0a000303/32
Action entry: MyIngress.ipv4_forward - 80000000200,1,

[17:03:04.097] [bmv2] [D] [thread 2182] Entry 3 added to table 'MyIngress.ipv4_lpm'
[17:03:04.097] [bmv2] [D] [thread 2182] Dumping entry 3
Match key:
* hdr.ipv4.dstAddr    : LPM       0a000404/32
Action entry: MyIngress.ipv4_forward - 80000000200,1,

[17:03:05.598] [bmv2] [D] [thread 2131] [3.0] [cxt 0] Processing packet received on port 1
[17:03:05.598] [bmv2] [D] [thread 2131] [3.0] [cxt 0] Parser 'parser': start
[17:03:05.598] [bmv2] [D] [thread 2131] [3.0] [cxt 0] Parser 'parser' entering state 'start'
[17:03:05.598] [bmv2] [D] [thread 2131] [3.0] [cxt 0] Extracting header 'ethernet'
[17:03:05.598] [bmv2] [D] [thread 2131] [3.0] [cxt 0] Parser state 'start': key is 86dd
[17:03:05.599] [bmv2] [T] [thread 2131] [3.0] [cxt 0] Bytes parsed: 14
[17:03:05.599] [bmv2] [D] [thread 2131] [3.0] [cxt 0] Parser 'parser': end
[17:03:05.600] [bmv2] [D] [thread 2131] [3.0] [cxt 0] Pipeline 'ingress': start
[17:03:05.600] [bmv2] [T] [thread 2131] [3.0] [cxt 0] basic.p4(114) Condition "hdr.ipv4.isValid()" (node_2) is false
[17:03:05.600] [bmv2] [D] [thread 2131] [3.0] [cxt 0] Pipeline 'ingress': end
[17:03:05.600] [bmv2] [D] [thread 2131] [3.0] [cxt 0] Egress port is 0
[17:03:05.600] [bmv2] [D] [thread 2131] [4.0] [cxt 0] Processing packet received on port 2
[17:03:05.600] [bmv2] [D] [thread 2131] [4.0] [cxt 0] Parser 'parser': start
[17:03:05.600] [bmv2] [D] [thread 2131] [4.0] [cxt 0] Parser 'parser' entering state 'start'
[17:03:05.600] [bmv2] [D] [thread 2131] [4.0] [cxt 0] Extracting header 'ethernet'
[17:03:05.601] [bmv2] [D] [thread 2131] [4.0] [cxt 0] Parser state 'start': key is 86dd
[17:03:05.601] [bmv2] [T] [thread 2131] [4.0] [cxt 0] Bytes parsed: 14
[17:03:05.601] [bmv2] [D] [thread 2131] [4.0] [cxt 0] Parser 'parser': end
[17:03:05.601] [bmv2] [D] [thread 2131] [4.0] [cxt 0] Pipeline 'ingress': start
[17:03:05.601] [bmv2] [T] [thread 2131] [4.0] [cxt 0] basic.p4(114) Condition "hdr.ipv4.isValid()" (node_2) is false
[17:03:05.601] [bmv2] [D] [thread 2132] [3.0] [cxt 0] Pipeline 'egress': start
[17:03:05.602] [bmv2] [D] [thread 2132] [3.0] [cxt 0] Pipeline 'egress': end
[17:03:05.602] [bmv2] [D] [thread 2132] [3.0] [cxt 0] Deparser 'deparser': start
[17:03:05.602] [bmv2] [T] [thread 2132] [3.0] [cxt 0] Skipping checksum 'cksum' update because condition not met
[17:03:05.602] [bmv2] [D] [thread 2132] [3.0] [cxt 0] Deparsing header 'ethernet'
[17:03:05.603] [bmv2] [D] [thread 2132] [3.0] [cxt 0] Deparser 'deparser': end
[17:03:05.603] [bmv2] [D] [thread 2136] [3.0] [cxt 0] Transmitting packet of size 70 out of port 0
[17:03:05.603] [bmv2] [D] [thread 2131] [4.0] [cxt 0] Pipeline 'ingress': end
[17:03:05.603] [bmv2] [D] [thread 2131] [4.0] [cxt 0] Egress port is 0
[17:03:05.603] [bmv2] [D] [thread 2132] [4.0] [cxt 0] Pipeline 'egress': start
[17:03:05.603] [bmv2] [D] [thread 2132] [4.0] [cxt 0] Pipeline 'egress': end
[17:03:05.603] [bmv2] [D] [thread 2132] [4.0] [cxt 0] Deparser 'deparser': start
[17:03:05.603] [bmv2] [T] [thread 2132] [4.0] [cxt 0] Skipping checksum 'cksum' update because condition not met
[17:03:05.603] [bmv2] [D] [thread 2132] [4.0] [cxt 0] Deparsing header 'ethernet'
[17:03:05.603] [bmv2] [D] [thread 2132] [4.0] [cxt 0] Deparser 'deparser': end
[17:03:05.603] [bmv2] [D] [thread 2136] [4.0] [cxt 0] Transmitting packet of size 70 out of port 0
[17:03:06.109] [bmv2] [D] [thread 2131] [5.0] [cxt 0] Processing packet received on port 2
[17:03:06.109] [bmv2] [D] [thread 2131] [5.0] [cxt 0] Parser 'parser': start
[17:03:06.109] [bmv2] [D] [thread 2131] [5.0] [cxt 0] Parser 'parser' entering state 'start'
[17:03:06.109] [bmv2] [D] [thread 2131] [5.0] [cxt 0] Extracting header 'ethernet'
[17:03:06.109] [bmv2] [D] [thread 2131] [5.0] [cxt 0] Parser state 'start': key is 86dd
[17:03:06.109] [bmv2] [T] [thread 2131] [5.0] [cxt 0] Bytes parsed: 14
[17:03:06.109] [bmv2] [D] [thread 2131] [5.0] [cxt 0] Parser 'parser': end
[17:03:06.109] [bmv2] [D] [thread 2131] [5.0] [cxt 0] Pipeline 'ingress': start
[17:03:06.109] [bmv2] [T] [thread 2131] [5.0] [cxt 0] basic.p4(114) Condition "hdr.ipv4.isValid()" (node_2) is false
[17:03:06.109] [bmv2] [D] [thread 2131] [5.0] [cxt 0] Pipeline 'ingress': end
[17:03:06.110] [bmv2] [D] [thread 2131] [5.0] [cxt 0] Egress port is 0
[17:03:06.110] [bmv2] [D] [thread 2132] [5.0] [cxt 0] Pipeline 'egress': start
[17:03:06.110] [bmv2] [D] [thread 2132] [5.0] [cxt 0] Pipeline 'egress': end
[17:03:06.110] [bmv2] [D] [thread 2132] [5.0] [cxt 0] Deparser 'deparser': start
[17:03:06.110] [bmv2] [T] [thread 2132] [5.0] [cxt 0] Skipping checksum 'cksum' update because condition not met
[17:03:06.110] [bmv2] [D] [thread 2132] [5.0] [cxt 0] Deparsing header 'ethernet'
[17:03:06.110] [bmv2] [D] [thread 2132] [5.0] [cxt 0] Deparser 'deparser': end
[17:03:06.110] [bmv2] [D] [thread 2136] [5.0] [cxt 0] Transmitting packet of size 70 out of port 0
[17:03:06.394] [bmv2] [D] [thread 2131] [6.0] [cxt 0] Processing packet received on port 1
[17:03:06.394] [bmv2] [D] [thread 2131] [6.0] [cxt 0] Parser 'parser': start
[17:03:06.394] [bmv2] [D] [thread 2131] [6.0] [cxt 0] Parser 'parser' entering state 'start'
[17:03:06.394] [bmv2] [D] [thread 2131] [6.0] [cxt 0] Extracting header 'ethernet'
[17:03:06.394] [bmv2] [D] [thread 2131] [6.0] [cxt 0] Parser state 'start': key is 86dd
[17:03:06.394] [bmv2] [T] [thread 2131] [6.0] [cxt 0] Bytes parsed: 14
[17:03:06.394] [bmv2] [D] [thread 2131] [6.0] [cxt 0] Parser 'parser': end
[17:03:06.395] [bmv2] [D] [thread 2131] [6.0] [cxt 0] Pipeline 'ingress': start
[17:03:06.395] [bmv2] [T] [thread 2131] [6.0] [cxt 0] basic.p4(114) Condition "hdr.ipv4.isValid()" (node_2) is false
[17:03:06.395] [bmv2] [D] [thread 2131] [6.0] [cxt 0] Pipeline 'ingress': end
[17:03:06.395] [bmv2] [D] [thread 2131] [6.0] [cxt 0] Egress port is 0
[17:03:06.396] [bmv2] [D] [thread 2132] [6.0] [cxt 0] Pipeline 'egress': start
[17:03:06.396] [bmv2] [D] [thread 2132] [6.0] [cxt 0] Pipeline 'egress': end
[17:03:06.396] [bmv2] [D] [thread 2132] [6.0] [cxt 0] Deparser 'deparser': start
[17:03:06.397] [bmv2] [T] [thread 2132] [6.0] [cxt 0] Skipping checksum 'cksum' update because condition not met
[17:03:06.397] [bmv2] [D] [thread 2132] [6.0] [cxt 0] Deparsing header 'ethernet'
[17:03:06.397] [bmv2] [D] [thread 2132] [6.0] [cxt 0] Deparser 'deparser': end
[17:03:06.397] [bmv2] [D] [thread 2136] [6.0] [cxt 0] Transmitting packet of size 70 out of port 0
[17:03:12.766] [bmv2] [D] [thread 2131] [7.0] [cxt 0] Processing packet received on port 1
[17:03:12.766] [bmv2] [D] [thread 2131] [7.0] [cxt 0] Parser 'parser': start
[17:03:12.766] [bmv2] [D] [thread 2131] [7.0] [cxt 0] Parser 'parser' entering state 'start'
[17:03:12.767] [bmv2] [D] [thread 2131] [7.0] [cxt 0] Extracting header 'ethernet'
[17:03:12.767] [bmv2] [D] [thread 2131] [7.0] [cxt 0] Parser state 'start': key is 86dd
[17:03:12.767] [bmv2] [T] [thread 2131] [7.0] [cxt 0] Bytes parsed: 14
[17:03:12.767] [bmv2] [D] [thread 2131] [7.0] [cxt 0] Parser 'parser': end
[17:03:12.767] [bmv2] [D] [thread 2131] [7.0] [cxt 0] Pipeline 'ingress': start
[17:03:12.767] [bmv2] [T] [thread 2131] [7.0] [cxt 0] basic.p4(114) Condition "hdr.ipv4.isValid()" (node_2) is false
[17:03:12.767] [bmv2] [D] [thread 2131] [7.0] [cxt 0] Pipeline 'ingress': end
[17:03:12.768] [bmv2] [D] [thread 2131] [7.0] [cxt 0] Egress port is 0
[17:03:12.768] [bmv2] [D] [thread 2132] [7.0] [cxt 0] Pipeline 'egress': start
[17:03:12.769] [bmv2] [D] [thread 2132] [7.0] [cxt 0] Pipeline 'egress': end
[17:03:12.769] [bmv2] [D] [thread 2132] [7.0] [cxt 0] Deparser 'deparser': start
[17:03:12.770] [bmv2] [T] [thread 2132] [7.0] [cxt 0] Skipping checksum 'cksum' update because condition not met
[17:03:12.770] [bmv2] [D] [thread 2132] [7.0] [cxt 0] Deparsing header 'ethernet'
[17:03:12.771] [bmv2] [D] [thread 2132] [7.0] [cxt 0] Deparser 'deparser': end
[17:03:12.772] [bmv2] [D] [thread 2136] [7.0] [cxt 0] Transmitting packet of size 70 out of port 0
[17:03:13.789] [bmv2] [D] [thread 2131] [8.0] [cxt 0] Processing packet received on port 2
[17:03:13.790] [bmv2] [D] [thread 2131] [8.0] [cxt 0] Parser 'parser': start
[17:03:13.790] [bmv2] [D] [thread 2131] [8.0] [cxt 0] Parser 'parser' entering state 'start'
[17:03:13.791] [bmv2] [D] [thread 2131] [8.0] [cxt 0] Extracting header 'ethernet'
[17:03:13.791] [bmv2] [D] [thread 2131] [8.0] [cxt 0] Parser state 'start': key is 86dd
[17:03:13.791] [bmv2] [T] [thread 2131] [8.0] [cxt 0] Bytes parsed: 14
[17:03:13.792] [bmv2] [D] [thread 2131] [8.0] [cxt 0] Parser 'parser': end
[17:03:13.792] [bmv2] [D] [thread 2131] [8.0] [cxt 0] Pipeline 'ingress': start
[17:03:13.793] [bmv2] [T] [thread 2131] [8.0] [cxt 0] basic.p4(114) Condition "hdr.ipv4.isValid()" (node_2) is false
[17:03:13.793] [bmv2] [D] [thread 2131] [8.0] [cxt 0] Pipeline 'ingress': end
[17:03:13.794] [bmv2] [D] [thread 2131] [8.0] [cxt 0] Egress port is 0
[17:03:13.794] [bmv2] [D] [thread 2131] [9.0] [cxt 0] Processing packet received on port 2
[17:03:13.794] [bmv2] [D] [thread 2131] [9.0] [cxt 0] Parser 'parser': start
[17:03:13.794] [bmv2] [D] [thread 2132] [8.0] [cxt 0] Pipeline 'egress': start
[17:03:13.794] [bmv2] [D] [thread 2132] [8.0] [cxt 0] Pipeline 'egress': end
[17:03:13.794] [bmv2] [D] [thread 2132] [8.0] [cxt 0] Deparser 'deparser': start
[17:03:13.795] [bmv2] [T] [thread 2132] [8.0] [cxt 0] Skipping checksum 'cksum' update because condition not met
[17:03:13.795] [bmv2] [D] [thread 2132] [8.0] [cxt 0] Deparsing header 'ethernet'
[17:03:13.795] [bmv2] [D] [thread 2132] [8.0] [cxt 0] Deparser 'deparser': end
[17:03:13.795] [bmv2] [D] [thread 2136] [8.0] [cxt 0] Transmitting packet of size 70 out of port 0
[17:03:13.795] [bmv2] [D] [thread 2131] [9.0] [cxt 0] Parser 'parser' entering state 'start'
[17:03:13.796] [bmv2] [D] [thread 2131] [9.0] [cxt 0] Extracting header 'ethernet'
[17:03:13.797] [bmv2] [D] [thread 2131] [9.0] [cxt 0] Parser state 'start': key is 86dd
[17:03:13.798] [bmv2] [T] [thread 2131] [9.0] [cxt 0] Bytes parsed: 14
[17:03:13.799] [bmv2] [D] [thread 2131] [9.0] [cxt 0] Parser 'parser': end
[17:03:13.799] [bmv2] [D] [thread 2131] [9.0] [cxt 0] Pipeline 'ingress': start
[17:03:13.799] [bmv2] [T] [thread 2131] [9.0] [cxt 0] basic.p4(114) Condition "hdr.ipv4.isValid()" (node_2) is false
[17:03:13.800] [bmv2] [D] [thread 2131] [9.0] [cxt 0] Pipeline 'ingress': end
[17:03:13.800] [bmv2] [D] [thread 2131] [9.0] [cxt 0] Egress port is 0
[17:03:13.803] [bmv2] [D] [thread 2132] [9.0] [cxt 0] Pipeline 'egress': start
[17:03:13.803] [bmv2] [D] [thread 2132] [9.0] [cxt 0] Pipeline 'egress': end
[17:03:13.804] [bmv2] [D] [thread 2132] [9.0] [cxt 0] Deparser 'deparser': start
[17:03:13.804] [bmv2] [T] [thread 2132] [9.0] [cxt 0] Skipping checksum 'cksum' update because condition not met
[17:03:13.804] [bmv2] [D] [thread 2132] [9.0] [cxt 0] Deparsing header 'ethernet'
[17:03:13.805] [bmv2] [D] [thread 2132] [9.0] [cxt 0] Deparser 'deparser': end
[17:03:13.805] [bmv2] [D] [thread 2136] [9.0] [cxt 0] Transmitting packet of size 70 out of port 0
[17:03:14.815] [bmv2] [D] [thread 2131] [10.0] [cxt 0] Processing packet received on port 1
[17:03:14.816] [bmv2] [D] [thread 2131] [10.0] [cxt 0] Parser 'parser': start
[17:03:14.816] [bmv2] [D] [thread 2131] [10.0] [cxt 0] Parser 'parser' entering state 'start'
[17:03:14.818] [bmv2] [D] [thread 2131] [10.0] [cxt 0] Extracting header 'ethernet'
[17:03:14.818] [bmv2] [D] [thread 2131] [10.0] [cxt 0] Parser state 'start': key is 86dd
[17:03:14.819] [bmv2] [T] [thread 2131] [10.0] [cxt 0] Bytes parsed: 14
[17:03:14.820] [bmv2] [D] [thread 2131] [10.0] [cxt 0] Parser 'parser': end
[17:03:14.820] [bmv2] [D] [thread 2131] [10.0] [cxt 0] Pipeline 'ingress': start
[17:03:14.821] [bmv2] [T] [thread 2131] [10.0] [cxt 0] basic.p4(114) Condition "hdr.ipv4.isValid()" (node_2) is false
[17:03:14.821] [bmv2] [D] [thread 2131] [10.0] [cxt 0] Pipeline 'ingress': end
[17:03:14.822] [bmv2] [D] [thread 2131] [10.0] [cxt 0] Egress port is 0
[17:03:14.824] [bmv2] [D] [thread 2132] [10.0] [cxt 0] Pipeline 'egress': start
[17:03:14.824] [bmv2] [D] [thread 2132] [10.0] [cxt 0] Pipeline 'egress': end
[17:03:14.824] [bmv2] [D] [thread 2132] [10.0] [cxt 0] Deparser 'deparser': start
[17:03:14.824] [bmv2] [T] [thread 2132] [10.0] [cxt 0] Skipping checksum 'cksum' update because condition not met
[17:03:14.829] [bmv2] [D] [thread 2132] [10.0] [cxt 0] Deparsing header 'ethernet'
[17:03:14.830] [bmv2] [D] [thread 2132] [10.0] [cxt 0] Deparser 'deparser': end
[17:03:14.830] [bmv2] [D] [thread 2136] [10.0] [cxt 0] Transmitting packet of size 70 out of port 0
[17:03:27.367] [bmv2] [D] [thread 2131] [11.0] [cxt 0] Processing packet received on port 1
[17:03:27.370] [bmv2] [D] [thread 2131] [11.0] [cxt 0] Parser 'parser': start
[17:03:27.371] [bmv2] [D] [thread 2131] [11.0] [cxt 0] Parser 'parser' entering state 'start'
[17:03:27.373] [bmv2] [D] [thread 2131] [11.0] [cxt 0] Extracting header 'ethernet'
[17:03:27.374] [bmv2] [D] [thread 2131] [11.0] [cxt 0] Parser state 'start': key is 86dd
[17:03:27.375] [bmv2] [T] [thread 2131] [11.0] [cxt 0] Bytes parsed: 14
[17:03:27.376] [bmv2] [D] [thread 2131] [11.0] [cxt 0] Parser 'parser': end
[17:03:27.377] [bmv2] [D] [thread 2131] [11.0] [cxt 0] Pipeline 'ingress': start
[17:03:27.377] [bmv2] [T] [thread 2131] [11.0] [cxt 0] basic.p4(114) Condition "hdr.ipv4.isValid()" (node_2) is false
[17:03:27.377] [bmv2] [D] [thread 2131] [11.0] [cxt 0] Pipeline 'ingress': end
[17:03:27.377] [bmv2] [D] [thread 2131] [11.0] [cxt 0] Egress port is 0
[17:03:27.378] [bmv2] [D] [thread 2132] [11.0] [cxt 0] Pipeline 'egress': start
[17:03:27.378] [bmv2] [D] [thread 2132] [11.0] [cxt 0] Pipeline 'egress': end
[17:03:27.378] [bmv2] [D] [thread 2132] [11.0] [cxt 0] Deparser 'deparser': start
[17:03:27.378] [bmv2] [T] [thread 2132] [11.0] [cxt 0] Skipping checksum 'cksum' update because condition not met
[17:03:27.378] [bmv2] [D] [thread 2132] [11.0] [cxt 0] Deparsing header 'ethernet'
[17:03:27.379] [bmv2] [D] [thread 2132] [11.0] [cxt 0] Deparser 'deparser': end
[17:03:27.379] [bmv2] [D] [thread 2136] [11.0] [cxt 0] Transmitting packet of size 70 out of port 0
[17:03:29.661] [bmv2] [D] [thread 2131] [12.0] [cxt 0] Processing packet received on port 2
[17:03:29.661] [bmv2] [D] [thread 2131] [12.0] [cxt 0] Parser 'parser': start
[17:03:29.661] [bmv2] [D] [thread 2131] [12.0] [cxt 0] Parser 'parser' entering state 'start'
[17:03:29.662] [bmv2] [D] [thread 2131] [12.0] [cxt 0] Extracting header 'ethernet'
[17:03:29.662] [bmv2] [D] [thread 2131] [12.0] [cxt 0] Parser state 'start': key is 86dd
[17:03:29.662] [bmv2] [T] [thread 2131] [12.0] [cxt 0] Bytes parsed: 14
[17:03:29.662] [bmv2] [D] [thread 2131] [12.0] [cxt 0] Parser 'parser': end
[17:03:29.662] [bmv2] [D] [thread 2131] [12.0] [cxt 0] Pipeline 'ingress': start
[17:03:29.662] [bmv2] [T] [thread 2131] [12.0] [cxt 0] basic.p4(114) Condition "hdr.ipv4.isValid()" (node_2) is false
[17:03:29.662] [bmv2] [D] [thread 2131] [12.0] [cxt 0] Pipeline 'ingress': end
[17:03:29.662] [bmv2] [D] [thread 2131] [12.0] [cxt 0] Egress port is 0
[17:03:29.662] [bmv2] [D] [thread 2132] [12.0] [cxt 0] Pipeline 'egress': start
[17:03:29.662] [bmv2] [D] [thread 2132] [12.0] [cxt 0] Pipeline 'egress': end
[17:03:29.662] [bmv2] [D] [thread 2132] [12.0] [cxt 0] Deparser 'deparser': start
[17:03:29.662] [bmv2] [T] [thread 2132] [12.0] [cxt 0] Skipping checksum 'cksum' update because condition not met
[17:03:29.662] [bmv2] [D] [thread 2132] [12.0] [cxt 0] Deparsing header 'ethernet'
[17:03:29.662] [bmv2] [D] [thread 2132] [12.0] [cxt 0] Deparser 'deparser': end
[17:03:29.662] [bmv2] [D] [thread 2136] [12.0] [cxt 0] Transmitting packet of size 70 out of port 0
[17:03:30.702] [bmv2] [D] [thread 2131] [13.0] [cxt 0] Processing packet received on port 2
[17:03:30.703] [bmv2] [D] [thread 2131] [13.0] [cxt 0] Parser 'parser': start
[17:03:30.703] [bmv2] [D] [thread 2131] [13.0] [cxt 0] Parser 'parser' entering state 'start'
[17:03:30.703] [bmv2] [D] [thread 2131] [13.0] [cxt 0] Extracting header 'ethernet'
[17:03:30.703] [bmv2] [D] [thread 2131] [13.0] [cxt 0] Parser state 'start': key is 86dd
[17:03:30.703] [bmv2] [T] [thread 2131] [13.0] [cxt 0] Bytes parsed: 14
[17:03:30.703] [bmv2] [D] [thread 2131] [13.0] [cxt 0] Parser 'parser': end
[17:03:30.703] [bmv2] [D] [thread 2131] [13.0] [cxt 0] Pipeline 'ingress': start
[17:03:30.703] [bmv2] [T] [thread 2131] [13.0] [cxt 0] basic.p4(114) Condition "hdr.ipv4.isValid()" (node_2) is false
[17:03:30.703] [bmv2] [D] [thread 2131] [13.0] [cxt 0] Pipeline 'ingress': end
[17:03:30.703] [bmv2] [D] [thread 2131] [13.0] [cxt 0] Egress port is 0
[17:03:30.703] [bmv2] [D] [thread 2132] [13.0] [cxt 0] Pipeline 'egress': start
[17:03:30.704] [bmv2] [D] [thread 2132] [13.0] [cxt 0] Pipeline 'egress': end
[17:03:30.704] [bmv2] [D] [thread 2132] [13.0] [cxt 0] Deparser 'deparser': start
[17:03:30.704] [bmv2] [T] [thread 2132] [13.0] [cxt 0] Skipping checksum 'cksum' update because condition not met
[17:03:30.704] [bmv2] [D] [thread 2132] [13.0] [cxt 0] Deparsing header 'ethernet'
[17:03:30.704] [bmv2] [D] [thread 2132] [13.0] [cxt 0] Deparser 'deparser': end
[17:03:30.704] [bmv2] [D] [thread 2136] [13.0] [cxt 0] Transmitting packet of size 70 out of port 0
[17:03:30.944] [bmv2] [D] [thread 2131] [14.0] [cxt 0] Processing packet received on port 1
[17:03:30.945] [bmv2] [D] [thread 2131] [14.0] [cxt 0] Parser 'parser': start
[17:03:30.945] [bmv2] [D] [thread 2131] [14.0] [cxt 0] Parser 'parser' entering state 'start'
[17:03:30.945] [bmv2] [D] [thread 2131] [14.0] [cxt 0] Extracting header 'ethernet'
[17:03:30.945] [bmv2] [D] [thread 2131] [14.0] [cxt 0] Parser state 'start': key is 86dd
[17:03:30.945] [bmv2] [T] [thread 2131] [14.0] [cxt 0] Bytes parsed: 14
[17:03:30.945] [bmv2] [D] [thread 2131] [14.0] [cxt 0] Parser 'parser': end
[17:03:30.945] [bmv2] [D] [thread 2131] [14.0] [cxt 0] Pipeline 'ingress': start
[17:03:30.945] [bmv2] [T] [thread 2131] [14.0] [cxt 0] basic.p4(114) Condition "hdr.ipv4.isValid()" (node_2) is false
[17:03:30.945] [bmv2] [D] [thread 2131] [14.0] [cxt 0] Pipeline 'ingress': end
[17:03:30.945] [bmv2] [D] [thread 2131] [14.0] [cxt 0] Egress port is 0
[17:03:30.946] [bmv2] [D] [thread 2132] [14.0] [cxt 0] Pipeline 'egress': start
[17:03:30.946] [bmv2] [D] [thread 2132] [14.0] [cxt 0] Pipeline 'egress': end
[17:03:30.946] [bmv2] [D] [thread 2132] [14.0] [cxt 0] Deparser 'deparser': start
[17:03:30.947] [bmv2] [T] [thread 2132] [14.0] [cxt 0] Skipping checksum 'cksum' update because condition not met
[17:03:30.947] [bmv2] [D] [thread 2132] [14.0] [cxt 0] Deparsing header 'ethernet'
[17:03:30.947] [bmv2] [D] [thread 2132] [14.0] [cxt 0] Deparser 'deparser': end
[17:03:30.948] [bmv2] [D] [thread 2136] [14.0] [cxt 0] Transmitting packet of size 70 out of port 0
[17:03:55.263] [bmv2] [D] [thread 2131] [15.0] [cxt 0] Processing packet received on port 1
[17:03:55.263] [bmv2] [D] [thread 2131] [15.0] [cxt 0] Parser 'parser': start
[17:03:55.263] [bmv2] [D] [thread 2131] [15.0] [cxt 0] Parser 'parser' entering state 'start'
[17:03:55.263] [bmv2] [D] [thread 2131] [15.0] [cxt 0] Extracting header 'ethernet'
[17:03:55.263] [bmv2] [D] [thread 2131] [15.0] [cxt 0] Parser state 'start': key is 86dd
[17:03:55.264] [bmv2] [T] [thread 2131] [15.0] [cxt 0] Bytes parsed: 14
[17:03:55.264] [bmv2] [D] [thread 2131] [15.0] [cxt 0] Parser 'parser': end
[17:03:55.264] [bmv2] [D] [thread 2131] [15.0] [cxt 0] Pipeline 'ingress': start
[17:03:55.265] [bmv2] [T] [thread 2131] [15.0] [cxt 0] basic.p4(114) Condition "hdr.ipv4.isValid()" (node_2) is false
[17:03:55.265] [bmv2] [D] [thread 2131] [15.0] [cxt 0] Pipeline 'ingress': end
[17:03:55.265] [bmv2] [D] [thread 2131] [15.0] [cxt 0] Egress port is 0
[17:03:55.265] [bmv2] [D] [thread 2132] [15.0] [cxt 0] Pipeline 'egress': start
[17:03:55.266] [bmv2] [D] [thread 2132] [15.0] [cxt 0] Pipeline 'egress': end
[17:03:55.266] [bmv2] [D] [thread 2132] [15.0] [cxt 0] Deparser 'deparser': start
[17:03:55.266] [bmv2] [T] [thread 2132] [15.0] [cxt 0] Skipping checksum 'cksum' update because condition not met
[17:03:55.268] [bmv2] [D] [thread 2132] [15.0] [cxt 0] Deparsing header 'ethernet'
[17:03:55.268] [bmv2] [D] [thread 2132] [15.0] [cxt 0] Deparser 'deparser': end
[17:03:55.268] [bmv2] [D] [thread 2136] [15.0] [cxt 0] Transmitting packet of size 70 out of port 0
[17:04:01.408] [bmv2] [D] [thread 2131] [16.0] [cxt 0] Processing packet received on port 2
[17:04:01.409] [bmv2] [D] [thread 2131] [16.0] [cxt 0] Parser 'parser': start
[17:04:01.409] [bmv2] [D] [thread 2131] [16.0] [cxt 0] Parser 'parser' entering state 'start'
[17:04:01.409] [bmv2] [D] [thread 2131] [16.0] [cxt 0] Extracting header 'ethernet'
[17:04:01.409] [bmv2] [D] [thread 2131] [16.0] [cxt 0] Parser state 'start': key is 86dd
[17:04:01.409] [bmv2] [T] [thread 2131] [16.0] [cxt 0] Bytes parsed: 14
[17:04:01.409] [bmv2] [D] [thread 2131] [16.0] [cxt 0] Parser 'parser': end
[17:04:01.409] [bmv2] [D] [thread 2131] [16.0] [cxt 0] Pipeline 'ingress': start
[17:04:01.411] [bmv2] [T] [thread 2131] [16.0] [cxt 0] basic.p4(114) Condition "hdr.ipv4.isValid()" (node_2) is false
[17:04:01.413] [bmv2] [D] [thread 2131] [16.0] [cxt 0] Pipeline 'ingress': end
[17:04:01.415] [bmv2] [D] [thread 2131] [16.0] [cxt 0] Egress port is 0
[17:04:01.416] [bmv2] [D] [thread 2132] [16.0] [cxt 0] Pipeline 'egress': start
[17:04:01.417] [bmv2] [D] [thread 2132] [16.0] [cxt 0] Pipeline 'egress': end
[17:04:01.417] [bmv2] [D] [thread 2132] [16.0] [cxt 0] Deparser 'deparser': start
[17:04:01.417] [bmv2] [T] [thread 2132] [16.0] [cxt 0] Skipping checksum 'cksum' update because condition not met
[17:04:01.417] [bmv2] [D] [thread 2132] [16.0] [cxt 0] Deparsing header 'ethernet'
[17:04:01.417] [bmv2] [D] [thread 2132] [16.0] [cxt 0] Deparser 'deparser': end
[17:04:01.417] [bmv2] [D] [thread 2136] [16.0] [cxt 0] Transmitting packet of size 70 out of port 0
[17:04:03.460] [bmv2] [D] [thread 2131] [17.0] [cxt 0] Processing packet received on port 2
[17:04:03.461] [bmv2] [D] [thread 2131] [17.0] [cxt 0] Parser 'parser': start
[17:04:03.462] [bmv2] [D] [thread 2131] [17.0] [cxt 0] Parser 'parser' entering state 'start'
[17:04:03.463] [bmv2] [D] [thread 2131] [17.0] [cxt 0] Extracting header 'ethernet'
[17:04:03.463] [bmv2] [D] [thread 2131] [17.0] [cxt 0] Parser state 'start': key is 86dd
[17:04:03.464] [bmv2] [T] [thread 2131] [17.0] [cxt 0] Bytes parsed: 14
[17:04:03.465] [bmv2] [D] [thread 2131] [17.0] [cxt 0] Parser 'parser': end
[17:04:03.466] [bmv2] [D] [thread 2131] [17.0] [cxt 0] Pipeline 'ingress': start
[17:04:03.467] [bmv2] [T] [thread 2131] [17.0] [cxt 0] basic.p4(114) Condition "hdr.ipv4.isValid()" (node_2) is false
[17:04:03.467] [bmv2] [D] [thread 2131] [17.0] [cxt 0] Pipeline 'ingress': end
[17:04:03.468] [bmv2] [D] [thread 2131] [17.0] [cxt 0] Egress port is 0
[17:04:03.469] [bmv2] [D] [thread 2132] [17.0] [cxt 0] Pipeline 'egress': start
[17:04:03.470] [bmv2] [D] [thread 2132] [17.0] [cxt 0] Pipeline 'egress': end
[17:04:03.470] [bmv2] [D] [thread 2132] [17.0] [cxt 0] Deparser 'deparser': start
[17:04:03.471] [bmv2] [T] [thread 2132] [17.0] [cxt 0] Skipping checksum 'cksum' update because condition not met
[17:04:03.472] [bmv2] [D] [thread 2132] [17.0] [cxt 0] Deparsing header 'ethernet'
[17:04:03.472] [bmv2] [D] [thread 2132] [17.0] [cxt 0] Deparser 'deparser': end
[17:04:03.472] [bmv2] [D] [thread 2136] [17.0] [cxt 0] Transmitting packet of size 70 out of port 0
[17:04:05.505] [bmv2] [D] [thread 2131] [18.0] [cxt 0] Processing packet received on port 1
[17:04:05.507] [bmv2] [D] [thread 2131] [18.0] [cxt 0] Parser 'parser': start
[17:04:05.507] [bmv2] [D] [thread 2131] [18.0] [cxt 0] Parser 'parser' entering state 'start'
[17:04:05.507] [bmv2] [D] [thread 2131] [18.0] [cxt 0] Extracting header 'ethernet'
[17:04:05.507] [bmv2] [D] [thread 2131] [18.0] [cxt 0] Parser state 'start': key is 86dd
[17:04:05.509] [bmv2] [T] [thread 2131] [18.0] [cxt 0] Bytes parsed: 14
[17:04:05.510] [bmv2] [D] [thread 2131] [18.0] [cxt 0] Parser 'parser': end
[17:04:05.513] [bmv2] [D] [thread 2131] [18.0] [cxt 0] Pipeline 'ingress': start
[17:04:05.513] [bmv2] [T] [thread 2131] [18.0] [cxt 0] basic.p4(114) Condition "hdr.ipv4.isValid()" (node_2) is false
[17:04:05.513] [bmv2] [D] [thread 2131] [18.0] [cxt 0] Pipeline 'ingress': end
[17:04:05.514] [bmv2] [D] [thread 2131] [18.0] [cxt 0] Egress port is 0
[17:04:05.514] [bmv2] [D] [thread 2132] [18.0] [cxt 0] Pipeline 'egress': start
[17:04:05.515] [bmv2] [D] [thread 2132] [18.0] [cxt 0] Pipeline 'egress': end
[17:04:05.516] [bmv2] [D] [thread 2132] [18.0] [cxt 0] Deparser 'deparser': start
[17:04:05.516] [bmv2] [T] [thread 2132] [18.0] [cxt 0] Skipping checksum 'cksum' update because condition not met
[17:04:05.516] [bmv2] [D] [thread 2132] [18.0] [cxt 0] Deparsing header 'ethernet'
[17:04:05.516] [bmv2] [D] [thread 2132] [18.0] [cxt 0] Deparser 'deparser': end
[17:04:05.516] [bmv2] [D] [thread 2136] [18.0] [cxt 0] Transmitting packet of size 70 out of port 0
[17:04:52.607] [bmv2] [D] [thread 2131] [19.0] [cxt 0] Processing packet received on port 1
[17:04:52.607] [bmv2] [D] [thread 2131] [19.0] [cxt 0] Parser 'parser': start
[17:04:52.609] [bmv2] [D] [thread 2131] [19.0] [cxt 0] Parser 'parser' entering state 'start'
[17:04:52.609] [bmv2] [D] [thread 2131] [19.0] [cxt 0] Extracting header 'ethernet'
[17:04:52.609] [bmv2] [D] [thread 2131] [19.0] [cxt 0] Parser state 'start': key is 86dd
[17:04:52.609] [bmv2] [T] [thread 2131] [19.0] [cxt 0] Bytes parsed: 14
[17:04:52.609] [bmv2] [D] [thread 2131] [19.0] [cxt 0] Parser 'parser': end
[17:04:52.609] [bmv2] [D] [thread 2131] [19.0] [cxt 0] Pipeline 'ingress': start
[17:04:52.609] [bmv2] [T] [thread 2131] [19.0] [cxt 0] basic.p4(114) Condition "hdr.ipv4.isValid()" (node_2) is false
[17:04:52.610] [bmv2] [D] [thread 2131] [19.0] [cxt 0] Pipeline 'ingress': end
[17:04:52.610] [bmv2] [D] [thread 2131] [19.0] [cxt 0] Egress port is 0
[17:04:52.610] [bmv2] [D] [thread 2132] [19.0] [cxt 0] Pipeline 'egress': start
[17:04:52.610] [bmv2] [D] [thread 2132] [19.0] [cxt 0] Pipeline 'egress': end
[17:04:52.610] [bmv2] [D] [thread 2132] [19.0] [cxt 0] Deparser 'deparser': start
[17:04:52.610] [bmv2] [T] [thread 2132] [19.0] [cxt 0] Skipping checksum 'cksum' update because condition not met
[17:04:52.611] [bmv2] [D] [thread 2132] [19.0] [cxt 0] Deparsing header 'ethernet'
[17:04:52.612] [bmv2] [D] [thread 2132] [19.0] [cxt 0] Deparser 'deparser': end
[17:04:52.613] [bmv2] [D] [thread 2136] [19.0] [cxt 0] Transmitting packet of size 70 out of port 0
[17:05:04.898] [bmv2] [D] [thread 2131] [20.0] [cxt 0] Processing packet received on port 2
[17:05:04.898] [bmv2] [D] [thread 2131] [20.0] [cxt 0] Parser 'parser': start
[17:05:04.898] [bmv2] [D] [thread 2131] [20.0] [cxt 0] Parser 'parser' entering state 'start'
[17:05:04.899] [bmv2] [D] [thread 2131] [20.0] [cxt 0] Extracting header 'ethernet'
[17:05:04.899] [bmv2] [D] [thread 2131] [20.0] [cxt 0] Parser state 'start': key is 86dd
[17:05:04.899] [bmv2] [T] [thread 2131] [20.0] [cxt 0] Bytes parsed: 14
[17:05:04.901] [bmv2] [D] [thread 2131] [20.0] [cxt 0] Parser 'parser': end
[17:05:04.901] [bmv2] [D] [thread 2131] [20.0] [cxt 0] Pipeline 'ingress': start
[17:05:04.901] [bmv2] [T] [thread 2131] [20.0] [cxt 0] basic.p4(114) Condition "hdr.ipv4.isValid()" (node_2) is false
[17:05:04.902] [bmv2] [D] [thread 2131] [20.0] [cxt 0] Pipeline 'ingress': end
[17:05:04.903] [bmv2] [D] [thread 2131] [20.0] [cxt 0] Egress port is 0
[17:05:04.904] [bmv2] [D] [thread 2132] [20.0] [cxt 0] Pipeline 'egress': start
[17:05:04.904] [bmv2] [D] [thread 2132] [20.0] [cxt 0] Pipeline 'egress': end
[17:05:04.905] [bmv2] [D] [thread 2132] [20.0] [cxt 0] Deparser 'deparser': start
[17:05:04.905] [bmv2] [T] [thread 2132] [20.0] [cxt 0] Skipping checksum 'cksum' update because condition not met
[17:05:04.905] [bmv2] [D] [thread 2132] [20.0] [cxt 0] Deparsing header 'ethernet'
[17:05:04.905] [bmv2] [D] [thread 2132] [20.0] [cxt 0] Deparser 'deparser': end
[17:05:04.906] [bmv2] [D] [thread 2136] [20.0] [cxt 0] Transmitting packet of size 70 out of port 0
[17:05:08.990] [bmv2] [D] [thread 2131] [21.0] [cxt 0] Processing packet received on port 2
[17:05:08.991] [bmv2] [D] [thread 2131] [21.0] [cxt 0] Parser 'parser': start
[17:05:08.991] [bmv2] [D] [thread 2131] [21.0] [cxt 0] Parser 'parser' entering state 'start'
[17:05:08.991] [bmv2] [D] [thread 2131] [21.0] [cxt 0] Extracting header 'ethernet'
[17:05:08.991] [bmv2] [D] [thread 2131] [21.0] [cxt 0] Parser state 'start': key is 86dd
[17:05:08.991] [bmv2] [T] [thread 2131] [21.0] [cxt 0] Bytes parsed: 14
[17:05:08.991] [bmv2] [D] [thread 2131] [21.0] [cxt 0] Parser 'parser': end
[17:05:08.991] [bmv2] [D] [thread 2131] [21.0] [cxt 0] Pipeline 'ingress': start
[17:05:08.991] [bmv2] [T] [thread 2131] [21.0] [cxt 0] basic.p4(114) Condition "hdr.ipv4.isValid()" (node_2) is false
[17:05:08.993] [bmv2] [D] [thread 2131] [21.0] [cxt 0] Pipeline 'ingress': end
[17:05:08.993] [bmv2] [D] [thread 2131] [21.0] [cxt 0] Egress port is 0
[17:05:08.993] [bmv2] [D] [thread 2132] [21.0] [cxt 0] Pipeline 'egress': start
[17:05:08.994] [bmv2] [D] [thread 2132] [21.0] [cxt 0] Pipeline 'egress': end
[17:05:08.994] [bmv2] [D] [thread 2132] [21.0] [cxt 0] Deparser 'deparser': start
[17:05:08.994] [bmv2] [T] [thread 2132] [21.0] [cxt 0] Skipping checksum 'cksum' update because condition not met
[17:05:08.995] [bmv2] [D] [thread 2132] [21.0] [cxt 0] Deparsing header 'ethernet'
[17:05:08.996] [bmv2] [D] [thread 2132] [21.0] [cxt 0] Deparser 'deparser': end
[17:05:08.996] [bmv2] [D] [thread 2136] [21.0] [cxt 0] Transmitting packet of size 70 out of port 0
[17:05:11.042] [bmv2] [D] [thread 2131] [22.0] [cxt 0] Processing packet received on port 1
[17:05:11.043] [bmv2] [D] [thread 2131] [22.0] [cxt 0] Parser 'parser': start
[17:05:11.043] [bmv2] [D] [thread 2131] [22.0] [cxt 0] Parser 'parser' entering state 'start'
[17:05:11.043] [bmv2] [D] [thread 2131] [22.0] [cxt 0] Extracting header 'ethernet'
[17:05:11.043] [bmv2] [D] [thread 2131] [22.0] [cxt 0] Parser state 'start': key is 86dd
[17:05:11.045] [bmv2] [T] [thread 2131] [22.0] [cxt 0] Bytes parsed: 14
[17:05:11.045] [bmv2] [D] [thread 2131] [22.0] [cxt 0] Parser 'parser': end
[17:05:11.045] [bmv2] [D] [thread 2131] [22.0] [cxt 0] Pipeline 'ingress': start
[17:05:11.045] [bmv2] [T] [thread 2131] [22.0] [cxt 0] basic.p4(114) Condition "hdr.ipv4.isValid()" (node_2) is false
[17:05:11.045] [bmv2] [D] [thread 2131] [22.0] [cxt 0] Pipeline 'ingress': end
[17:05:11.045] [bmv2] [D] [thread 2131] [22.0] [cxt 0] Egress port is 0
[17:05:11.046] [bmv2] [D] [thread 2132] [22.0] [cxt 0] Pipeline 'egress': start
[17:05:11.046] [bmv2] [D] [thread 2132] [22.0] [cxt 0] Pipeline 'egress': end
[17:05:11.047] [bmv2] [D] [thread 2132] [22.0] [cxt 0] Deparser 'deparser': start
[17:05:11.047] [bmv2] [T] [thread 2132] [22.0] [cxt 0] Skipping checksum 'cksum' update because condition not met
[17:05:11.048] [bmv2] [D] [thread 2132] [22.0] [cxt 0] Deparsing header 'ethernet'
[17:05:11.048] [bmv2] [D] [thread 2132] [22.0] [cxt 0] Deparser 'deparser': end
[17:05:11.049] [bmv2] [D] [thread 2136] [22.0] [cxt 0] Transmitting packet of size 70 out of port 0
[17:06:47.298] [bmv2] [D] [thread 2131] [23.0] [cxt 0] Processing packet received on port 1
[17:06:47.298] [bmv2] [D] [thread 2131] [23.0] [cxt 0] Parser 'parser': start
[17:06:47.298] [bmv2] [D] [thread 2131] [23.0] [cxt 0] Parser 'parser' entering state 'start'
[17:06:47.298] [bmv2] [D] [thread 2131] [23.0] [cxt 0] Extracting header 'ethernet'
[17:06:47.299] [bmv2] [D] [thread 2131] [23.0] [cxt 0] Parser state 'start': key is 86dd
[17:06:47.300] [bmv2] [T] [thread 2131] [23.0] [cxt 0] Bytes parsed: 14
[17:06:47.301] [bmv2] [D] [thread 2131] [23.0] [cxt 0] Parser 'parser': end
[17:06:47.301] [bmv2] [D] [thread 2131] [23.0] [cxt 0] Pipeline 'ingress': start
[17:06:47.301] [bmv2] [T] [thread 2131] [23.0] [cxt 0] basic.p4(114) Condition "hdr.ipv4.isValid()" (node_2) is false
[17:06:47.301] [bmv2] [D] [thread 2131] [23.0] [cxt 0] Pipeline 'ingress': end
[17:06:47.302] [bmv2] [D] [thread 2131] [23.0] [cxt 0] Egress port is 0
[17:06:47.303] [bmv2] [D] [thread 2132] [23.0] [cxt 0] Pipeline 'egress': start
[17:06:47.303] [bmv2] [D] [thread 2132] [23.0] [cxt 0] Pipeline 'egress': end
[17:06:47.303] [bmv2] [D] [thread 2132] [23.0] [cxt 0] Deparser 'deparser': start
[17:06:47.303] [bmv2] [T] [thread 2132] [23.0] [cxt 0] Skipping checksum 'cksum' update because condition not met
[17:06:47.303] [bmv2] [D] [thread 2132] [23.0] [cxt 0] Deparsing header 'ethernet'
[17:06:47.303] [bmv2] [D] [thread 2132] [23.0] [cxt 0] Deparser 'deparser': end
[17:06:47.304] [bmv2] [D] [thread 2136] [23.0] [cxt 0] Transmitting packet of size 70 out of port 0
[17:07:13.929] [bmv2] [D] [thread 2131] [24.0] [cxt 0] Processing packet received on port 2
[17:07:13.929] [bmv2] [D] [thread 2131] [24.0] [cxt 0] Parser 'parser': start
[17:07:13.932] [bmv2] [D] [thread 2131] [24.0] [cxt 0] Parser 'parser' entering state 'start'
[17:07:13.933] [bmv2] [D] [thread 2131] [24.0] [cxt 0] Extracting header 'ethernet'
[17:07:13.933] [bmv2] [D] [thread 2131] [24.0] [cxt 0] Parser state 'start': key is 86dd
[17:07:13.936] [bmv2] [T] [thread 2131] [24.0] [cxt 0] Bytes parsed: 14
[17:07:13.936] [bmv2] [D] [thread 2131] [24.0] [cxt 0] Parser 'parser': end
[17:07:13.936] [bmv2] [D] [thread 2131] [24.0] [cxt 0] Pipeline 'ingress': start
[17:07:13.937] [bmv2] [T] [thread 2131] [24.0] [cxt 0] basic.p4(114) Condition "hdr.ipv4.isValid()" (node_2) is false
[17:07:13.937] [bmv2] [D] [thread 2131] [24.0] [cxt 0] Pipeline 'ingress': end
[17:07:13.938] [bmv2] [D] [thread 2131] [24.0] [cxt 0] Egress port is 0
[17:07:13.938] [bmv2] [D] [thread 2132] [24.0] [cxt 0] Pipeline 'egress': start
[17:07:13.939] [bmv2] [D] [thread 2132] [24.0] [cxt 0] Pipeline 'egress': end
[17:07:13.939] [bmv2] [D] [thread 2132] [24.0] [cxt 0] Deparser 'deparser': start
[17:07:13.939] [bmv2] [T] [thread 2132] [24.0] [cxt 0] Skipping checksum 'cksum' update because condition not met
[17:07:13.939] [bmv2] [D] [thread 2132] [24.0] [cxt 0] Deparsing header 'ethernet'
[17:07:13.940] [bmv2] [D] [thread 2132] [24.0] [cxt 0] Deparser 'deparser': end
[17:07:13.940] [bmv2] [D] [thread 2136] [24.0] [cxt 0] Transmitting packet of size 70 out of port 0
open: No such file or directory
open: No such file or directory
open: No such file or directory
open: No such file or directory
open: No such file or directory
open: No such file or directory
open: No such file or directory
open: No such file or directory
open: No such file or directory
